param_name: iterations
param_val: 100000

param_name: LEN_1D
param_val: 32000

param_name: LEN_2D
param_val: 256

CONTEXT
2 4 0 0 0 2
# e/i| P1   P2 |  1  
   1    1    0 -100000    ## P1-100000 >= 0
   1    0    1 -32000    ## P2-32000 >= 0
[zyj-debug] Before affine transformations
S1 "A = a;"
ndims: 1; orig_depth: 1
iterators: nl
Index set
Set #1
[3 dims; 3 constraints]
nl >= 0
-nl+8itera-1 >= 0
8itera-1 >= 0

T(S1): (0, nl, 0, 0, 0)
loop types (loop, loop, loop, scalar, scalar)

Read accesses
a[0]
Write accesses
A[0]
Original loop: 0 -> yes

S2 "B = b;"
ndims: 1; orig_depth: 1
iterators: nl
Index set
Set #1
[3 dims; 3 constraints]
nl >= 0
-nl+8itera-1 >= 0
8itera-1 >= 0

T(S2): (0, nl, 1, 0, 0)
loop types (loop, loop, loop, scalar, scalar)

Read accesses
b[0]
Write accesses
B[0]
Original loop: 0 -> yes

S3 "C = c;"
ndims: 1; orig_depth: 1
iterators: nl
Index set
Set #1
[3 dims; 3 constraints]
nl >= 0
-nl+8itera-1 >= 0
8itera-1 >= 0

T(S3): (0, nl, 2, 0, 0)
loop types (loop, loop, loop, scalar, scalar)

Read accesses
c[0]
Write accesses
C[0]
Original loop: 0 -> yes

S4 "*A = *B+*C;"
ndims: 2; orig_depth: 2
iterators: nl, i
Index set
Set #1
[4 dims; 6 constraints]
nl >= 0
-nl+8itera-1 >= 0
8itera-1 >= 0
i >= 0
-i+LEN_1-1 >= 0
LEN_1-1 >= 0

T(S4): (0, nl, 3, i, 0)
loop types (loop, loop, loop, loop, loop)

Read accesses
B[0]
C[0]
Write accesses
A[0]
Original loop: 0 -> yes
Original loop: 1 -> yes

S5 "A++;"
ndims: 2; orig_depth: 2
iterators: nl, i
Index set
Set #1
[4 dims; 6 constraints]
nl >= 0
-nl+8itera-1 >= 0
8itera-1 >= 0
i >= 0
-i+LEN_1-1 >= 0
LEN_1-1 >= 0

T(S5): (0, nl, 3, i, 1)
loop types (loop, loop, loop, loop, loop)

Read accesses
A[0]
Write accesses
A[0]
Original loop: 0 -> yes
Original loop: 1 -> yes

S6 "B++;"
ndims: 2; orig_depth: 2
iterators: nl, i
Index set
Set #1
[4 dims; 6 constraints]
nl >= 0
-nl+8itera-1 >= 0
8itera-1 >= 0
i >= 0
-i+LEN_1-1 >= 0
LEN_1-1 >= 0

T(S6): (0, nl, 3, i, 2)
loop types (loop, loop, loop, loop, loop)

Read accesses
B[0]
Write accesses
B[0]
Original loop: 0 -> yes
Original loop: 1 -> yes

S7 "C++;"
ndims: 2; orig_depth: 2
iterators: nl, i
Index set
Set #1
[4 dims; 6 constraints]
nl >= 0
-nl+8itera-1 >= 0
8itera-1 >= 0
i >= 0
-i+LEN_1-1 >= 0
LEN_1-1 >= 0

T(S7): (0, nl, 3, i, 3)
loop types (loop, loop, loop, loop, loop)

Read accesses
C[0]
Write accesses
C[0]
Original loop: 0 -> yes
Original loop: 1 -> yes

S8 "dummy(a, b, c, d, e, aa, bb, cc, 0.);"
ndims: 1; orig_depth: 1
iterators: nl
Index set
Set #1
[3 dims; 3 constraints]
nl >= 0
-nl+8itera-1 >= 0
8itera-1 >= 0

T(S8): (0, nl, 4, 0, 0)
loop types (loop, loop, loop, scalar, scalar)

Read accesses
a[0]
b[0]
c[0]
d[0]
e[0]
aa[0]
bb[0]
cc[0]
No write access
Original loop: 0 -> yes

--- Dep 1 from S4 to S5; satisfied: 0, sat level: -1; Type: RAW
on variable: A
Dependence polyhedron
Set #1
[6 dims; 9 constraints]
nl >= 0
i' >= 0
itera-100000 >= 0
i >= 0
-i+LEN_1-1 >= 0
LEN_1-32000 >= 0
-nl+nl'-1 >= 0
-nl'+8itera-1 >= 0
-i'+LEN_1-1 >= 0


--- Dep 2 from S4 to S5; satisfied: 0, sat level: -1; Type: RAW
on variable: A
Dependence polyhedron
Set #1
[6 dims; 8 constraints]
-nl+nl' = 0
nl >= 0
-nl+8itera-1 >= 0
itera-100000 >= 0
i >= 0
-i'+LEN_1-1 >= 0
LEN_1-32000 >= 0
-i+i' >= 0


--- Dep 3 from S7 to S4; satisfied: 0, sat level: -1; Type: RAW
on variable: C
Dependence polyhedron
Set #1
[6 dims; 9 constraints]
nl >= 0
i' >= 0
itera-100000 >= 0
i >= 0
-i+LEN_1-1 >= 0
LEN_1-32000 >= 0
-nl+nl'-1 >= 0
-nl'+8itera-1 >= 0
-i'+LEN_1-1 >= 0


--- Dep 4 from S7 to S4; satisfied: 0, sat level: -1; Type: RAW
on variable: C
Dependence polyhedron
Set #1
[6 dims; 8 constraints]
-nl+nl' = 0
nl >= 0
-nl+8itera-1 >= 0
itera-100000 >= 0
i >= 0
-i'+LEN_1-1 >= 0
LEN_1-32000 >= 0
-i+i'-1 >= 0


--- Dep 5 from S6 to S6; satisfied: 0, sat level: -1; Type: RAW
on variable: B
Dependence polyhedron
Set #1
[6 dims; 9 constraints]
nl >= 0
i' >= 0
itera-100000 >= 0
i >= 0
-i+LEN_1-1 >= 0
LEN_1-32000 >= 0
-nl+nl'-1 >= 0
-nl'+8itera-1 >= 0
-i'+LEN_1-1 >= 0


--- Dep 6 from S6 to S6; satisfied: 0, sat level: -1; Type: RAW
on variable: B
Dependence polyhedron
Set #1
[6 dims; 8 constraints]
-nl+nl' = 0
nl >= 0
-nl+8itera-1 >= 0
itera-100000 >= 0
i >= 0
-i'+LEN_1-1 >= 0
LEN_1-32000 >= 0
-i+i'-1 >= 0


--- Dep 7 from S7 to S7; satisfied: 0, sat level: -1; Type: RAW
on variable: C
Dependence polyhedron
Set #1
[6 dims; 9 constraints]
nl >= 0
i' >= 0
itera-100000 >= 0
i >= 0
-i+LEN_1-1 >= 0
LEN_1-32000 >= 0
-nl+nl'-1 >= 0
-nl'+8itera-1 >= 0
-i'+LEN_1-1 >= 0


--- Dep 8 from S7 to S7; satisfied: 0, sat level: -1; Type: RAW
on variable: C
Dependence polyhedron
Set #1
[6 dims; 8 constraints]
-nl+nl' = 0
nl >= 0
-nl+8itera-1 >= 0
itera-100000 >= 0
i >= 0
-i'+LEN_1-1 >= 0
LEN_1-32000 >= 0
-i+i'-1 >= 0


--- Dep 9 from S2 to S4; satisfied: 0, sat level: -1; Type: RAW
on variable: B
Dependence polyhedron
Set #1
[5 dims; 9 constraints]
nl >= 0
-nl+8itera-1 >= 0
itera-100000 >= 0
LEN_1-32000 >= 0
nl' >= 0
-nl'+8itera-1 >= 0
-i'+LEN_1-1 >= 0
i' >= 0
-nl+nl' >= 0


--- Dep 10 from S1 to S5; satisfied: 0, sat level: -1; Type: RAW
on variable: A
Dependence polyhedron
Set #1
[5 dims; 9 constraints]
nl >= 0
-nl+8itera-1 >= 0
itera-100000 >= 0
LEN_1-32000 >= 0
nl' >= 0
-nl'+8itera-1 >= 0
-i'+LEN_1-1 >= 0
i' >= 0
-nl+nl' >= 0


--- Dep 11 from S3 to S7; satisfied: 0, sat level: -1; Type: RAW
on variable: C
Dependence polyhedron
Set #1
[5 dims; 9 constraints]
nl >= 0
-nl+8itera-1 >= 0
itera-100000 >= 0
LEN_1-32000 >= 0
nl' >= 0
-nl'+8itera-1 >= 0
-i'+LEN_1-1 >= 0
i' >= 0
-nl+nl' >= 0


--- Dep 12 from S6 to S4; satisfied: 0, sat level: -1; Type: RAW
on variable: B
Dependence polyhedron
Set #1
[6 dims; 9 constraints]
nl >= 0
i' >= 0
itera-100000 >= 0
i >= 0
-i+LEN_1-1 >= 0
LEN_1-32000 >= 0
-nl+nl'-1 >= 0
-nl'+8itera-1 >= 0
-i'+LEN_1-1 >= 0


--- Dep 13 from S6 to S4; satisfied: 0, sat level: -1; Type: RAW
on variable: B
Dependence polyhedron
Set #1
[6 dims; 8 constraints]
-nl+nl' = 0
nl >= 0
-nl+8itera-1 >= 0
itera-100000 >= 0
i >= 0
-i'+LEN_1-1 >= 0
LEN_1-32000 >= 0
-i+i'-1 >= 0


--- Dep 14 from S3 to S4; satisfied: 0, sat level: -1; Type: RAW
on variable: C
Dependence polyhedron
Set #1
[5 dims; 9 constraints]
nl >= 0
-nl+8itera-1 >= 0
itera-100000 >= 0
LEN_1-32000 >= 0
nl' >= 0
-nl'+8itera-1 >= 0
-i'+LEN_1-1 >= 0
i' >= 0
-nl+nl' >= 0


--- Dep 15 from S2 to S6; satisfied: 0, sat level: -1; Type: RAW
on variable: B
Dependence polyhedron
Set #1
[5 dims; 9 constraints]
nl >= 0
-nl+8itera-1 >= 0
itera-100000 >= 0
LEN_1-32000 >= 0
nl' >= 0
-nl'+8itera-1 >= 0
-i'+LEN_1-1 >= 0
i' >= 0
-nl+nl' >= 0


--- Dep 16 from S5 to S5; satisfied: 0, sat level: -1; Type: RAW
on variable: A
Dependence polyhedron
Set #1
[6 dims; 9 constraints]
nl >= 0
i' >= 0
itera-100000 >= 0
i >= 0
-i+LEN_1-1 >= 0
LEN_1-32000 >= 0
-nl+nl'-1 >= 0
-nl'+8itera-1 >= 0
-i'+LEN_1-1 >= 0


--- Dep 17 from S5 to S5; satisfied: 0, sat level: -1; Type: RAW
on variable: A
Dependence polyhedron
Set #1
[6 dims; 8 constraints]
-nl+nl' = 0
nl >= 0
-nl+8itera-1 >= 0
itera-100000 >= 0
i >= 0
-i'+LEN_1-1 >= 0
LEN_1-32000 >= 0
-i+i'-1 >= 0


--- Dep 18 from S5 to S5; satisfied: 0, sat level: -1; Type: WAR
on variable: A
Dependence polyhedron
Set #1
[6 dims; 9 constraints]
nl >= 0
i' >= 0
itera-100000 >= 0
i >= 0
-i+LEN_1-1 >= 0
LEN_1-32000 >= 0
-nl+nl'-1 >= 0
-nl'+8itera-1 >= 0
-i'+LEN_1-1 >= 0


--- Dep 19 from S5 to S5; satisfied: 0, sat level: -1; Type: WAR
on variable: A
Dependence polyhedron
Set #1
[6 dims; 8 constraints]
-nl+nl' = 0
nl >= 0
-nl+8itera-1 >= 0
itera-100000 >= 0
i >= 0
-i'+LEN_1-1 >= 0
LEN_1-32000 >= 0
-i+i'-1 >= 0


--- Dep 20 from S4 to S6; satisfied: 0, sat level: -1; Type: WAR
on variable: B
Dependence polyhedron
Set #1
[6 dims; 9 constraints]
nl >= 0
i' >= 0
itera-100000 >= 0
i >= 0
-i+LEN_1-1 >= 0
LEN_1-32000 >= 0
-nl+nl'-1 >= 0
-nl'+8itera-1 >= 0
-i'+LEN_1-1 >= 0


--- Dep 21 from S4 to S6; satisfied: 0, sat level: -1; Type: WAR
on variable: B
Dependence polyhedron
Set #1
[6 dims; 8 constraints]
-nl+nl' = 0
nl >= 0
-nl+8itera-1 >= 0
itera-100000 >= 0
i >= 0
-i'+LEN_1-1 >= 0
LEN_1-32000 >= 0
-i+i' >= 0


--- Dep 22 from S6 to S2; satisfied: 0, sat level: -1; Type: WAR
on variable: B
Dependence polyhedron
Set #1
[5 dims; 9 constraints]
nl >= 0
-nl+8itera-1 >= 0
itera-100000 >= 0
i >= 0
-i+LEN_1-1 >= 0
LEN_1-32000 >= 0
nl' >= 0
-nl'+8itera-1 >= 0
-nl+nl'-1 >= 0


--- Dep 23 from S4 to S2; satisfied: 0, sat level: -1; Type: WAR
on variable: B
Dependence polyhedron
Set #1
[5 dims; 9 constraints]
nl >= 0
-nl+8itera-1 >= 0
itera-100000 >= 0
i >= 0
-i+LEN_1-1 >= 0
LEN_1-32000 >= 0
nl' >= 0
-nl'+8itera-1 >= 0
-nl+nl'-1 >= 0


--- Dep 24 from S5 to S4; satisfied: 0, sat level: -1; Type: WAR
on variable: A
Dependence polyhedron
Set #1
[6 dims; 9 constraints]
nl >= 0
i' >= 0
itera-100000 >= 0
i >= 0
-i+LEN_1-1 >= 0
LEN_1-32000 >= 0
-nl+nl'-1 >= 0
-nl'+8itera-1 >= 0
-i'+LEN_1-1 >= 0


--- Dep 25 from S5 to S4; satisfied: 0, sat level: -1; Type: WAR
on variable: A
Dependence polyhedron
Set #1
[6 dims; 8 constraints]
-nl+nl' = 0
nl >= 0
-nl+8itera-1 >= 0
itera-100000 >= 0
i >= 0
-i'+LEN_1-1 >= 0
LEN_1-32000 >= 0
-i+i'-1 >= 0


--- Dep 26 from S5 to S1; satisfied: 0, sat level: -1; Type: WAR
on variable: A
Dependence polyhedron
Set #1
[5 dims; 9 constraints]
nl >= 0
-nl+8itera-1 >= 0
itera-100000 >= 0
i >= 0
-i+LEN_1-1 >= 0
LEN_1-32000 >= 0
nl' >= 0
-nl'+8itera-1 >= 0
-nl+nl'-1 >= 0


--- Dep 27 from S7 to S7; satisfied: 0, sat level: -1; Type: WAR
on variable: C
Dependence polyhedron
Set #1
[6 dims; 9 constraints]
nl >= 0
i' >= 0
itera-100000 >= 0
i >= 0
-i+LEN_1-1 >= 0
LEN_1-32000 >= 0
-nl+nl'-1 >= 0
-nl'+8itera-1 >= 0
-i'+LEN_1-1 >= 0


--- Dep 28 from S7 to S7; satisfied: 0, sat level: -1; Type: WAR
on variable: C
Dependence polyhedron
Set #1
[6 dims; 8 constraints]
-nl+nl' = 0
nl >= 0
-nl+8itera-1 >= 0
itera-100000 >= 0
i >= 0
-i'+LEN_1-1 >= 0
LEN_1-32000 >= 0
-i+i'-1 >= 0


--- Dep 29 from S4 to S7; satisfied: 0, sat level: -1; Type: WAR
on variable: C
Dependence polyhedron
Set #1
[6 dims; 9 constraints]
nl >= 0
i' >= 0
itera-100000 >= 0
i >= 0
-i+LEN_1-1 >= 0
LEN_1-32000 >= 0
-nl+nl'-1 >= 0
-nl'+8itera-1 >= 0
-i'+LEN_1-1 >= 0


--- Dep 30 from S4 to S7; satisfied: 0, sat level: -1; Type: WAR
on variable: C
Dependence polyhedron
Set #1
[6 dims; 8 constraints]
-nl+nl' = 0
nl >= 0
-nl+8itera-1 >= 0
itera-100000 >= 0
i >= 0
-i'+LEN_1-1 >= 0
LEN_1-32000 >= 0
-i+i' >= 0


--- Dep 31 from S6 to S6; satisfied: 0, sat level: -1; Type: WAR
on variable: B
Dependence polyhedron
Set #1
[6 dims; 9 constraints]
nl >= 0
i' >= 0
itera-100000 >= 0
i >= 0
-i+LEN_1-1 >= 0
LEN_1-32000 >= 0
-nl+nl'-1 >= 0
-nl'+8itera-1 >= 0
-i'+LEN_1-1 >= 0


--- Dep 32 from S6 to S6; satisfied: 0, sat level: -1; Type: WAR
on variable: B
Dependence polyhedron
Set #1
[6 dims; 8 constraints]
-nl+nl' = 0
nl >= 0
-nl+8itera-1 >= 0
itera-100000 >= 0
i >= 0
-i'+LEN_1-1 >= 0
LEN_1-32000 >= 0
-i+i'-1 >= 0


--- Dep 33 from S7 to S3; satisfied: 0, sat level: -1; Type: WAR
on variable: C
Dependence polyhedron
Set #1
[5 dims; 9 constraints]
nl >= 0
-nl+8itera-1 >= 0
itera-100000 >= 0
i >= 0
-i+LEN_1-1 >= 0
LEN_1-32000 >= 0
nl' >= 0
-nl'+8itera-1 >= 0
-nl+nl'-1 >= 0


--- Dep 34 from S4 to S3; satisfied: 0, sat level: -1; Type: WAR
on variable: C
Dependence polyhedron
Set #1
[5 dims; 9 constraints]
nl >= 0
-nl+8itera-1 >= 0
itera-100000 >= 0
i >= 0
-i+LEN_1-1 >= 0
LEN_1-32000 >= 0
nl' >= 0
-nl'+8itera-1 >= 0
-nl+nl'-1 >= 0


--- Dep 35 from S1 to S5; satisfied: 0, sat level: -1; Type: WAW
on variable: A
Dependence polyhedron
Set #1
[5 dims; 9 constraints]
nl >= 0
-nl+8itera-1 >= 0
itera-100000 >= 0
LEN_1-32000 >= 0
nl' >= 0
-nl'+8itera-1 >= 0
-i'+LEN_1-1 >= 0
i' >= 0
-nl+nl' >= 0


--- Dep 36 from S5 to S1; satisfied: 0, sat level: -1; Type: WAW
on variable: A
Dependence polyhedron
Set #1
[5 dims; 9 constraints]
nl >= 0
-nl+8itera-1 >= 0
itera-100000 >= 0
i >= 0
-i+LEN_1-1 >= 0
LEN_1-32000 >= 0
nl' >= 0
-nl'+8itera-1 >= 0
-nl+nl'-1 >= 0


--- Dep 37 from S3 to S7; satisfied: 0, sat level: -1; Type: WAW
on variable: C
Dependence polyhedron
Set #1
[5 dims; 9 constraints]
nl >= 0
-nl+8itera-1 >= 0
itera-100000 >= 0
LEN_1-32000 >= 0
nl' >= 0
-nl'+8itera-1 >= 0
-i'+LEN_1-1 >= 0
i' >= 0
-nl+nl' >= 0


--- Dep 38 from S7 to S7; satisfied: 0, sat level: -1; Type: WAW
on variable: C
Dependence polyhedron
Set #1
[6 dims; 9 constraints]
nl >= 0
i' >= 0
itera-100000 >= 0
i >= 0
-i+LEN_1-1 >= 0
LEN_1-32000 >= 0
-nl+nl'-1 >= 0
-nl'+8itera-1 >= 0
-i'+LEN_1-1 >= 0


--- Dep 39 from S7 to S7; satisfied: 0, sat level: -1; Type: WAW
on variable: C
Dependence polyhedron
Set #1
[6 dims; 8 constraints]
-nl+nl' = 0
nl >= 0
-nl+8itera-1 >= 0
itera-100000 >= 0
i >= 0
-i'+LEN_1-1 >= 0
LEN_1-32000 >= 0
-i+i'-1 >= 0


--- Dep 40 from S6 to S2; satisfied: 0, sat level: -1; Type: WAW
on variable: B
Dependence polyhedron
Set #1
[5 dims; 9 constraints]
nl >= 0
-nl+8itera-1 >= 0
itera-100000 >= 0
i >= 0
-i+LEN_1-1 >= 0
LEN_1-32000 >= 0
nl' >= 0
-nl'+8itera-1 >= 0
-nl+nl'-1 >= 0


--- Dep 41 from S4 to S4; satisfied: 0, sat level: -1; Type: WAW
on variable: A
Dependence polyhedron
Set #1
[6 dims; 9 constraints]
nl >= 0
i' >= 0
itera-100000 >= 0
i >= 0
-i+LEN_1-1 >= 0
LEN_1-32000 >= 0
-nl+nl'-1 >= 0
-nl'+8itera-1 >= 0
-i'+LEN_1-1 >= 0


--- Dep 42 from S4 to S4; satisfied: 0, sat level: -1; Type: WAW
on variable: A
Dependence polyhedron
Set #1
[6 dims; 8 constraints]
-nl+nl' = 0
nl >= 0
-nl+8itera-1 >= 0
itera-100000 >= 0
i >= 0
-i'+LEN_1-1 >= 0
LEN_1-32000 >= 0
-i+i'-1 >= 0


--- Dep 43 from S1 to S1; satisfied: 0, sat level: -1; Type: WAW
on variable: A
Dependence polyhedron
Set #1
[4 dims; 7 constraints]
nl >= 0
-nl+8itera-1 >= 0
itera-100000 >= 0
LEN_1-32000 >= 0
nl' >= 0
-nl'+8itera-1 >= 0
-nl+nl'-1 >= 0


--- Dep 44 from S2 to S2; satisfied: 0, sat level: -1; Type: WAW
on variable: B
Dependence polyhedron
Set #1
[4 dims; 7 constraints]
nl >= 0
-nl+8itera-1 >= 0
itera-100000 >= 0
LEN_1-32000 >= 0
nl' >= 0
-nl'+8itera-1 >= 0
-nl+nl'-1 >= 0


--- Dep 45 from S2 to S6; satisfied: 0, sat level: -1; Type: WAW
on variable: B
Dependence polyhedron
Set #1
[5 dims; 9 constraints]
nl >= 0
-nl+8itera-1 >= 0
itera-100000 >= 0
LEN_1-32000 >= 0
nl' >= 0
-nl'+8itera-1 >= 0
-i'+LEN_1-1 >= 0
i' >= 0
-nl+nl' >= 0


--- Dep 46 from S5 to S4; satisfied: 0, sat level: -1; Type: WAW
on variable: A
Dependence polyhedron
Set #1
[6 dims; 9 constraints]
nl >= 0
i' >= 0
itera-100000 >= 0
i >= 0
-i+LEN_1-1 >= 0
LEN_1-32000 >= 0
-nl+nl'-1 >= 0
-nl'+8itera-1 >= 0
-i'+LEN_1-1 >= 0


--- Dep 47 from S5 to S4; satisfied: 0, sat level: -1; Type: WAW
on variable: A
Dependence polyhedron
Set #1
[6 dims; 8 constraints]
-nl+nl' = 0
nl >= 0
-nl+8itera-1 >= 0
itera-100000 >= 0
i >= 0
-i'+LEN_1-1 >= 0
LEN_1-32000 >= 0
-i+i'-1 >= 0


--- Dep 48 from S1 to S4; satisfied: 0, sat level: -1; Type: WAW
on variable: A
Dependence polyhedron
Set #1
[5 dims; 9 constraints]
nl >= 0
-nl+8itera-1 >= 0
itera-100000 >= 0
LEN_1-32000 >= 0
nl' >= 0
-nl'+8itera-1 >= 0
-i'+LEN_1-1 >= 0
i' >= 0
-nl+nl' >= 0


--- Dep 49 from S4 to S5; satisfied: 0, sat level: -1; Type: WAW
on variable: A
Dependence polyhedron
Set #1
[6 dims; 9 constraints]
nl >= 0
i' >= 0
itera-100000 >= 0
i >= 0
-i+LEN_1-1 >= 0
LEN_1-32000 >= 0
-nl+nl'-1 >= 0
-nl'+8itera-1 >= 0
-i'+LEN_1-1 >= 0


--- Dep 50 from S4 to S5; satisfied: 0, sat level: -1; Type: WAW
on variable: A
Dependence polyhedron
Set #1
[6 dims; 8 constraints]
-nl+nl' = 0
nl >= 0
-nl+8itera-1 >= 0
itera-100000 >= 0
i >= 0
-i'+LEN_1-1 >= 0
LEN_1-32000 >= 0
-i+i' >= 0


--- Dep 51 from S7 to S3; satisfied: 0, sat level: -1; Type: WAW
on variable: C
Dependence polyhedron
Set #1
[5 dims; 9 constraints]
nl >= 0
-nl+8itera-1 >= 0
itera-100000 >= 0
i >= 0
-i+LEN_1-1 >= 0
LEN_1-32000 >= 0
nl' >= 0
-nl'+8itera-1 >= 0
-nl+nl'-1 >= 0


--- Dep 52 from S6 to S6; satisfied: 0, sat level: -1; Type: WAW
on variable: B
Dependence polyhedron
Set #1
[6 dims; 9 constraints]
nl >= 0
i' >= 0
itera-100000 >= 0
i >= 0
-i+LEN_1-1 >= 0
LEN_1-32000 >= 0
-nl+nl'-1 >= 0
-nl'+8itera-1 >= 0
-i'+LEN_1-1 >= 0


--- Dep 53 from S6 to S6; satisfied: 0, sat level: -1; Type: WAW
on variable: B
Dependence polyhedron
Set #1
[6 dims; 8 constraints]
-nl+nl' = 0
nl >= 0
-nl+8itera-1 >= 0
itera-100000 >= 0
i >= 0
-i'+LEN_1-1 >= 0
LEN_1-32000 >= 0
-i+i'-1 >= 0


--- Dep 54 from S5 to S5; satisfied: 0, sat level: -1; Type: WAW
on variable: A
Dependence polyhedron
Set #1
[6 dims; 9 constraints]
nl >= 0
i' >= 0
itera-100000 >= 0
i >= 0
-i+LEN_1-1 >= 0
LEN_1-32000 >= 0
-nl+nl'-1 >= 0
-nl'+8itera-1 >= 0
-i'+LEN_1-1 >= 0


--- Dep 55 from S5 to S5; satisfied: 0, sat level: -1; Type: WAW
on variable: A
Dependence polyhedron
Set #1
[6 dims; 8 constraints]
-nl+nl' = 0
nl >= 0
-nl+8itera-1 >= 0
itera-100000 >= 0
i >= 0
-i'+LEN_1-1 >= 0
LEN_1-32000 >= 0
-i+i'-1 >= 0


--- Dep 56 from S4 to S1; satisfied: 0, sat level: -1; Type: WAW
on variable: A
Dependence polyhedron
Set #1
[5 dims; 9 constraints]
nl >= 0
-nl+8itera-1 >= 0
itera-100000 >= 0
i >= 0
-i+LEN_1-1 >= 0
LEN_1-32000 >= 0
nl' >= 0
-nl'+8itera-1 >= 0
-nl+nl'-1 >= 0


--- Dep 57 from S3 to S3; satisfied: 0, sat level: -1; Type: WAW
on variable: C
Dependence polyhedron
Set #1
[4 dims; 7 constraints]
nl >= 0
-nl+8itera-1 >= 0
itera-100000 >= 0
LEN_1-32000 >= 0
nl' >= 0
-nl'+8itera-1 >= 0
-nl+nl'-1 >= 0


[zyj-debug] After affine transformations
T(S1): (nl, 0, 3)
loop types (loop, scalar, scalar)

T(S2): (nl, 0, 2)
loop types (loop, scalar, scalar)

T(S3): (nl, 0, 1)
loop types (loop, scalar, scalar)

T(S4): (nl, i, 4)
loop types (loop, loop, scalar)

T(S5): (nl, i, 7)
loop types (loop, loop, scalar)

T(S6): (nl, i, 6)
loop types (loop, loop, scalar)

T(S7): (nl, i, 5)
loop types (loop, loop, scalar)

T(S8): (nl, 0, 0)
loop types (loop, scalar, scalar)

t1 --> serial   loop   (band 0)no-ujam
t2 --> serial   loop   (band 1)no-ujam
t3 --> fwd_dep  scalar (band 2)no-ujam

