param_name: iterations
param_val: 100000

param_name: LEN_1D
param_val: 32000

param_name: LEN_2D
param_val: 256

CONTEXT
1 3 0 0 0 1
# e/i| P1 |  1  
   1    1 -100000    ## P1-100000 >= 0
[zyj-debug] Before affine transformations
S1 "s151s(a, b, 1);"
ndims: 1; orig_depth: 1
iterators: nl
Index set
Set #1
[2 dims; 3 constraints]
nl >= 0
-nl+5itera-1 >= 0
5itera-1 >= 0

T(S1): (0, nl, 0)
loop types (loop, loop, loop)

Read accesses
a[0]
b[0]
No write access
Original loop: 0 -> yes

S2 "dummy(a, b, c, d, e, aa, bb, cc, 0.);"
ndims: 1; orig_depth: 1
iterators: nl
Index set
Set #1
[2 dims; 3 constraints]
nl >= 0
-nl+5itera-1 >= 0
5itera-1 >= 0

T(S2): (0, nl, 1)
loop types (loop, loop, loop)

Read accesses
a[0]
b[0]
c[0]
d[0]
e[0]
aa[0]
bb[0]
cc[0]
No write access
Original loop: 0 -> yes

** No dependences **

[zyj-debug] After affine transformations
T(S1): (zT1, nl)
loop types (loop, loop)

T(S2): (zT1, nl)
loop types (loop, loop)

t1 --> parallel loop   (band 0)no-ujam
t2 --> parallel loop   (band 0)no-ujam

