param_name: iterations
param_val: 100000

param_name: LEN_1D
param_val: 32000

param_name: LEN_2D
param_val: 256

CONTEXT
2 5 0 0 0 3
# e/i| P1   P2   P3 |  1  
   1    1    0    0 -100000    ## P1-100000 >= 0
   1    0    1    0 -32000    ## P2-32000 >= 0
[zyj-debug] Before affine transformations
S1 "a[i] += b[i+m-j-1] * c[j];"
ndims: 3; orig_depth: 3
iterators: nl, j, i
Index set
Set #1
[6 dims; 9 constraints]
nl >= 0
-nl+4itera-1 >= 0
4itera-1 >= 0
j >= 0
-j+LEN_1-1 >= 0
LEN_1-1 >= 0
i >= 0
-i+m-1 >= 0
m-1 >= 0

T(S1): (0, nl, 0, j, 0, i, 0)
loop types (loop, loop, loop, loop, loop, loop, loop)

Read accesses
a[i]
b[-j+i+m-1]
c[j]
Write accesses
a[i]
Original loop: 0 -> yes
Original loop: 1 -> yes
Original loop: 2 -> yes

S2 "dummy(a, b, c, d, e, aa, bb, cc, 0.);"
ndims: 1; orig_depth: 1
iterators: nl
Index set
Set #1
[4 dims; 3 constraints]
nl >= 0
-nl+4itera-1 >= 0
4itera-1 >= 0

T(S2): (0, nl, 1, 0, 0, 0, 0)
loop types (loop, loop, loop, scalar, scalar, scalar, scalar)

Read accesses
a[0]
b[0]
c[0]
d[0]
e[0]
aa[0]
bb[0]
cc[0]
No write access
Original loop: 0 -> yes

--- Dep 1 from S1 to S2; satisfied: 0, sat level: -1; Type: RAW
on variable: a
Dependence polyhedron
Set #1
[7 dims; 11 constraints]
i = 0
nl >= 0
-nl+4itera-1 >= 0
itera-100000 >= 0
j >= 0
-j+LEN_1-1 >= 0
LEN_1-32000 >= 0
nl' >= 0
m-1 >= 0
-nl'+4itera-1 >= 0
-nl+nl' >= 0


--- Dep 2 from S1 to S1; satisfied: 0, sat level: -1; Type: RAW
on variable: a
Dependence polyhedron
Set #1
[9 dims; 12 constraints]
-i+i' = 0
nl >= 0
-j'+LEN_1-1 >= 0
itera-100000 >= 0
j >= 0
-j+LEN_1-1 >= 0
LEN_1-32000 >= 0
i >= 0
-i+m-1 >= 0
j' >= 0
-nl+nl'-1 >= 0
-nl'+4itera-1 >= 0


--- Dep 3 from S1 to S1; satisfied: 0, sat level: -1; Type: RAW
on variable: a
Dependence polyhedron
Set #1
[9 dims; 11 constraints]
-i+i' = 0
-nl+nl' = 0
nl >= 0
-nl+4itera-1 >= 0
itera-100000 >= 0
j >= 0
-j+j'-1 >= 0
LEN_1-32000 >= 0
i >= 0
-i+m-1 >= 0
-j'+LEN_1-1 >= 0


--- Dep 4 from S2 to S1; satisfied: 0, sat level: -1; Type: WAR
on variable: a
Dependence polyhedron
Set #1
[7 dims; 11 constraints]
i' = 0
nl >= 0
-nl+4itera-1 >= 0
itera-100000 >= 0
LEN_1-32000 >= 0
nl' >= 0
-nl'+4itera-1 >= 0
m-1 >= 0
j' >= 0
-j'+LEN_1-1 >= 0
-nl+nl'-1 >= 0


--- Dep 5 from S1 to S1; satisfied: 0, sat level: -1; Type: WAR
on variable: a
Dependence polyhedron
Set #1
[9 dims; 12 constraints]
-i+i' = 0
nl >= 0
-j'+LEN_1-1 >= 0
itera-100000 >= 0
j >= 0
-j+LEN_1-1 >= 0
LEN_1-32000 >= 0
i >= 0
-i+m-1 >= 0
j' >= 0
-nl+nl'-1 >= 0
-nl'+4itera-1 >= 0


--- Dep 6 from S1 to S1; satisfied: 0, sat level: -1; Type: WAR
on variable: a
Dependence polyhedron
Set #1
[9 dims; 11 constraints]
-i+i' = 0
-nl+nl' = 0
nl >= 0
-nl+4itera-1 >= 0
itera-100000 >= 0
j >= 0
-j+j'-1 >= 0
LEN_1-32000 >= 0
i >= 0
-i+m-1 >= 0
-j'+LEN_1-1 >= 0


--- Dep 7 from S1 to S1; satisfied: 0, sat level: -1; Type: WAW
on variable: a
Dependence polyhedron
Set #1
[9 dims; 12 constraints]
-i+i' = 0
nl >= 0
-j'+LEN_1-1 >= 0
itera-100000 >= 0
j >= 0
-j+LEN_1-1 >= 0
LEN_1-32000 >= 0
i >= 0
-i+m-1 >= 0
j' >= 0
-nl+nl'-1 >= 0
-nl'+4itera-1 >= 0


--- Dep 8 from S1 to S1; satisfied: 0, sat level: -1; Type: WAW
on variable: a
Dependence polyhedron
Set #1
[9 dims; 11 constraints]
-i+i' = 0
-nl+nl' = 0
nl >= 0
-nl+4itera-1 >= 0
itera-100000 >= 0
j >= 0
-j+j'-1 >= 0
LEN_1-32000 >= 0
i >= 0
-i+m-1 >= 0
-j'+LEN_1-1 >= 0


[zyj-debug] After affine transformations
T(S1): (zT3, zT4, nl, i, 0, j)
loop types (loop, loop, loop, loop, scalar, loop)

T(S2): (zT1, 0, nl, 0, 1, 0)
loop types (loop, scalar, loop, scalar, scalar, scalar)

t1 --> fwd_dep  loop   (band 0)no-ujam
t2 --> parallel loop   (band 0)no-ujam
t3 --> fwd_dep  loop   (band 0)no-ujam
t4 --> parallel loop   (band 0)no-ujam
t5 --> fwd_dep  scalar (band 1)no-ujam
t6 --> serial   loop   (band 1)no-ujam

Warning: parallel poly loop not found in AST
