param_name: iterations
param_val: 100000

param_name: LEN_1D
param_val: 32000

param_name: LEN_2D
param_val: 256

CONTEXT
2 4 0 0 0 2
# e/i| P1   P2 |  1  
   1    1    0 -100000    ## P1-100000 >= 0
   1    0    1 -256    ## P2-256 >= 0
[zyj-debug] Before affine transformations
S1 "a[i] += b[i] * c[i];"
ndims: 2; orig_depth: 2
iterators: nl, i
Index set
Set #1
[4 dims; 6 constraints]
nl >= 0
-nl+200itera-1 >= 0
200itera-1 >= 0
i >= 0
-i+LEN_2-1 >= 0
LEN_2-1 >= 0

T(S1): (0, nl, 0, i, 0, 0, 0)
loop types (loop, loop, loop, loop, loop, scalar, scalar)

Read accesses
a[i]
b[i]
c[i]
Write accesses
a[i]
Original loop: 0 -> yes
Original loop: 1 -> yes

S2 "aa[j][i] = aa[j-1][i] + bb[j][i] * a[i];"
ndims: 3; orig_depth: 3
iterators: nl, i, j
Index set
Set #1
[5 dims; 9 constraints]
nl >= 0
-nl+200itera-1 >= 0
200itera-1 >= 0
i >= 0
-i+LEN_2-1 >= 0
LEN_2-1 >= 0
j-1 >= 0
-j+LEN_2-1 >= 0
LEN_2-2 >= 0

T(S2): (0, nl, 0, i, 1, j, 0)
loop types (loop, loop, loop, loop, loop, loop, loop)

Read accesses
aa[j-1][i]
bb[j][i]
a[i]
Write accesses
aa[j][i]
Original loop: 0 -> yes
Original loop: 1 -> yes
Original loop: 2 -> yes

S3 "dummy(a, b, c, d, e, aa, bb, cc, 0.);"
ndims: 1; orig_depth: 1
iterators: nl
Index set
Set #1
[3 dims; 3 constraints]
nl >= 0
-nl+200itera-1 >= 0
200itera-1 >= 0

T(S3): (0, nl, 1, 0, 0, 0, 0)
loop types (loop, loop, loop, scalar, scalar, scalar, scalar)

Read accesses
a[0]
b[0]
c[0]
d[0]
e[0]
aa[0]
bb[0]
cc[0]
No write access
Original loop: 0 -> yes

--- Dep 1 from S1 to S1; satisfied: 0, sat level: -1; Type: RAW
on variable: a
Dependence polyhedron
Set #1
[6 dims; 10 constraints]
-i+i' = 0
nl >= 0
-nl+200itera-1 >= 0
itera-100000 >= 0
i >= 0
-i+LEN_2-1 >= 0
LEN_2-256 >= 0
nl' >= 0
-nl'+200itera-1 >= 0
-nl+nl'-1 >= 0


--- Dep 2 from S1 to S3; satisfied: 0, sat level: -1; Type: RAW
on variable: a
Dependence polyhedron
Set #1
[5 dims; 8 constraints]
i = 0
nl >= 0
-nl+200itera-1 >= 0
itera-100000 >= 0
nl' >= 0
LEN_2-256 >= 0
-nl'+200itera-1 >= 0
-nl+nl' >= 0


--- Dep 3 from S1 to S2; satisfied: 0, sat level: -1; Type: RAW
on variable: a
Dependence polyhedron
Set #1
[7 dims; 10 constraints]
-i+i' = 0
nl >= 0
j'-1 >= 0
itera-100000 >= 0
i >= 0
-i+LEN_2-1 >= 0
LEN_2-256 >= 0
-nl+nl' >= 0
-nl'+200itera-1 >= 0
-j'+LEN_2-1 >= 0


--- Dep 4 from S2 to S2; satisfied: 0, sat level: -1; Type: RAW
on variable: aa
Dependence polyhedron
Set #1
[8 dims; 11 constraints]
-j+j'-1 = 0
-i+i' = 0
nl >= 0
-nl'+200itera-1 >= 0
itera-100000 >= 0
i >= 0
-i+LEN_2-1 >= 0
LEN_2-256 >= 0
j-1 >= 0
-j+LEN_2-2 >= 0
-nl+nl' >= 0


--- Dep 5 from S3 to S1; satisfied: 0, sat level: -1; Type: WAR
on variable: a
Dependence polyhedron
Set #1
[5 dims; 8 constraints]
i' = 0
nl >= 0
-nl+200itera-1 >= 0
itera-100000 >= 0
LEN_2-256 >= 0
nl' >= 0
-nl'+200itera-1 >= 0
-nl+nl'-1 >= 0


--- Dep 6 from S2 to S2; satisfied: 0, sat level: -1; Type: WAR
on variable: aa
Dependence polyhedron
Set #1
[8 dims; 13 constraints]
-j+j'+1 = 0
-i+i' = 0
nl >= 0
-nl+200itera-1 >= 0
itera-100000 >= 0
i >= 0
-i+LEN_2-1 >= 0
LEN_2-256 >= 0
j-2 >= 0
-j+LEN_2-1 >= 0
nl' >= 0
-nl'+200itera-1 >= 0
-nl+nl'-1 >= 0


--- Dep 7 from S2 to S1; satisfied: 0, sat level: -1; Type: WAR
on variable: a
Dependence polyhedron
Set #1
[7 dims; 12 constraints]
-i+i' = 0
nl >= 0
-nl+200itera-1 >= 0
itera-100000 >= 0
i >= 0
-i+LEN_2-1 >= 0
LEN_2-256 >= 0
j-1 >= 0
-j+LEN_2-1 >= 0
nl' >= 0
-nl'+200itera-1 >= 0
-nl+nl'-1 >= 0


--- Dep 8 from S1 to S1; satisfied: 0, sat level: -1; Type: WAR
on variable: a
Dependence polyhedron
Set #1
[6 dims; 10 constraints]
-i+i' = 0
nl >= 0
-nl+200itera-1 >= 0
itera-100000 >= 0
i >= 0
-i+LEN_2-1 >= 0
LEN_2-256 >= 0
nl' >= 0
-nl'+200itera-1 >= 0
-nl+nl'-1 >= 0


--- Dep 9 from S1 to S1; satisfied: 0, sat level: -1; Type: WAW
on variable: a
Dependence polyhedron
Set #1
[6 dims; 10 constraints]
-i+i' = 0
nl >= 0
-nl+200itera-1 >= 0
itera-100000 >= 0
i >= 0
-i+LEN_2-1 >= 0
LEN_2-256 >= 0
nl' >= 0
-nl'+200itera-1 >= 0
-nl+nl'-1 >= 0


--- Dep 10 from S2 to S2; satisfied: 0, sat level: -1; Type: WAW
on variable: aa
Dependence polyhedron
Set #1
[8 dims; 13 constraints]
-j+j' = 0
-i+i' = 0
nl >= 0
-nl+200itera-1 >= 0
itera-100000 >= 0
i >= 0
-i+LEN_2-1 >= 0
LEN_2-256 >= 0
j-1 >= 0
-j+LEN_2-1 >= 0
nl' >= 0
-nl'+200itera-1 >= 0
-nl+nl'-1 >= 0


[zyj-debug] After affine transformations
T(S1): (zT2, zT3, nl, i, 0, 1)
loop types (loop, loop, loop, loop, scalar, scalar)

T(S2): (zT3, zT4, nl, i, j, 0)
loop types (loop, loop, loop, loop, loop, scalar)

T(S3): (zT1, 0, nl, 0, 0, 2)
loop types (loop, scalar, loop, scalar, scalar, scalar)

t1 --> fwd_dep  loop   (band 0)no-ujam
t2 --> parallel loop   (band 0)no-ujam
t3 --> fwd_dep  loop   (band 0)no-ujam
t4 --> parallel loop   (band 0)no-ujam
t5 --> serial   loop   (band 1)no-ujam
t6 --> fwd_dep  scalar (band 2)no-ujam

Warning: parallel poly loop not found in AST
