param_name: iterations
param_val: 100000

param_name: LEN_1D
param_val: 32000

param_name: LEN_2D
param_val: 256

CONTEXT
2 4 0 0 0 2
# e/i| P1   P2 |  1  
   1    1    0 -100000    ## P1-100000 >= 0
   1    0    1 -32000    ## P2-32000 >= 0
[zyj-debug] Before affine transformations
S1 "sum = 0.0;"
ndims: 1; orig_depth: 1
iterators: nl
Index set
Set #1
[3 dims; 3 constraints]
nl >= 0
-nl+itera-1 >= 0
itera-1 >= 0

T(S1): (0, nl, 0, 0, 0)
loop types (loop, loop, loop, scalar, scalar)

No Read accesses
Write accesses
sum[0]
Original loop: 0 -> yes

S2 "sum += a[i];"
ndims: 2; orig_depth: 2
iterators: nl, i
Index set
Set #1
[4 dims; 6 constraints]
nl >= 0
-nl+itera-1 >= 0
itera-1 >= 0
i >= 0
-i+LEN_1-1 >= 0
LEN_1-1 >= 0

T(S2): (0, nl, 1, i, 0)
loop types (loop, loop, loop, loop, loop)

Read accesses
sum[0]
a[i]
Write accesses
sum[0]
Original loop: 0 -> yes
Original loop: 1 -> yes

S3 "b[i] = sum;"
ndims: 2; orig_depth: 2
iterators: nl, i
Index set
Set #1
[4 dims; 6 constraints]
nl >= 0
-nl+itera-1 >= 0
itera-1 >= 0
i >= 0
-i+LEN_1-1 >= 0
LEN_1-1 >= 0

T(S3): (0, nl, 1, i, 1)
loop types (loop, loop, loop, loop, loop)

Read accesses
sum[0]
Write accesses
b[i]
Original loop: 0 -> yes
Original loop: 1 -> yes

S4 "dummy(a, b, c, d, e, aa, bb, cc, sum);"
ndims: 1; orig_depth: 1
iterators: nl
Index set
Set #1
[3 dims; 3 constraints]
nl >= 0
-nl+itera-1 >= 0
itera-1 >= 0

T(S4): (0, nl, 2, 0, 0)
loop types (loop, loop, loop, scalar, scalar)

Read accesses
a[0]
b[0]
c[0]
d[0]
e[0]
aa[0]
bb[0]
cc[0]
sum[0]
No write access
Original loop: 0 -> yes

--- Dep 1 from S1 to S2; satisfied: 0, sat level: -1; Type: RAW
on variable: sum
Dependence polyhedron
Set #1
[5 dims; 9 constraints]
nl >= 0
-nl+itera-1 >= 0
itera-100000 >= 0
LEN_1-32000 >= 0
nl' >= 0
-nl'+itera-1 >= 0
-i'+LEN_1-1 >= 0
i' >= 0
-nl+nl' >= 0


--- Dep 2 from S1 to S4; satisfied: 0, sat level: -1; Type: RAW
on variable: sum
Dependence polyhedron
Set #1
[4 dims; 7 constraints]
nl >= 0
-nl+itera-1 >= 0
itera-100000 >= 0
LEN_1-32000 >= 0
nl' >= 0
-nl'+itera-1 >= 0
-nl+nl' >= 0


--- Dep 3 from S1 to S3; satisfied: 0, sat level: -1; Type: RAW
on variable: sum
Dependence polyhedron
Set #1
[5 dims; 9 constraints]
nl >= 0
-nl+itera-1 >= 0
itera-100000 >= 0
LEN_1-32000 >= 0
nl' >= 0
-nl'+itera-1 >= 0
-i'+LEN_1-1 >= 0
i' >= 0
-nl+nl' >= 0


--- Dep 4 from S2 to S2; satisfied: 0, sat level: -1; Type: RAW
on variable: sum
Dependence polyhedron
Set #1
[6 dims; 9 constraints]
nl >= 0
i' >= 0
itera-100000 >= 0
i >= 0
-i+LEN_1-1 >= 0
LEN_1-32000 >= 0
-nl+nl'-1 >= 0
-nl'+itera-1 >= 0
-i'+LEN_1-1 >= 0


--- Dep 5 from S2 to S2; satisfied: 0, sat level: -1; Type: RAW
on variable: sum
Dependence polyhedron
Set #1
[6 dims; 8 constraints]
-nl+nl' = 0
nl >= 0
-nl+itera-1 >= 0
itera-100000 >= 0
i >= 0
-i'+LEN_1-1 >= 0
LEN_1-32000 >= 0
-i+i'-1 >= 0


--- Dep 6 from S2 to S4; satisfied: 0, sat level: -1; Type: RAW
on variable: sum
Dependence polyhedron
Set #1
[5 dims; 9 constraints]
nl >= 0
-nl+itera-1 >= 0
itera-100000 >= 0
i >= 0
-i+LEN_1-1 >= 0
LEN_1-32000 >= 0
nl' >= 0
-nl'+itera-1 >= 0
-nl+nl' >= 0


--- Dep 7 from S3 to S4; satisfied: 0, sat level: -1; Type: RAW
on variable: b
Dependence polyhedron
Set #1
[5 dims; 8 constraints]
i = 0
nl >= 0
-nl+itera-1 >= 0
itera-100000 >= 0
nl' >= 0
LEN_1-32000 >= 0
-nl'+itera-1 >= 0
-nl+nl' >= 0


--- Dep 8 from S2 to S3; satisfied: 0, sat level: -1; Type: RAW
on variable: sum
Dependence polyhedron
Set #1
[6 dims; 9 constraints]
nl >= 0
i' >= 0
itera-100000 >= 0
i >= 0
-i+LEN_1-1 >= 0
LEN_1-32000 >= 0
-nl+nl'-1 >= 0
-nl'+itera-1 >= 0
-i'+LEN_1-1 >= 0


--- Dep 9 from S2 to S3; satisfied: 0, sat level: -1; Type: RAW
on variable: sum
Dependence polyhedron
Set #1
[6 dims; 8 constraints]
-nl+nl' = 0
nl >= 0
-nl+itera-1 >= 0
itera-100000 >= 0
i >= 0
-i'+LEN_1-1 >= 0
LEN_1-32000 >= 0
-i+i' >= 0


--- Dep 10 from S2 to S1; satisfied: 0, sat level: -1; Type: WAR
on variable: sum
Dependence polyhedron
Set #1
[5 dims; 9 constraints]
nl >= 0
-nl+itera-1 >= 0
itera-100000 >= 0
i >= 0
-i+LEN_1-1 >= 0
LEN_1-32000 >= 0
nl' >= 0
-nl'+itera-1 >= 0
-nl+nl'-1 >= 0


--- Dep 11 from S4 to S2; satisfied: 0, sat level: -1; Type: WAR
on variable: sum
Dependence polyhedron
Set #1
[5 dims; 9 constraints]
nl >= 0
-nl+itera-1 >= 0
itera-100000 >= 0
LEN_1-32000 >= 0
nl' >= 0
-nl'+itera-1 >= 0
-i'+LEN_1-1 >= 0
i' >= 0
-nl+nl'-1 >= 0


--- Dep 12 from S4 to S3; satisfied: 0, sat level: -1; Type: WAR
on variable: b
Dependence polyhedron
Set #1
[5 dims; 8 constraints]
i' = 0
nl >= 0
-nl+itera-1 >= 0
itera-100000 >= 0
LEN_1-32000 >= 0
nl' >= 0
-nl'+itera-1 >= 0
-nl+nl'-1 >= 0


--- Dep 13 from S4 to S1; satisfied: 0, sat level: -1; Type: WAR
on variable: sum
Dependence polyhedron
Set #1
[4 dims; 7 constraints]
nl >= 0
-nl+itera-1 >= 0
itera-100000 >= 0
LEN_1-32000 >= 0
nl' >= 0
-nl'+itera-1 >= 0
-nl+nl'-1 >= 0


--- Dep 14 from S2 to S2; satisfied: 0, sat level: -1; Type: WAR
on variable: sum
Dependence polyhedron
Set #1
[6 dims; 9 constraints]
nl >= 0
i' >= 0
itera-100000 >= 0
i >= 0
-i+LEN_1-1 >= 0
LEN_1-32000 >= 0
-nl+nl'-1 >= 0
-nl'+itera-1 >= 0
-i'+LEN_1-1 >= 0


--- Dep 15 from S2 to S2; satisfied: 0, sat level: -1; Type: WAR
on variable: sum
Dependence polyhedron
Set #1
[6 dims; 8 constraints]
-nl+nl' = 0
nl >= 0
-nl+itera-1 >= 0
itera-100000 >= 0
i >= 0
-i'+LEN_1-1 >= 0
LEN_1-32000 >= 0
-i+i'-1 >= 0


--- Dep 16 from S3 to S1; satisfied: 0, sat level: -1; Type: WAR
on variable: sum
Dependence polyhedron
Set #1
[5 dims; 9 constraints]
nl >= 0
-nl+itera-1 >= 0
itera-100000 >= 0
i >= 0
-i+LEN_1-1 >= 0
LEN_1-32000 >= 0
nl' >= 0
-nl'+itera-1 >= 0
-nl+nl'-1 >= 0


--- Dep 17 from S3 to S2; satisfied: 0, sat level: -1; Type: WAR
on variable: sum
Dependence polyhedron
Set #1
[6 dims; 9 constraints]
nl >= 0
i' >= 0
itera-100000 >= 0
i >= 0
-i+LEN_1-1 >= 0
LEN_1-32000 >= 0
-nl+nl'-1 >= 0
-nl'+itera-1 >= 0
-i'+LEN_1-1 >= 0


--- Dep 18 from S3 to S2; satisfied: 0, sat level: -1; Type: WAR
on variable: sum
Dependence polyhedron
Set #1
[6 dims; 8 constraints]
-nl+nl' = 0
nl >= 0
-nl+itera-1 >= 0
itera-100000 >= 0
i >= 0
-i'+LEN_1-1 >= 0
LEN_1-32000 >= 0
-i+i'-1 >= 0


--- Dep 19 from S2 to S2; satisfied: 0, sat level: -1; Type: WAW
on variable: sum
Dependence polyhedron
Set #1
[6 dims; 9 constraints]
nl >= 0
i' >= 0
itera-100000 >= 0
i >= 0
-i+LEN_1-1 >= 0
LEN_1-32000 >= 0
-nl+nl'-1 >= 0
-nl'+itera-1 >= 0
-i'+LEN_1-1 >= 0


--- Dep 20 from S2 to S2; satisfied: 0, sat level: -1; Type: WAW
on variable: sum
Dependence polyhedron
Set #1
[6 dims; 8 constraints]
-nl+nl' = 0
nl >= 0
-nl+itera-1 >= 0
itera-100000 >= 0
i >= 0
-i'+LEN_1-1 >= 0
LEN_1-32000 >= 0
-i+i'-1 >= 0


--- Dep 21 from S3 to S3; satisfied: 0, sat level: -1; Type: WAW
on variable: b
Dependence polyhedron
Set #1
[6 dims; 10 constraints]
-i+i' = 0
nl >= 0
-nl+itera-1 >= 0
itera-100000 >= 0
i >= 0
-i+LEN_1-1 >= 0
LEN_1-32000 >= 0
nl' >= 0
-nl'+itera-1 >= 0
-nl+nl'-1 >= 0


--- Dep 22 from S1 to S2; satisfied: 0, sat level: -1; Type: WAW
on variable: sum
Dependence polyhedron
Set #1
[5 dims; 9 constraints]
nl >= 0
-nl+itera-1 >= 0
itera-100000 >= 0
LEN_1-32000 >= 0
nl' >= 0
-nl'+itera-1 >= 0
-i'+LEN_1-1 >= 0
i' >= 0
-nl+nl' >= 0


--- Dep 23 from S2 to S1; satisfied: 0, sat level: -1; Type: WAW
on variable: sum
Dependence polyhedron
Set #1
[5 dims; 9 constraints]
nl >= 0
-nl+itera-1 >= 0
itera-100000 >= 0
i >= 0
-i+LEN_1-1 >= 0
LEN_1-32000 >= 0
nl' >= 0
-nl'+itera-1 >= 0
-nl+nl'-1 >= 0


--- Dep 24 from S1 to S1; satisfied: 0, sat level: -1; Type: WAW
on variable: sum
Dependence polyhedron
Set #1
[4 dims; 7 constraints]
nl >= 0
-nl+itera-1 >= 0
itera-100000 >= 0
LEN_1-32000 >= 0
nl' >= 0
-nl'+itera-1 >= 0
-nl+nl'-1 >= 0


[zyj-debug] After affine transformations
T(S1): (nl, 0, 0, 3)
loop types (loop, scalar, scalar, scalar)

T(S2): (nl, 1, i, 1)
loop types (loop, scalar, loop, scalar)

T(S3): (nl, 1, i, 2)
loop types (loop, scalar, loop, scalar)

T(S4): (nl, 2, 0, 0)
loop types (loop, scalar, scalar, scalar)

t1 --> serial   loop   (band 0)no-ujam
t2 --> fwd_dep  scalar (band 1)no-ujam
t3 --> serial   loop   (band 1)no-ujam
t4 --> fwd_dep  scalar (band 2)no-ujam

