param_name: iterations
param_val: 100000

param_name: LEN_1D
param_val: 32000

param_name: LEN_2D
param_val: 256

CONTEXT
2 4 0 0 0 2
# e/i| P1   P2 |  1  
   1    1    0 -100000    ## P1-100000 >= 0
   1    0    1 -32000    ## P2-32000 >= 0
[zyj-debug] Before affine transformations
S1 "flat_2d_array[i+1] = xx[i] + a[i];"
ndims: 2; orig_depth: 2
iterators: nl, i
Index set
Set #1
[4 dims; 6 constraints]
nl >= 0
-nl+4itera-1 >= 0
4itera-1 >= 0
i >= 0
-i+LEN_1-2 >= 0
LEN_1-2 >= 0

T(S1): (0, nl, 0, i, 0)
loop types (loop, loop, loop, loop, loop)

Read accesses
xx[i]
a[i]
Write accesses
flat_2d_array[i+1]
Original loop: 0 -> yes
Original loop: 1 -> yes

S2 "dummy(a, b, c, d, e, aa, bb, cc, 1.);"
ndims: 1; orig_depth: 1
iterators: nl
Index set
Set #1
[3 dims; 3 constraints]
nl >= 0
-nl+4itera-1 >= 0
4itera-1 >= 0

T(S2): (0, nl, 1, 0, 0)
loop types (loop, loop, loop, scalar, scalar)

Read accesses
a[0]
b[0]
c[0]
d[0]
e[0]
aa[0]
bb[0]
cc[0]
No write access
Original loop: 0 -> yes

--- Dep 1 from S1 to S1; satisfied: 0, sat level: -1; Type: WAW
on variable: flat_2d_array
Dependence polyhedron
Set #1
[6 dims; 10 constraints]
-i+i' = 0
nl >= 0
-nl+4itera-1 >= 0
itera-100000 >= 0
i >= 0
-i+LEN_1-2 >= 0
LEN_1-32000 >= 0
nl' >= 0
-nl'+4itera-1 >= 0
-nl+nl'-1 >= 0


[zyj-debug] After affine transformations
T(S1): (zT2, zT3, i, nl)
loop types (loop, loop, loop, loop)

T(S2): (zT1, 0, nl, 0)
loop types (loop, scalar, loop, scalar)

t1 --> parallel loop   (band 0)no-ujam
t2 --> fwd_dep  loop   (band 0)no-ujam
t3 --> parallel loop   (band 0)no-ujam
t4 --> fwd_dep  loop   (band 0)no-ujam

