param_name: iterations
param_val: 100000

param_name: LEN_1D
param_val: 32000

param_name: LEN_2D
param_val: 256

CONTEXT
1 4 0 0 0 2
# e/i| P1   P2 |  1  
   1    1    0 -100000    ## P1-100000 >= 0
[zyj-debug] Before affine transformations
S1 "x[i] = b[i] + d[i] * d[i];"
ndims: 2; orig_depth: 2
iterators: nl, i
Index set
Set #1
[4 dims; 6 constraints]
nl >= 0
-nl+itera-1 >= 0
itera-1 >= 0
i >= 0
-i+m-1 >= 0
m-1 >= 0

T(S1): (0, nl, 0, i, 0)
loop types (loop, loop, loop, loop, loop)

Read accesses
b[i]
d[i]
d[i]
Write accesses
x[i]
Original loop: 0 -> yes
Original loop: 1 -> yes

S2 "s471s();"
ndims: 2; orig_depth: 2
iterators: nl, i
Index set
Set #1
[4 dims; 6 constraints]
nl >= 0
-nl+itera-1 >= 0
itera-1 >= 0
i >= 0
-i+m-1 >= 0
m-1 >= 0

T(S2): (0, nl, 0, i, 1)
loop types (loop, loop, loop, loop, loop)

No Read accesses
No write access
Original loop: 0 -> yes
Original loop: 1 -> yes

S3 "b[i] = c[i] + d[i] * e[i];"
ndims: 2; orig_depth: 2
iterators: nl, i
Index set
Set #1
[4 dims; 6 constraints]
nl >= 0
-nl+itera-1 >= 0
itera-1 >= 0
i >= 0
-i+m-1 >= 0
m-1 >= 0

T(S3): (0, nl, 0, i, 2)
loop types (loop, loop, loop, loop, loop)

Read accesses
c[i]
d[i]
e[i]
Write accesses
b[i]
Original loop: 0 -> yes
Original loop: 1 -> yes

S4 "dummy(a, b, c, d, e, aa, bb, cc, 0.);"
ndims: 1; orig_depth: 1
iterators: nl
Index set
Set #1
[3 dims; 3 constraints]
nl >= 0
-nl+itera-1 >= 0
itera-1 >= 0

T(S4): (0, nl, 1, 0, 0)
loop types (loop, loop, loop, scalar, scalar)

Read accesses
a[0]
b[0]
c[0]
d[0]
e[0]
aa[0]
bb[0]
cc[0]
No write access
Original loop: 0 -> yes

--- Dep 1 from S3 to S1; satisfied: 0, sat level: -1; Type: RAW
on variable: b
Dependence polyhedron
Set #1
[6 dims; 10 constraints]
-i+i' = 0
nl >= 0
-nl+itera-1 >= 0
itera-100000 >= 0
i >= 0
-i+m-1 >= 0
m-1 >= 0
nl' >= 0
-nl'+itera-1 >= 0
-nl+nl'-1 >= 0


--- Dep 2 from S3 to S4; satisfied: 0, sat level: -1; Type: RAW
on variable: b
Dependence polyhedron
Set #1
[5 dims; 8 constraints]
i = 0
nl >= 0
-nl+itera-1 >= 0
itera-100000 >= 0
nl' >= 0
m-1 >= 0
-nl'+itera-1 >= 0
-nl+nl' >= 0


--- Dep 3 from S4 to S3; satisfied: 0, sat level: -1; Type: WAR
on variable: b
Dependence polyhedron
Set #1
[5 dims; 8 constraints]
i' = 0
nl >= 0
-nl+itera-1 >= 0
itera-100000 >= 0
nl' >= 0
-nl'+itera-1 >= 0
m-1 >= 0
-nl+nl'-1 >= 0


--- Dep 4 from S1 to S3; satisfied: 0, sat level: -1; Type: WAR
on variable: b
Dependence polyhedron
Set #1
[6 dims; 7 constraints]
-i+i' = 0
nl >= 0
-nl+nl' >= 0
itera-100000 >= 0
i >= 0
-i+m-1 >= 0
-nl'+itera-1 >= 0


--- Dep 5 from S1 to S1; satisfied: 0, sat level: -1; Type: WAW
on variable: x
Dependence polyhedron
Set #1
[6 dims; 10 constraints]
-i+i' = 0
nl >= 0
-nl+itera-1 >= 0
itera-100000 >= 0
i >= 0
-i+m-1 >= 0
m-1 >= 0
nl' >= 0
-nl'+itera-1 >= 0
-nl+nl'-1 >= 0


--- Dep 6 from S3 to S3; satisfied: 0, sat level: -1; Type: WAW
on variable: b
Dependence polyhedron
Set #1
[6 dims; 10 constraints]
-i+i' = 0
nl >= 0
-nl+itera-1 >= 0
itera-100000 >= 0
i >= 0
-i+m-1 >= 0
m-1 >= 0
nl' >= 0
-nl'+itera-1 >= 0
-nl+nl'-1 >= 0


[zyj-debug] After affine transformations
T(S1): (zT2, zT3, nl, i, 1)
loop types (loop, loop, loop, loop, scalar)

T(S2): (zT2, zT3, nl, i, 0)
loop types (loop, loop, loop, loop, scalar)

T(S3): (zT2, zT3, nl, i, 2)
loop types (loop, loop, loop, loop, scalar)

T(S4): (zT1, 0, nl, 0, 3)
loop types (loop, scalar, loop, scalar, scalar)

t1 --> fwd_dep  loop   (band 0)no-ujam
t2 --> parallel loop   (band 0)no-ujam
t3 --> fwd_dep  loop   (band 0)no-ujam
t4 --> parallel loop   (band 0)no-ujam
t5 --> fwd_dep  scalar (band 1)no-ujam

Warning: parallel poly loop not found in AST
