param_name: ITERATIONS
param_val: 10000

param_name: m
param_val: 80

param_name: n
param_val: 100

CONTEXT
3 5 0 0 0 3
# e/i| P1   P2   P3 |  1  
   1    1    0    0 -10000    ## P1-10000 >= 0
   1    0    1    0  -80    ## P2-80 >= 0
   1    0    0    1 -100    ## P3-100 >= 0
[zyj-debug] Before affine transformations
S1 "symmat[j1][j1] = 1.0;"
ndims: 2; orig_depth: 2
iterators: iter, j1
Index set
Set #1
[5 dims; 6 constraints]
iter >= 0
-iter+ITERA-1 >= 0
ITERA-1 >= 0
j1-1 >= 0
-j1+m-1 >= 0
m-2 >= 0

T(S1): (0, iter, 0, j1, 0, 0, 0, 0, 0)
loop types (loop, loop, loop, loop, loop, scalar, scalar, scalar, scalar)

No Read accesses
Write accesses
symmat[j1][j1]
Original loop: 0 -> yes
Original loop: 1 -> yes

S2 "symmat[j1][j2] = 0.0;"
ndims: 3; orig_depth: 3
iterators: iter, j1, j2
Index set
Set #1
[6 dims; 8 constraints]
iter >= 0
-iter+ITERA-1 >= 0
ITERA-1 >= 0
j1-1 >= 0
-j1+m-1 >= 0
m-2 >= 0
-j1+j2-1 >= 0
-j2+m >= 0

T(S2): (0, iter, 0, j1, 1, j2, 0, 0, 0)
loop types (loop, loop, loop, loop, loop, loop, loop, scalar, scalar)

No Read accesses
Write accesses
symmat[j1][j2]
Original loop: 0 -> yes
Original loop: 1 -> yes
Original loop: 2 -> yes

S3 "symmat[j1][j2] += (data[i][j1] * data[i][j2]);"
ndims: 4; orig_depth: 4
iterators: iter, j1, j2, i
Index set
Set #1
[7 dims; 11 constraints]
iter >= 0
-iter+ITERA-1 >= 0
ITERA-1 >= 0
j1-1 >= 0
-j1+m-1 >= 0
m-2 >= 0
-j1+j2-1 >= 0
-j2+m >= 0
i-1 >= 0
-i+n >= 0
n-1 >= 0

T(S3): (0, iter, 0, j1, 1, j2, 1, i, 0)
loop types (loop, loop, loop, loop, loop, loop, loop, loop, loop)

Read accesses
symmat[j1][j2]
data[i][j1]
data[i][j2]
Write accesses
symmat[j1][j2]
Original loop: 0 -> yes
Original loop: 1 -> yes
Original loop: 2 -> yes
Original loop: 3 -> yes

S4 "symmat[j2][j1] = symmat[j1][j2];"
ndims: 3; orig_depth: 3
iterators: iter, j1, j2
Index set
Set #1
[6 dims; 8 constraints]
iter >= 0
-iter+ITERA-1 >= 0
ITERA-1 >= 0
j1-1 >= 0
-j1+m-1 >= 0
m-2 >= 0
-j1+j2-1 >= 0
-j2+m >= 0

T(S4): (0, iter, 0, j1, 1, j2, 2, 0, 0)
loop types (loop, loop, loop, loop, loop, loop, loop, scalar, scalar)

Read accesses
symmat[j1][j2]
Write accesses
symmat[j2][j1]
Original loop: 0 -> yes
Original loop: 1 -> yes
Original loop: 2 -> yes

--- Dep 1 from S3 to S4; satisfied: 0, sat level: -1; Type: RAW
on variable: symmat
Dependence polyhedron
Set #1
[10 dims; 13 constraints]
-j2+j2' = 0
-j1+j1' = 0
iter >= 0
-iter+iter' >= 0
ITERA-10000 >= 0
j1-1 >= 0
-iter'+ITERA-1 >= 0
m-80 >= 0
-j1+j2-1 >= 0
-j2+m >= 0
i-1 >= 0
-i+n >= 0
n-100 >= 0


--- Dep 2 from S2 to S3; satisfied: 0, sat level: -1; Type: RAW
on variable: symmat
Dependence polyhedron
Set #1
[10 dims; 13 constraints]
-j2+j2' = 0
-j1+j1' = 0
iter >= 0
-i'+n >= 0
ITERA-10000 >= 0
j1-1 >= 0
i'-1 >= 0
m-80 >= 0
-j1+j2-1 >= 0
-j2+m >= 0
n-100 >= 0
-iter+iter' >= 0
-iter'+ITERA-1 >= 0


--- Dep 3 from S2 to S4; satisfied: 0, sat level: -1; Type: RAW
on variable: symmat
Dependence polyhedron
Set #1
[9 dims; 11 constraints]
-j2+j2' = 0
-j1+j1' = 0
iter >= 0
-iter+iter' >= 0
ITERA-10000 >= 0
j1-1 >= 0
-iter'+ITERA-1 >= 0
m-80 >= 0
-j1+j2-1 >= 0
-j2+m >= 0
n-100 >= 0


--- Dep 4 from S3 to S3; satisfied: 0, sat level: -1; Type: RAW
on variable: symmat
Dependence polyhedron
Set #1
[11 dims; 15 constraints]
-j2+j2' = 0
-j1+j1' = 0
iter >= 0
-i'+n >= 0
ITERA-10000 >= 0
j1-1 >= 0
i'-1 >= 0
m-80 >= 0
-j1+j2-1 >= 0
-j2+m >= 0
i-1 >= 0
-i+n >= 0
n-100 >= 0
-iter+iter'-1 >= 0
-iter'+ITERA-1 >= 0


--- Dep 5 from S3 to S3; satisfied: 0, sat level: -1; Type: RAW
on variable: symmat
Dependence polyhedron
Set #1
[11 dims; 14 constraints]
-j2+j2' = 0
-j1+j1' = 0
-iter+iter' = 0
iter >= 0
-iter+ITERA-1 >= 0
ITERA-10000 >= 0
j1-1 >= 0
-i+i'-1 >= 0
m-80 >= 0
-j1+j2-1 >= 0
-j2+m >= 0
i-1 >= 0
-i'+n >= 0
n-100 >= 0


--- Dep 6 from S4 to S3; satisfied: 0, sat level: -1; Type: WAR
on variable: symmat
Dependence polyhedron
Set #1
[10 dims; 16 constraints]
-j2+j2' = 0
-j1+j1' = 0
iter >= 0
-iter+ITERA-1 >= 0
ITERA-10000 >= 0
j1-1 >= 0
-j1+m-1 >= 0
m-80 >= 0
-j1+j2-1 >= 0
-j2+m >= 0
n-100 >= 0
iter' >= 0
-iter'+ITERA-1 >= 0
-i'+n >= 0
i'-1 >= 0
-iter+iter'-1 >= 0


--- Dep 7 from S3 to S2; satisfied: 0, sat level: -1; Type: WAR
on variable: symmat
Dependence polyhedron
Set #1
[10 dims; 16 constraints]
-j2+j2' = 0
-j1+j1' = 0
iter >= 0
-iter+ITERA-1 >= 0
ITERA-10000 >= 0
j1-1 >= 0
-j1+m-1 >= 0
m-80 >= 0
-j1+j2-1 >= 0
-j2+m >= 0
i-1 >= 0
-i+n >= 0
n-100 >= 0
iter' >= 0
-iter'+ITERA-1 >= 0
-iter+iter'-1 >= 0


--- Dep 8 from S4 to S2; satisfied: 0, sat level: -1; Type: WAR
on variable: symmat
Dependence polyhedron
Set #1
[9 dims; 14 constraints]
-j2+j2' = 0
-j1+j1' = 0
iter >= 0
-iter+ITERA-1 >= 0
ITERA-10000 >= 0
j1-1 >= 0
-j1+m-1 >= 0
m-80 >= 0
-j1+j2-1 >= 0
-j2+m >= 0
n-100 >= 0
iter' >= 0
-iter'+ITERA-1 >= 0
-iter+iter'-1 >= 0


--- Dep 9 from S3 to S3; satisfied: 0, sat level: -1; Type: WAR
on variable: symmat
Dependence polyhedron
Set #1
[11 dims; 15 constraints]
-j2+j2' = 0
-j1+j1' = 0
iter >= 0
-i'+n >= 0
ITERA-10000 >= 0
j1-1 >= 0
i'-1 >= 0
m-80 >= 0
-j1+j2-1 >= 0
-j2+m >= 0
i-1 >= 0
-i+n >= 0
n-100 >= 0
-iter+iter'-1 >= 0
-iter'+ITERA-1 >= 0


--- Dep 10 from S3 to S3; satisfied: 0, sat level: -1; Type: WAR
on variable: symmat
Dependence polyhedron
Set #1
[11 dims; 14 constraints]
-j2+j2' = 0
-j1+j1' = 0
-iter+iter' = 0
iter >= 0
-iter+ITERA-1 >= 0
ITERA-10000 >= 0
j1-1 >= 0
-i+i'-1 >= 0
m-80 >= 0
-j1+j2-1 >= 0
-j2+m >= 0
i-1 >= 0
-i'+n >= 0
n-100 >= 0


--- Dep 11 from S3 to S2; satisfied: 0, sat level: -1; Type: WAW
on variable: symmat
Dependence polyhedron
Set #1
[10 dims; 16 constraints]
-j2+j2' = 0
-j1+j1' = 0
iter >= 0
-iter+ITERA-1 >= 0
ITERA-10000 >= 0
j1-1 >= 0
-j1+m-1 >= 0
m-80 >= 0
-j1+j2-1 >= 0
-j2+m >= 0
i-1 >= 0
-i+n >= 0
n-100 >= 0
iter' >= 0
-iter'+ITERA-1 >= 0
-iter+iter'-1 >= 0


--- Dep 12 from S4 to S4; satisfied: 0, sat level: -1; Type: WAW
on variable: symmat
Dependence polyhedron
Set #1
[9 dims; 14 constraints]
-j2+j2' = 0
-j1+j1' = 0
iter >= 0
-iter+ITERA-1 >= 0
ITERA-10000 >= 0
j1-1 >= 0
-j1+m-1 >= 0
m-80 >= 0
-j1+j2-1 >= 0
-j2+m >= 0
n-100 >= 0
iter' >= 0
-iter'+ITERA-1 >= 0
-iter+iter'-1 >= 0


--- Dep 13 from S1 to S1; satisfied: 0, sat level: -1; Type: WAW
on variable: symmat
Dependence polyhedron
Set #1
[7 dims; 11 constraints]
-j1+j1' = 0
iter >= 0
-iter+ITERA-1 >= 0
ITERA-10000 >= 0
j1-1 >= 0
-j1+m-1 >= 0
m-80 >= 0
n-100 >= 0
iter' >= 0
-iter'+ITERA-1 >= 0
-iter+iter'-1 >= 0


--- Dep 14 from S2 to S3; satisfied: 0, sat level: -1; Type: WAW
on variable: symmat
Dependence polyhedron
Set #1
[10 dims; 13 constraints]
-j2+j2' = 0
-j1+j1' = 0
iter >= 0
-i'+n >= 0
ITERA-10000 >= 0
j1-1 >= 0
i'-1 >= 0
m-80 >= 0
-j1+j2-1 >= 0
-j2+m >= 0
n-100 >= 0
-iter+iter' >= 0
-iter'+ITERA-1 >= 0


--- Dep 15 from S3 to S3; satisfied: 0, sat level: -1; Type: WAW
on variable: symmat
Dependence polyhedron
Set #1
[11 dims; 15 constraints]
-j2+j2' = 0
-j1+j1' = 0
iter >= 0
-i'+n >= 0
ITERA-10000 >= 0
j1-1 >= 0
i'-1 >= 0
m-80 >= 0
-j1+j2-1 >= 0
-j2+m >= 0
i-1 >= 0
-i+n >= 0
n-100 >= 0
-iter+iter'-1 >= 0
-iter'+ITERA-1 >= 0


--- Dep 16 from S3 to S3; satisfied: 0, sat level: -1; Type: WAW
on variable: symmat
Dependence polyhedron
Set #1
[11 dims; 14 constraints]
-j2+j2' = 0
-j1+j1' = 0
-iter+iter' = 0
iter >= 0
-iter+ITERA-1 >= 0
ITERA-10000 >= 0
j1-1 >= 0
-i+i'-1 >= 0
m-80 >= 0
-j1+j2-1 >= 0
-j2+m >= 0
i-1 >= 0
-i'+n >= 0
n-100 >= 0


--- Dep 17 from S2 to S2; satisfied: 0, sat level: -1; Type: WAW
on variable: symmat
Dependence polyhedron
Set #1
[9 dims; 14 constraints]
-j2+j2' = 0
-j1+j1' = 0
iter >= 0
-iter+ITERA-1 >= 0
ITERA-10000 >= 0
j1-1 >= 0
-j1+m-1 >= 0
m-80 >= 0
-j1+j2-1 >= 0
-j2+m >= 0
n-100 >= 0
iter' >= 0
-iter'+ITERA-1 >= 0
-iter+iter'-1 >= 0


[zyj-debug] After affine transformations
T(S1): (zT2, zT3, 0, j1, iter, 0, 3, 0)
loop types (loop, loop, scalar, loop, loop, scalar, scalar, scalar)

T(S2): (zT3, zT4, zT5, j1, iter, j2, 0, 0)
loop types (loop, loop, loop, loop, loop, loop, scalar, scalar)

T(S3): (zT4, zT5, zT6, j1, iter, j2, 1, i)
loop types (loop, loop, loop, loop, loop, loop, scalar, loop)

T(S4): (zT3, zT4, zT5, j1, iter, j2, 2, 0)
loop types (loop, loop, loop, loop, loop, loop, scalar, scalar)

t1 --> parallel loop   (band 0)no-ujam
t2 --> fwd_dep  loop   (band 0)no-ujam
t3 --> parallel loop   (band 0)no-ujam
t4 --> parallel loop   (band 0)no-ujam
t5 --> fwd_dep  loop   (band 0)no-ujam
t6 --> parallel loop   (band 0)no-ujam
t7 --> fwd_dep  scalar (band 1)no-ujam
t8 --> serial   loop   (band 1)no-ujam

