param_name: ITERATIONS
param_val: 10000

param_name: ifin1
param_val: 400

param_name: ki2
param_val: 600

CONTEXT
3 7 0 0 0 5
# e/i| P1   P2   P3   P4   P5 |  1  
   1    1    0    0    0    0 -10000    ## P1-10000 >= 0
   1    0    0    1    0    0 -400    ## P3-400 >= 0
   1    0    0    0    0    1 -600    ## P5-600 >= 0
[zyj-debug] Before affine transformations
S1 "frc2 = frc2 + (phi1[i][k] + phi1[i + 1][k] + phi1[i][k + 1] + phi1[i + 1][k + 1] + phi2[i][k] + phi2[i + 1][k] + phi2[i][k + 1] + phi2[i + 1][k + 1]);"
ndims: 3; orig_depth: 3
iterators: iter, i, k
Index set
Set #1
[8 dims; 9 constraints]
iter >= 0
-iter+ITERA-1 >= 0
ITERA-1 >= 0
i-ibeg >= 0
-i+ifin1 >= 0
-ibeg+ifin1 >= 0
k-ki1 >= 0
-k+ki2-1 >= 0
-ki1+ki2-1 >= 0

T(S1): (0, iter, 0, i, 0, k, 0)
loop types (loop, loop, loop, loop, loop, loop, loop)

Read accesses
frc2[0]
phi1[i][k]
phi1[i+1][k]
phi1[i][k+1]
phi1[i+1][k+1]
phi2[i][k]
phi2[i+1][k]
phi2[i][k+1]
phi2[i+1][k+1]
Write accesses
frc2[0]
Original loop: 0 -> yes
Original loop: 1 -> yes
Original loop: 2 -> yes

--- Dep 1 from S1 to S1; satisfied: 0, sat level: -1; Type: RAW
on variable: frc2
Dependence polyhedron
Set #1
[11 dims; 14 constraints]
iter >= 0
i'-ibeg >= 0
ITERA-10000 >= 0
i-ibeg >= 0
-i+ifin1 >= 0
-i'+ifin1 >= 0
k-ki1 >= 0
-k+ki2-1 >= 0
k'-ki1 >= 0
ki2-600 >= 0
ifin1-400 >= 0
-iter+iter'-1 >= 0
-iter'+ITERA-1 >= 0
-k'+ki2-1 >= 0


--- Dep 2 from S1 to S1; satisfied: 0, sat level: -1; Type: RAW
on variable: frc2
Dependence polyhedron
Set #1
[11 dims; 13 constraints]
-iter+iter' = 0
iter >= 0
-iter+ITERA-1 >= 0
ITERA-10000 >= 0
i-ibeg >= 0
k'-ki1 >= 0
-k'+ki2-1 >= 0
k-ki1 >= 0
-k+ki2-1 >= 0
-i'+ifin1 >= 0
ki2-600 >= 0
ifin1-400 >= 0
-i+i'-1 >= 0


--- Dep 3 from S1 to S1; satisfied: 0, sat level: -1; Type: RAW
on variable: frc2
Dependence polyhedron
Set #1
[11 dims; 12 constraints]
-i+i' = 0
-iter+iter' = 0
iter >= 0
-iter+ITERA-1 >= 0
ITERA-10000 >= 0
i-ibeg >= 0
-i+ifin1 >= 0
ifin1-400 >= 0
k-ki1 >= 0
-k+k'-1 >= 0
-k'+ki2-1 >= 0
ki2-600 >= 0


--- Dep 4 from S1 to S1; satisfied: 0, sat level: -1; Type: WAR
on variable: frc2
Dependence polyhedron
Set #1
[11 dims; 14 constraints]
iter >= 0
i'-ibeg >= 0
ITERA-10000 >= 0
i-ibeg >= 0
-i+ifin1 >= 0
-i'+ifin1 >= 0
k-ki1 >= 0
-k+ki2-1 >= 0
k'-ki1 >= 0
ki2-600 >= 0
ifin1-400 >= 0
-iter+iter'-1 >= 0
-iter'+ITERA-1 >= 0
-k'+ki2-1 >= 0


--- Dep 5 from S1 to S1; satisfied: 0, sat level: -1; Type: WAR
on variable: frc2
Dependence polyhedron
Set #1
[11 dims; 13 constraints]
-iter+iter' = 0
iter >= 0
-iter+ITERA-1 >= 0
ITERA-10000 >= 0
i-ibeg >= 0
k'-ki1 >= 0
-k'+ki2-1 >= 0
k-ki1 >= 0
-k+ki2-1 >= 0
-i'+ifin1 >= 0
ki2-600 >= 0
ifin1-400 >= 0
-i+i'-1 >= 0


--- Dep 6 from S1 to S1; satisfied: 0, sat level: -1; Type: WAR
on variable: frc2
Dependence polyhedron
Set #1
[11 dims; 12 constraints]
-i+i' = 0
-iter+iter' = 0
iter >= 0
-iter+ITERA-1 >= 0
ITERA-10000 >= 0
i-ibeg >= 0
-i+ifin1 >= 0
ifin1-400 >= 0
k-ki1 >= 0
-k+k'-1 >= 0
-k'+ki2-1 >= 0
ki2-600 >= 0


--- Dep 7 from S1 to S1; satisfied: 0, sat level: -1; Type: WAW
on variable: frc2
Dependence polyhedron
Set #1
[11 dims; 14 constraints]
iter >= 0
i'-ibeg >= 0
ITERA-10000 >= 0
i-ibeg >= 0
-i+ifin1 >= 0
-i'+ifin1 >= 0
k-ki1 >= 0
-k+ki2-1 >= 0
k'-ki1 >= 0
ki2-600 >= 0
ifin1-400 >= 0
-iter+iter'-1 >= 0
-iter'+ITERA-1 >= 0
-k'+ki2-1 >= 0


--- Dep 8 from S1 to S1; satisfied: 0, sat level: -1; Type: WAW
on variable: frc2
Dependence polyhedron
Set #1
[11 dims; 13 constraints]
-iter+iter' = 0
iter >= 0
-iter+ITERA-1 >= 0
ITERA-10000 >= 0
i-ibeg >= 0
k'-ki1 >= 0
-k'+ki2-1 >= 0
k-ki1 >= 0
-k+ki2-1 >= 0
-i'+ifin1 >= 0
ki2-600 >= 0
ifin1-400 >= 0
-i+i'-1 >= 0


--- Dep 9 from S1 to S1; satisfied: 0, sat level: -1; Type: WAW
on variable: frc2
Dependence polyhedron
Set #1
[11 dims; 12 constraints]
-i+i' = 0
-iter+iter' = 0
iter >= 0
-iter+ITERA-1 >= 0
ITERA-10000 >= 0
i-ibeg >= 0
-i+ifin1 >= 0
ifin1-400 >= 0
k-ki1 >= 0
-k+k'-1 >= 0
-k'+ki2-1 >= 0
ki2-600 >= 0


[zyj-debug] After affine transformations
T(S1): (iter, i, k)
loop types (loop, loop, loop)

t1 --> serial   loop   (band 0)no-ujam
t2 --> serial   loop   (band 1)no-ujam
t3 --> serial   loop   (band 2)no-ujam

