param_name: ITERATIONS
param_val: 10000

param_name: m
param_val: 10000

CONTEXT
2 4 0 0 0 2
# e/i| P1   P2 |  1  
   1    1    0 -10000    ## P1-10000 >= 0
   1    0    1 -10000    ## P2-10000 >= 0
[zyj-debug] Before affine transformations
S1 "cblock[0][j] = cblock[0][j] - ablock[0][0] * bblock[0][j] - ablock[0][1] * bblock[1][j] - ablock[0][2] * bblock[2][j] - ablock[0][3] * bblock[3][j] - ablock[0][4] * bblock[4][j];"
ndims: 2; orig_depth: 2
iterators: iter, j
Index set
Set #1
[4 dims; 6 constraints]
iter >= 0
-iter+ITERA-1 >= 0
ITERA-1 >= 0
j >= 0
-j+m-1 >= 0
m-1 >= 0

T(S1): (0, iter, 0, j, 0)
loop types (loop, loop, loop, loop, loop)

Read accesses
cblock[0][j]
ablock[0][0]
bblock[0][j]
ablock[0][1]
bblock[1][j]
ablock[0][2]
bblock[2][j]
ablock[0][3]
bblock[3][j]
ablock[0][4]
bblock[4][j]
Write accesses
cblock[0][j]
Original loop: 0 -> yes
Original loop: 1 -> yes

S2 "cblock[1][j] = cblock[1][j] - ablock[1][0] * bblock[0][j] - ablock[1][1] * bblock[1][j] - ablock[1][2] * bblock[2][j] - ablock[1][3] * bblock[3][j] - ablock[1][4] * bblock[4][j];"
ndims: 2; orig_depth: 2
iterators: iter, j
Index set
Set #1
[4 dims; 6 constraints]
iter >= 0
-iter+ITERA-1 >= 0
ITERA-1 >= 0
j >= 0
-j+m-1 >= 0
m-1 >= 0

T(S2): (0, iter, 0, j, 1)
loop types (loop, loop, loop, loop, loop)

Read accesses
cblock[1][j]
ablock[1][0]
bblock[0][j]
ablock[1][1]
bblock[1][j]
ablock[1][2]
bblock[2][j]
ablock[1][3]
bblock[3][j]
ablock[1][4]
bblock[4][j]
Write accesses
cblock[1][j]
Original loop: 0 -> yes
Original loop: 1 -> yes

S3 "cblock[2][j] = cblock[2][j] - ablock[2][0] * bblock[0][j] - ablock[2][1] * bblock[1][j] - ablock[2][2] * bblock[2][j] - ablock[2][3] * bblock[3][j] - ablock[2][4] * bblock[4][j];"
ndims: 2; orig_depth: 2
iterators: iter, j
Index set
Set #1
[4 dims; 6 constraints]
iter >= 0
-iter+ITERA-1 >= 0
ITERA-1 >= 0
j >= 0
-j+m-1 >= 0
m-1 >= 0

T(S3): (0, iter, 0, j, 2)
loop types (loop, loop, loop, loop, loop)

Read accesses
cblock[2][j]
ablock[2][0]
bblock[0][j]
ablock[2][1]
bblock[1][j]
ablock[2][2]
bblock[2][j]
ablock[2][3]
bblock[3][j]
ablock[2][4]
bblock[4][j]
Write accesses
cblock[2][j]
Original loop: 0 -> yes
Original loop: 1 -> yes

S4 "cblock[3][j] = cblock[3][j] - ablock[3][0] * bblock[0][j] - ablock[3][1] * bblock[1][j] - ablock[3][2] * bblock[2][j] - ablock[3][3] * bblock[3][j] - ablock[3][4] * bblock[4][j];"
ndims: 2; orig_depth: 2
iterators: iter, j
Index set
Set #1
[4 dims; 6 constraints]
iter >= 0
-iter+ITERA-1 >= 0
ITERA-1 >= 0
j >= 0
-j+m-1 >= 0
m-1 >= 0

T(S4): (0, iter, 0, j, 3)
loop types (loop, loop, loop, loop, loop)

Read accesses
cblock[3][j]
ablock[3][0]
bblock[0][j]
ablock[3][1]
bblock[1][j]
ablock[3][2]
bblock[2][j]
ablock[3][3]
bblock[3][j]
ablock[3][4]
bblock[4][j]
Write accesses
cblock[3][j]
Original loop: 0 -> yes
Original loop: 1 -> yes

S5 "cblock[4][j] = cblock[4][j] - ablock[4][0] * bblock[0][j] - ablock[4][1] * bblock[1][j] - ablock[4][2] * bblock[2][j] - ablock[4][3] * bblock[3][j] - ablock[4][4] * bblock[4][j];"
ndims: 2; orig_depth: 2
iterators: iter, j
Index set
Set #1
[4 dims; 6 constraints]
iter >= 0
-iter+ITERA-1 >= 0
ITERA-1 >= 0
j >= 0
-j+m-1 >= 0
m-1 >= 0

T(S5): (0, iter, 0, j, 4)
loop types (loop, loop, loop, loop, loop)

Read accesses
cblock[4][j]
ablock[4][0]
bblock[0][j]
ablock[4][1]
bblock[1][j]
ablock[4][2]
bblock[2][j]
ablock[4][3]
bblock[3][j]
ablock[4][4]
bblock[4][j]
Write accesses
cblock[4][j]
Original loop: 0 -> yes
Original loop: 1 -> yes

--- Dep 1 from S1 to S1; satisfied: 0, sat level: -1; Type: RAW
on variable: cblock
Dependence polyhedron
Set #1
[6 dims; 10 constraints]
-j+j' = 0
iter >= 0
-iter+ITERA-1 >= 0
ITERA-10000 >= 0
j >= 0
-j+m-1 >= 0
m-10000 >= 0
iter' >= 0
-iter'+ITERA-1 >= 0
-iter+iter'-1 >= 0


--- Dep 2 from S3 to S3; satisfied: 0, sat level: -1; Type: RAW
on variable: cblock
Dependence polyhedron
Set #1
[6 dims; 10 constraints]
-j+j' = 0
iter >= 0
-iter+ITERA-1 >= 0
ITERA-10000 >= 0
j >= 0
-j+m-1 >= 0
m-10000 >= 0
iter' >= 0
-iter'+ITERA-1 >= 0
-iter+iter'-1 >= 0


--- Dep 3 from S4 to S4; satisfied: 0, sat level: -1; Type: RAW
on variable: cblock
Dependence polyhedron
Set #1
[6 dims; 10 constraints]
-j+j' = 0
iter >= 0
-iter+ITERA-1 >= 0
ITERA-10000 >= 0
j >= 0
-j+m-1 >= 0
m-10000 >= 0
iter' >= 0
-iter'+ITERA-1 >= 0
-iter+iter'-1 >= 0


--- Dep 4 from S2 to S2; satisfied: 0, sat level: -1; Type: RAW
on variable: cblock
Dependence polyhedron
Set #1
[6 dims; 10 constraints]
-j+j' = 0
iter >= 0
-iter+ITERA-1 >= 0
ITERA-10000 >= 0
j >= 0
-j+m-1 >= 0
m-10000 >= 0
iter' >= 0
-iter'+ITERA-1 >= 0
-iter+iter'-1 >= 0


--- Dep 5 from S5 to S5; satisfied: 0, sat level: -1; Type: RAW
on variable: cblock
Dependence polyhedron
Set #1
[6 dims; 10 constraints]
-j+j' = 0
iter >= 0
-iter+ITERA-1 >= 0
ITERA-10000 >= 0
j >= 0
-j+m-1 >= 0
m-10000 >= 0
iter' >= 0
-iter'+ITERA-1 >= 0
-iter+iter'-1 >= 0


--- Dep 6 from S2 to S2; satisfied: 0, sat level: -1; Type: WAR
on variable: cblock
Dependence polyhedron
Set #1
[6 dims; 10 constraints]
-j+j' = 0
iter >= 0
-iter+ITERA-1 >= 0
ITERA-10000 >= 0
j >= 0
-j+m-1 >= 0
m-10000 >= 0
iter' >= 0
-iter'+ITERA-1 >= 0
-iter+iter'-1 >= 0


--- Dep 7 from S3 to S3; satisfied: 0, sat level: -1; Type: WAR
on variable: cblock
Dependence polyhedron
Set #1
[6 dims; 10 constraints]
-j+j' = 0
iter >= 0
-iter+ITERA-1 >= 0
ITERA-10000 >= 0
j >= 0
-j+m-1 >= 0
m-10000 >= 0
iter' >= 0
-iter'+ITERA-1 >= 0
-iter+iter'-1 >= 0


--- Dep 8 from S4 to S4; satisfied: 0, sat level: -1; Type: WAR
on variable: cblock
Dependence polyhedron
Set #1
[6 dims; 10 constraints]
-j+j' = 0
iter >= 0
-iter+ITERA-1 >= 0
ITERA-10000 >= 0
j >= 0
-j+m-1 >= 0
m-10000 >= 0
iter' >= 0
-iter'+ITERA-1 >= 0
-iter+iter'-1 >= 0


--- Dep 9 from S1 to S1; satisfied: 0, sat level: -1; Type: WAR
on variable: cblock
Dependence polyhedron
Set #1
[6 dims; 10 constraints]
-j+j' = 0
iter >= 0
-iter+ITERA-1 >= 0
ITERA-10000 >= 0
j >= 0
-j+m-1 >= 0
m-10000 >= 0
iter' >= 0
-iter'+ITERA-1 >= 0
-iter+iter'-1 >= 0


--- Dep 10 from S5 to S5; satisfied: 0, sat level: -1; Type: WAR
on variable: cblock
Dependence polyhedron
Set #1
[6 dims; 10 constraints]
-j+j' = 0
iter >= 0
-iter+ITERA-1 >= 0
ITERA-10000 >= 0
j >= 0
-j+m-1 >= 0
m-10000 >= 0
iter' >= 0
-iter'+ITERA-1 >= 0
-iter+iter'-1 >= 0


--- Dep 11 from S5 to S5; satisfied: 0, sat level: -1; Type: WAW
on variable: cblock
Dependence polyhedron
Set #1
[6 dims; 10 constraints]
-j+j' = 0
iter >= 0
-iter+ITERA-1 >= 0
ITERA-10000 >= 0
j >= 0
-j+m-1 >= 0
m-10000 >= 0
iter' >= 0
-iter'+ITERA-1 >= 0
-iter+iter'-1 >= 0


--- Dep 12 from S1 to S1; satisfied: 0, sat level: -1; Type: WAW
on variable: cblock
Dependence polyhedron
Set #1
[6 dims; 10 constraints]
-j+j' = 0
iter >= 0
-iter+ITERA-1 >= 0
ITERA-10000 >= 0
j >= 0
-j+m-1 >= 0
m-10000 >= 0
iter' >= 0
-iter'+ITERA-1 >= 0
-iter+iter'-1 >= 0


--- Dep 13 from S2 to S2; satisfied: 0, sat level: -1; Type: WAW
on variable: cblock
Dependence polyhedron
Set #1
[6 dims; 10 constraints]
-j+j' = 0
iter >= 0
-iter+ITERA-1 >= 0
ITERA-10000 >= 0
j >= 0
-j+m-1 >= 0
m-10000 >= 0
iter' >= 0
-iter'+ITERA-1 >= 0
-iter+iter'-1 >= 0


--- Dep 14 from S4 to S4; satisfied: 0, sat level: -1; Type: WAW
on variable: cblock
Dependence polyhedron
Set #1
[6 dims; 10 constraints]
-j+j' = 0
iter >= 0
-iter+ITERA-1 >= 0
ITERA-10000 >= 0
j >= 0
-j+m-1 >= 0
m-10000 >= 0
iter' >= 0
-iter'+ITERA-1 >= 0
-iter+iter'-1 >= 0


--- Dep 15 from S3 to S3; satisfied: 0, sat level: -1; Type: WAW
on variable: cblock
Dependence polyhedron
Set #1
[6 dims; 10 constraints]
-j+j' = 0
iter >= 0
-iter+ITERA-1 >= 0
ITERA-10000 >= 0
j >= 0
-j+m-1 >= 0
m-10000 >= 0
iter' >= 0
-iter'+ITERA-1 >= 0
-iter+iter'-1 >= 0


[zyj-debug] After affine transformations
T(S1): (zT2, zT3, j, iter)
loop types (loop, loop, loop, loop)

T(S2): (zT2, zT3, j, iter)
loop types (loop, loop, loop, loop)

T(S3): (zT2, zT3, j, iter)
loop types (loop, loop, loop, loop)

T(S4): (zT2, zT3, j, iter)
loop types (loop, loop, loop, loop)

T(S5): (zT2, zT3, j, iter)
loop types (loop, loop, loop, loop)

t1 --> parallel loop   (band 0)no-ujam
t2 --> fwd_dep  loop   (band 0)no-ujam
t3 --> parallel loop   (band 0)no-ujam
t4 --> fwd_dep  loop   (band 0)no-ujam

