param_name: ITERATIONS
param_val: 10000

param_name: col
param_val: 100000

CONTEXT
2 4 0 0 0 2
# e/i| P1   P2 |  1  
   1    1    0 -10000    ## P1-10000 >= 0
   1    0    1 -100000    ## P2-100000 >= 0
[zyj-debug] Before affine transformations
S1 "norm_temp11 = norm_temp11 + x[j] * z[j];"
ndims: 2; orig_depth: 2
iterators: iter, j
Index set
Set #1
[4 dims; 6 constraints]
iter >= 0
-iter+ITERA-1 >= 0
ITERA-1 >= 0
j-1 >= 0
-j+col+1 >= 0
col >= 0

T(S1): (0, iter, 0, j, 0)
loop types (loop, loop, loop, loop, loop)

Read accesses
norm_temp11[0]
x[j]
z[j]
Write accesses
norm_temp11[0]
Original loop: 0 -> yes
Original loop: 1 -> yes

S2 "norm_temp12 = norm_temp12 + z[j] * z[j];"
ndims: 2; orig_depth: 2
iterators: iter, j
Index set
Set #1
[4 dims; 6 constraints]
iter >= 0
-iter+ITERA-1 >= 0
ITERA-1 >= 0
j-1 >= 0
-j+col+1 >= 0
col >= 0

T(S2): (0, iter, 0, j, 1)
loop types (loop, loop, loop, loop, loop)

Read accesses
norm_temp12[0]
z[j]
z[j]
Write accesses
norm_temp12[0]
Original loop: 0 -> yes
Original loop: 1 -> yes

S3 "x[j] = norm_temp12 * z[j];"
ndims: 2; orig_depth: 2
iterators: iter, j
Index set
Set #1
[4 dims; 6 constraints]
iter >= 0
-iter+ITERA-1 >= 0
ITERA-1 >= 0
j-1 >= 0
-j+col+1 >= 0
col >= 0

T(S3): (0, iter, 1, j, 0)
loop types (loop, loop, loop, loop, loop)

Read accesses
norm_temp12[0]
z[j]
Write accesses
x[j]
Original loop: 0 -> yes
Original loop: 1 -> yes

--- Dep 1 from S2 to S2; satisfied: 0, sat level: -1; Type: RAW
on variable: norm_temp12
Dependence polyhedron
Set #1
[6 dims; 9 constraints]
iter >= 0
j'-1 >= 0
ITERA-10000 >= 0
j-1 >= 0
-j+col+1 >= 0
col-100000 >= 0
-iter+iter'-1 >= 0
-iter'+ITERA-1 >= 0
-j'+col+1 >= 0


--- Dep 2 from S2 to S2; satisfied: 0, sat level: -1; Type: RAW
on variable: norm_temp12
Dependence polyhedron
Set #1
[6 dims; 8 constraints]
-iter+iter' = 0
iter >= 0
-iter+ITERA-1 >= 0
ITERA-10000 >= 0
j-1 >= 0
-j'+col+1 >= 0
col-100000 >= 0
-j+j'-1 >= 0


--- Dep 3 from S3 to S1; satisfied: 0, sat level: -1; Type: RAW
on variable: x
Dependence polyhedron
Set #1
[6 dims; 10 constraints]
-j+j' = 0
iter >= 0
-iter+ITERA-1 >= 0
ITERA-10000 >= 0
j-1 >= 0
-j+col+1 >= 0
col-100000 >= 0
iter' >= 0
-iter'+ITERA-1 >= 0
-iter+iter'-1 >= 0


--- Dep 4 from S2 to S3; satisfied: 0, sat level: -1; Type: RAW
on variable: norm_temp12
Dependence polyhedron
Set #1
[6 dims; 11 constraints]
iter >= 0
-iter+ITERA-1 >= 0
ITERA-10000 >= 0
j-1 >= 0
-j+col+1 >= 0
col-100000 >= 0
iter' >= 0
-iter'+ITERA-1 >= 0
-j'+col+1 >= 0
j'-1 >= 0
-iter+iter' >= 0


--- Dep 5 from S1 to S1; satisfied: 0, sat level: -1; Type: RAW
on variable: norm_temp11
Dependence polyhedron
Set #1
[6 dims; 9 constraints]
iter >= 0
j'-1 >= 0
ITERA-10000 >= 0
j-1 >= 0
-j+col+1 >= 0
col-100000 >= 0
-iter+iter'-1 >= 0
-iter'+ITERA-1 >= 0
-j'+col+1 >= 0


--- Dep 6 from S1 to S1; satisfied: 0, sat level: -1; Type: RAW
on variable: norm_temp11
Dependence polyhedron
Set #1
[6 dims; 8 constraints]
-iter+iter' = 0
iter >= 0
-iter+ITERA-1 >= 0
ITERA-10000 >= 0
j-1 >= 0
-j'+col+1 >= 0
col-100000 >= 0
-j+j'-1 >= 0


--- Dep 7 from S3 to S2; satisfied: 0, sat level: -1; Type: WAR
on variable: norm_temp12
Dependence polyhedron
Set #1
[6 dims; 11 constraints]
iter >= 0
-iter+ITERA-1 >= 0
ITERA-10000 >= 0
j-1 >= 0
-j+col+1 >= 0
col-100000 >= 0
iter' >= 0
-iter'+ITERA-1 >= 0
-j'+col+1 >= 0
j'-1 >= 0
-iter+iter'-1 >= 0


--- Dep 8 from S1 to S3; satisfied: 0, sat level: -1; Type: WAR
on variable: x
Dependence polyhedron
Set #1
[6 dims; 10 constraints]
-j+j' = 0
iter >= 0
-iter+ITERA-1 >= 0
ITERA-10000 >= 0
j-1 >= 0
-j+col+1 >= 0
col-100000 >= 0
iter' >= 0
-iter'+ITERA-1 >= 0
-iter+iter' >= 0


--- Dep 9 from S2 to S2; satisfied: 0, sat level: -1; Type: WAR
on variable: norm_temp12
Dependence polyhedron
Set #1
[6 dims; 9 constraints]
iter >= 0
j'-1 >= 0
ITERA-10000 >= 0
j-1 >= 0
-j+col+1 >= 0
col-100000 >= 0
-iter+iter'-1 >= 0
-iter'+ITERA-1 >= 0
-j'+col+1 >= 0


--- Dep 10 from S2 to S2; satisfied: 0, sat level: -1; Type: WAR
on variable: norm_temp12
Dependence polyhedron
Set #1
[6 dims; 8 constraints]
-iter+iter' = 0
iter >= 0
-iter+ITERA-1 >= 0
ITERA-10000 >= 0
j-1 >= 0
-j'+col+1 >= 0
col-100000 >= 0
-j+j'-1 >= 0


--- Dep 11 from S1 to S1; satisfied: 0, sat level: -1; Type: WAR
on variable: norm_temp11
Dependence polyhedron
Set #1
[6 dims; 9 constraints]
iter >= 0
j'-1 >= 0
ITERA-10000 >= 0
j-1 >= 0
-j+col+1 >= 0
col-100000 >= 0
-iter+iter'-1 >= 0
-iter'+ITERA-1 >= 0
-j'+col+1 >= 0


--- Dep 12 from S1 to S1; satisfied: 0, sat level: -1; Type: WAR
on variable: norm_temp11
Dependence polyhedron
Set #1
[6 dims; 8 constraints]
-iter+iter' = 0
iter >= 0
-iter+ITERA-1 >= 0
ITERA-10000 >= 0
j-1 >= 0
-j'+col+1 >= 0
col-100000 >= 0
-j+j'-1 >= 0


--- Dep 13 from S1 to S1; satisfied: 0, sat level: -1; Type: WAW
on variable: norm_temp11
Dependence polyhedron
Set #1
[6 dims; 9 constraints]
iter >= 0
j'-1 >= 0
ITERA-10000 >= 0
j-1 >= 0
-j+col+1 >= 0
col-100000 >= 0
-iter+iter'-1 >= 0
-iter'+ITERA-1 >= 0
-j'+col+1 >= 0


--- Dep 14 from S1 to S1; satisfied: 0, sat level: -1; Type: WAW
on variable: norm_temp11
Dependence polyhedron
Set #1
[6 dims; 8 constraints]
-iter+iter' = 0
iter >= 0
-iter+ITERA-1 >= 0
ITERA-10000 >= 0
j-1 >= 0
-j'+col+1 >= 0
col-100000 >= 0
-j+j'-1 >= 0


--- Dep 15 from S3 to S3; satisfied: 0, sat level: -1; Type: WAW
on variable: x
Dependence polyhedron
Set #1
[6 dims; 10 constraints]
-j+j' = 0
iter >= 0
-iter+ITERA-1 >= 0
ITERA-10000 >= 0
j-1 >= 0
-j+col+1 >= 0
col-100000 >= 0
iter' >= 0
-iter'+ITERA-1 >= 0
-iter+iter'-1 >= 0


--- Dep 16 from S2 to S2; satisfied: 0, sat level: -1; Type: WAW
on variable: norm_temp12
Dependence polyhedron
Set #1
[6 dims; 9 constraints]
iter >= 0
j'-1 >= 0
ITERA-10000 >= 0
j-1 >= 0
-j+col+1 >= 0
col-100000 >= 0
-iter+iter'-1 >= 0
-iter'+ITERA-1 >= 0
-j'+col+1 >= 0


--- Dep 17 from S2 to S2; satisfied: 0, sat level: -1; Type: WAW
on variable: norm_temp12
Dependence polyhedron
Set #1
[6 dims; 8 constraints]
-iter+iter' = 0
iter >= 0
-iter+ITERA-1 >= 0
ITERA-10000 >= 0
j-1 >= 0
-j'+col+1 >= 0
col-100000 >= 0
-j+j'-1 >= 0


[zyj-debug] After affine transformations
T(S1): (iter, 0, j, 0)
loop types (loop, scalar, loop, scalar)

T(S2): (iter, 0, j, 0)
loop types (loop, scalar, loop, scalar)

T(S3): (iter, 1, zT2, j)
loop types (loop, scalar, loop, loop)

t1 --> serial   loop   (band 0)no-ujam
t2 --> fwd_dep  scalar (band 1)no-ujam
t3 --> fwd_dep  loop   (band 1)no-ujam
t4 --> parallel loop   (band 1)no-ujam

