param_name: ITERATIONS
param_val: 10000

param_name: n_
param_val: 20

param_name: m_
param_val: 30

param_name: q_
param_val: 40

param_name: p_
param_val: 50

param_name: r_
param_val: 60

CONTEXT
6 8 0 0 0 6
# e/i| P1   P2   P3   P4   P5   P6 |  1  
   1    1    0    0    0    0    0 -10000    ## P1-10000 >= 0
   1    0    1    0    0    0    0  -20    ## P2-20 >= 0
   1    0    0    1    0    0    0  -30    ## P3-30 >= 0
   1    0    0    0    1    0    0  -40    ## P4-40 >= 0
   1    0    0    0    0    1    0  -50    ## P5-50 >= 0
   1    0    0    0    0    0    1  -60    ## P6-60 >= 0
[zyj-debug] Before affine transformations
S1 "add = rhs[i][j][k][m];"
ndims: 5; orig_depth: 5
iterators: iter, i, j, k, m
Index set
Set #1
[11 dims; 15 constraints]
iter >= 0
-iter+ITERA-1 >= 0
ITERA-1 >= 0
i-1 >= 0
-i+n_-2 >= 0
n_-3 >= 0
j-1 >= 0
-j+m_-2 >= 0
m_-3 >= 0
k-1 >= 0
-k+q_-2 >= 0
q_-3 >= 0
m >= 0
-m+p_-1 >= 0
p_-1 >= 0

T(S1): (0, iter, 0, i, 0, j, 0, k, 0, m, 0)
loop types (loop, loop, loop, loop, loop, loop, loop, loop, loop, loop, loop)

Read accesses
rhs[i][j][k][m]
Write accesses
add[0]
Original loop: 0 -> yes
Original loop: 1 -> yes
Original loop: 2 -> yes
Original loop: 3 -> yes
Original loop: 4 -> yes

S2 "rms[m] = rms[m] + add * add;"
ndims: 5; orig_depth: 5
iterators: iter, i, j, k, m
Index set
Set #1
[11 dims; 15 constraints]
iter >= 0
-iter+ITERA-1 >= 0
ITERA-1 >= 0
i-1 >= 0
-i+n_-2 >= 0
n_-3 >= 0
j-1 >= 0
-j+m_-2 >= 0
m_-3 >= 0
k-1 >= 0
-k+q_-2 >= 0
q_-3 >= 0
m >= 0
-m+p_-1 >= 0
p_-1 >= 0

T(S2): (0, iter, 0, i, 0, j, 0, k, 0, m, 1)
loop types (loop, loop, loop, loop, loop, loop, loop, loop, loop, loop, loop)

Read accesses
rms[m]
add[0]
add[0]
Write accesses
rms[m]
Original loop: 0 -> yes
Original loop: 1 -> yes
Original loop: 2 -> yes
Original loop: 3 -> yes
Original loop: 4 -> yes

S3 "rms[m] = rms[m] / (double)(N - 2);"
ndims: 3; orig_depth: 3
iterators: iter, m, d
Index set
Set #1
[9 dims; 9 constraints]
iter >= 0
-iter+ITERA-1 >= 0
ITERA-1 >= 0
m >= 0
-m+p_-1 >= 0
p_-1 >= 0
d >= 0
-d+r_ >= 0
r_ >= 0

T(S3): (0, iter, 1, m, 0, d, 0, 0, 0, 0, 0)
loop types (loop, loop, loop, loop, loop, loop, loop, scalar, scalar, scalar, scalar)

Read accesses
rms[m]
N[0]
Write accesses
rms[m]
Original loop: 0 -> yes
Original loop: 1 -> yes
Original loop: 2 -> yes

S4 "rms[m] = sqrt(rms[m]);"
ndims: 2; orig_depth: 2
iterators: iter, m
Index set
Set #1
[8 dims; 6 constraints]
iter >= 0
-iter+ITERA-1 >= 0
ITERA-1 >= 0
m >= 0
-m+p_-1 >= 0
p_-1 >= 0

T(S4): (0, iter, 1, m, 1, 0, 0, 0, 0, 0, 0)
loop types (loop, loop, loop, loop, loop, scalar, scalar, scalar, scalar, scalar, scalar)

Read accesses
rms[m]
Write accesses
rms[m]
Original loop: 0 -> yes
Original loop: 1 -> yes

--- Dep 1 from S4 to S2; satisfied: 0, sat level: -1; Type: RAW
on variable: rms
Dependence polyhedron
Set #1
[13 dims; 20 constraints]
-m+m' = 0
iter >= 0
-iter+ITERA-1 >= 0
ITERA-10000 >= 0
m >= 0
-m+p_-1 >= 0
p_-50 >= 0
r_-60 >= 0
n_-20 >= 0
m_-30 >= 0
q_-40 >= 0
iter' >= 0
-iter'+ITERA-1 >= 0
-k'+q_-2 >= 0
i'-1 >= 0
-i'+n_-2 >= 0
k'-1 >= 0
j'-1 >= 0
-j'+m_-2 >= 0
-iter+iter'-1 >= 0


--- Dep 2 from S3 to S4; satisfied: 0, sat level: -1; Type: RAW
on variable: rms
Dependence polyhedron
Set #1
[11 dims; 14 constraints]
-m+m' = 0
iter >= 0
-iter'+ITERA-1 >= 0
ITERA-10000 >= 0
m >= 0
-m+p_-1 >= 0
p_-50 >= 0
d >= 0
-d+r_ >= 0
r_-60 >= 0
q_-40 >= 0
n_-20 >= 0
m_-30 >= 0
-iter+iter' >= 0


--- Dep 3 from S2 to S3; satisfied: 0, sat level: -1; Type: RAW
on variable: rms
Dependence polyhedron
Set #1
[14 dims; 22 constraints]
-m+m' = 0
iter >= 0
-iter+ITERA-1 >= 0
ITERA-10000 >= 0
i-1 >= 0
-i+n_-2 >= 0
n_-20 >= 0
j-1 >= 0
-j+m_-2 >= 0
m_-30 >= 0
k-1 >= 0
-k+q_-2 >= 0
q_-40 >= 0
m >= 0
-m+p_-1 >= 0
p_-50 >= 0
r_-60 >= 0
iter' >= 0
-iter'+ITERA-1 >= 0
-d'+r_ >= 0
d' >= 0
-iter+iter' >= 0


--- Dep 4 from S1 to S2; satisfied: 0, sat level: -1; Type: RAW
on variable: add
Dependence polyhedron
Set #1
[16 dims; 25 constraints]
iter >= 0
k'-1 >= 0
ITERA-10000 >= 0
i-1 >= 0
-i+n_-2 >= 0
n_-20 >= 0
j-1 >= 0
-j+m_-2 >= 0
m_-30 >= 0
k-1 >= 0
-k+q_-2 >= 0
q_-40 >= 0
m >= 0
-m+p_-1 >= 0
p_-50 >= 0
r_-60 >= 0
-iter+iter'-1 >= 0
-iter'+ITERA-1 >= 0
-m'+p_-1 >= 0
i'-1 >= 0
-i'+n_-2 >= 0
m' >= 0
j'-1 >= 0
-j'+m_-2 >= 0
-k'+q_-2 >= 0


--- Dep 5 from S1 to S2; satisfied: 0, sat level: -1; Type: RAW
on variable: add
Dependence polyhedron
Set #1
[16 dims; 24 constraints]
-iter+iter' = 0
iter >= 0
-iter+ITERA-1 >= 0
ITERA-10000 >= 0
i-1 >= 0
-j'+m_-2 >= 0
n_-20 >= 0
j-1 >= 0
-j+m_-2 >= 0
m_-30 >= 0
k-1 >= 0
-k+q_-2 >= 0
q_-40 >= 0
m >= 0
-m+p_-1 >= 0
p_-50 >= 0
r_-60 >= 0
-i+i'-1 >= 0
k'-1 >= 0
-m'+p_-1 >= 0
-k'+q_-2 >= 0
-i'+n_-2 >= 0
m' >= 0
j'-1 >= 0


--- Dep 6 from S1 to S2; satisfied: 0, sat level: -1; Type: RAW
on variable: add
Dependence polyhedron
Set #1
[16 dims; 23 constraints]
-i+i' = 0
-iter+iter' = 0
iter >= 0
-iter+ITERA-1 >= 0
ITERA-10000 >= 0
i-1 >= 0
-i+n_-2 >= 0
n_-20 >= 0
j-1 >= 0
m' >= 0
m_-30 >= 0
k-1 >= 0
-k+q_-2 >= 0
q_-40 >= 0
m >= 0
-m+p_-1 >= 0
p_-50 >= 0
r_-60 >= 0
-j+j'-1 >= 0
k'-1 >= 0
-m'+p_-1 >= 0
-k'+q_-2 >= 0
-j'+m_-2 >= 0


--- Dep 7 from S1 to S2; satisfied: 0, sat level: -1; Type: RAW
on variable: add
Dependence polyhedron
Set #1
[16 dims; 22 constraints]
-j+j' = 0
-i+i' = 0
-iter+iter' = 0
iter >= 0
-iter+ITERA-1 >= 0
ITERA-10000 >= 0
i-1 >= 0
-i+n_-2 >= 0
n_-20 >= 0
j-1 >= 0
-j+m_-2 >= 0
m_-30 >= 0
k-1 >= 0
-k'+q_-2 >= 0
q_-40 >= 0
m >= 0
-m+p_-1 >= 0
p_-50 >= 0
r_-60 >= 0
-k+k'-1 >= 0
m' >= 0
-m'+p_-1 >= 0


--- Dep 8 from S1 to S2; satisfied: 0, sat level: -1; Type: RAW
on variable: add
Dependence polyhedron
Set #1
[16 dims; 21 constraints]
-k+k' = 0
-j+j' = 0
-i+i' = 0
-iter+iter' = 0
iter >= 0
-iter+ITERA-1 >= 0
ITERA-10000 >= 0
i-1 >= 0
-i+n_-2 >= 0
n_-20 >= 0
j-1 >= 0
-j+m_-2 >= 0
m_-30 >= 0
k-1 >= 0
-k+q_-2 >= 0
q_-40 >= 0
m >= 0
-m'+p_-1 >= 0
p_-50 >= 0
r_-60 >= 0
-m+m' >= 0


--- Dep 9 from S4 to S4; satisfied: 0, sat level: -1; Type: RAW
on variable: rms
Dependence polyhedron
Set #1
[10 dims; 14 constraints]
-m+m' = 0
iter >= 0
-iter+ITERA-1 >= 0
ITERA-10000 >= 0
m >= 0
-m+p_-1 >= 0
p_-50 >= 0
r_-60 >= 0
n_-20 >= 0
m_-30 >= 0
q_-40 >= 0
iter' >= 0
-iter'+ITERA-1 >= 0
-iter+iter'-1 >= 0


--- Dep 10 from S3 to S3; satisfied: 0, sat level: -1; Type: RAW
on variable: rms
Dependence polyhedron
Set #1
[12 dims; 16 constraints]
-m+m' = 0
iter >= 0
d' >= 0
ITERA-10000 >= 0
m >= 0
-m+p_-1 >= 0
p_-50 >= 0
d >= 0
-d+r_ >= 0
r_-60 >= 0
q_-40 >= 0
n_-20 >= 0
m_-30 >= 0
-iter+iter'-1 >= 0
-iter'+ITERA-1 >= 0
-d'+r_ >= 0


--- Dep 11 from S3 to S3; satisfied: 0, sat level: -1; Type: RAW
on variable: rms
Dependence polyhedron
Set #1
[12 dims; 15 constraints]
-m+m' = 0
-iter+iter' = 0
iter >= 0
-iter+ITERA-1 >= 0
ITERA-10000 >= 0
m >= 0
-m+p_-1 >= 0
p_-50 >= 0
d >= 0
-d'+r_ >= 0
r_-60 >= 0
q_-40 >= 0
n_-20 >= 0
m_-30 >= 0
-d+d'-1 >= 0


--- Dep 12 from S4 to S3; satisfied: 0, sat level: -1; Type: RAW
on variable: rms
Dependence polyhedron
Set #1
[11 dims; 16 constraints]
-m+m' = 0
iter >= 0
-iter+ITERA-1 >= 0
ITERA-10000 >= 0
m >= 0
-m+p_-1 >= 0
p_-50 >= 0
r_-60 >= 0
n_-20 >= 0
m_-30 >= 0
q_-40 >= 0
iter' >= 0
-iter'+ITERA-1 >= 0
-d'+r_ >= 0
d' >= 0
-iter+iter'-1 >= 0


--- Dep 13 from S2 to S4; satisfied: 0, sat level: -1; Type: RAW
on variable: rms
Dependence polyhedron
Set #1
[13 dims; 20 constraints]
-m+m' = 0
iter >= 0
-iter+ITERA-1 >= 0
ITERA-10000 >= 0
i-1 >= 0
-i+n_-2 >= 0
n_-20 >= 0
j-1 >= 0
-j+m_-2 >= 0
m_-30 >= 0
k-1 >= 0
-k+q_-2 >= 0
q_-40 >= 0
m >= 0
-m+p_-1 >= 0
p_-50 >= 0
r_-60 >= 0
iter' >= 0
-iter'+ITERA-1 >= 0
-iter+iter' >= 0


--- Dep 14 from S3 to S2; satisfied: 0, sat level: -1; Type: RAW
on variable: rms
Dependence polyhedron
Set #1
[14 dims; 22 constraints]
-m+m' = 0
iter >= 0
-iter+ITERA-1 >= 0
ITERA-10000 >= 0
m >= 0
-m+p_-1 >= 0
p_-50 >= 0
d >= 0
-d+r_ >= 0
r_-60 >= 0
q_-40 >= 0
n_-20 >= 0
m_-30 >= 0
iter' >= 0
-iter'+ITERA-1 >= 0
-k'+q_-2 >= 0
i'-1 >= 0
-i'+n_-2 >= 0
k'-1 >= 0
j'-1 >= 0
-j'+m_-2 >= 0
-iter+iter'-1 >= 0


--- Dep 15 from S2 to S2; satisfied: 0, sat level: -1; Type: RAW
on variable: rms
Dependence polyhedron
Set #1
[16 dims; 24 constraints]
-m+m' = 0
iter >= 0
-j'+m_-2 >= 0
ITERA-10000 >= 0
i-1 >= 0
-i+n_-2 >= 0
n_-20 >= 0
j-1 >= 0
-j+m_-2 >= 0
m_-30 >= 0
k-1 >= 0
-k+q_-2 >= 0
q_-40 >= 0
m >= 0
-m+p_-1 >= 0
p_-50 >= 0
r_-60 >= 0
-iter+iter'-1 >= 0
-iter'+ITERA-1 >= 0
-k'+q_-2 >= 0
i'-1 >= 0
-i'+n_-2 >= 0
k'-1 >= 0
j'-1 >= 0


--- Dep 16 from S2 to S2; satisfied: 0, sat level: -1; Type: RAW
on variable: rms
Dependence polyhedron
Set #1
[16 dims; 23 constraints]
-m+m' = 0
-iter+iter' = 0
iter >= 0
-iter+ITERA-1 >= 0
ITERA-10000 >= 0
i-1 >= 0
k'-1 >= 0
n_-20 >= 0
j-1 >= 0
-j+m_-2 >= 0
m_-30 >= 0
k-1 >= 0
-k+q_-2 >= 0
q_-40 >= 0
m >= 0
-m+p_-1 >= 0
p_-50 >= 0
r_-60 >= 0
-i+i'-1 >= 0
-j'+m_-2 >= 0
-k'+q_-2 >= 0
j'-1 >= 0
-i'+n_-2 >= 0


--- Dep 17 from S2 to S2; satisfied: 0, sat level: -1; Type: RAW
on variable: rms
Dependence polyhedron
Set #1
[16 dims; 22 constraints]
-m+m' = 0
-i+i' = 0
-iter+iter' = 0
iter >= 0
-iter+ITERA-1 >= 0
ITERA-10000 >= 0
i-1 >= 0
-i+n_-2 >= 0
n_-20 >= 0
j-1 >= 0
k'-1 >= 0
m_-30 >= 0
k-1 >= 0
-k+q_-2 >= 0
q_-40 >= 0
m >= 0
-m+p_-1 >= 0
p_-50 >= 0
r_-60 >= 0
-j+j'-1 >= 0
-j'+m_-2 >= 0
-k'+q_-2 >= 0


--- Dep 18 from S2 to S2; satisfied: 0, sat level: -1; Type: RAW
on variable: rms
Dependence polyhedron
Set #1
[16 dims; 21 constraints]
-m+m' = 0
-j+j' = 0
-i+i' = 0
-iter+iter' = 0
iter >= 0
-iter+ITERA-1 >= 0
ITERA-10000 >= 0
i-1 >= 0
-i+n_-2 >= 0
n_-20 >= 0
j-1 >= 0
-j+m_-2 >= 0
m_-30 >= 0
k-1 >= 0
-k'+q_-2 >= 0
q_-40 >= 0
m >= 0
-m+p_-1 >= 0
p_-50 >= 0
r_-60 >= 0
-k+k'-1 >= 0


--- Dep 19 from S1 to S2; satisfied: 0, sat level: -1; Type: RAW
on variable: add
Dependence polyhedron
Set #1
[16 dims; 25 constraints]
iter >= 0
k'-1 >= 0
ITERA-10000 >= 0
i-1 >= 0
-i+n_-2 >= 0
n_-20 >= 0
j-1 >= 0
-j+m_-2 >= 0
m_-30 >= 0
k-1 >= 0
-k+q_-2 >= 0
q_-40 >= 0
m >= 0
-m+p_-1 >= 0
p_-50 >= 0
r_-60 >= 0
-iter+iter'-1 >= 0
-iter'+ITERA-1 >= 0
-m'+p_-1 >= 0
i'-1 >= 0
-i'+n_-2 >= 0
m' >= 0
j'-1 >= 0
-j'+m_-2 >= 0
-k'+q_-2 >= 0


--- Dep 20 from S1 to S2; satisfied: 0, sat level: -1; Type: RAW
on variable: add
Dependence polyhedron
Set #1
[16 dims; 24 constraints]
-iter+iter' = 0
iter >= 0
-iter+ITERA-1 >= 0
ITERA-10000 >= 0
i-1 >= 0
-j'+m_-2 >= 0
n_-20 >= 0
j-1 >= 0
-j+m_-2 >= 0
m_-30 >= 0
k-1 >= 0
-k+q_-2 >= 0
q_-40 >= 0
m >= 0
-m+p_-1 >= 0
p_-50 >= 0
r_-60 >= 0
-i+i'-1 >= 0
k'-1 >= 0
-m'+p_-1 >= 0
-k'+q_-2 >= 0
-i'+n_-2 >= 0
m' >= 0
j'-1 >= 0


--- Dep 21 from S1 to S2; satisfied: 0, sat level: -1; Type: RAW
on variable: add
Dependence polyhedron
Set #1
[16 dims; 23 constraints]
-i+i' = 0
-iter+iter' = 0
iter >= 0
-iter+ITERA-1 >= 0
ITERA-10000 >= 0
i-1 >= 0
-i+n_-2 >= 0
n_-20 >= 0
j-1 >= 0
m' >= 0
m_-30 >= 0
k-1 >= 0
-k+q_-2 >= 0
q_-40 >= 0
m >= 0
-m+p_-1 >= 0
p_-50 >= 0
r_-60 >= 0
-j+j'-1 >= 0
k'-1 >= 0
-m'+p_-1 >= 0
-k'+q_-2 >= 0
-j'+m_-2 >= 0


--- Dep 22 from S1 to S2; satisfied: 0, sat level: -1; Type: RAW
on variable: add
Dependence polyhedron
Set #1
[16 dims; 22 constraints]
-j+j' = 0
-i+i' = 0
-iter+iter' = 0
iter >= 0
-iter+ITERA-1 >= 0
ITERA-10000 >= 0
i-1 >= 0
-i+n_-2 >= 0
n_-20 >= 0
j-1 >= 0
-j+m_-2 >= 0
m_-30 >= 0
k-1 >= 0
-k'+q_-2 >= 0
q_-40 >= 0
m >= 0
-m+p_-1 >= 0
p_-50 >= 0
r_-60 >= 0
-k+k'-1 >= 0
m' >= 0
-m'+p_-1 >= 0


--- Dep 23 from S1 to S2; satisfied: 0, sat level: -1; Type: RAW
on variable: add
Dependence polyhedron
Set #1
[16 dims; 21 constraints]
-k+k' = 0
-j+j' = 0
-i+i' = 0
-iter+iter' = 0
iter >= 0
-iter+ITERA-1 >= 0
ITERA-10000 >= 0
i-1 >= 0
-i+n_-2 >= 0
n_-20 >= 0
j-1 >= 0
-j+m_-2 >= 0
m_-30 >= 0
k-1 >= 0
-k+q_-2 >= 0
q_-40 >= 0
m >= 0
-m'+p_-1 >= 0
p_-50 >= 0
r_-60 >= 0
-m+m' >= 0


--- Dep 24 from S3 to S3; satisfied: 0, sat level: -1; Type: WAR
on variable: rms
Dependence polyhedron
Set #1
[12 dims; 16 constraints]
-m+m' = 0
iter >= 0
d' >= 0
ITERA-10000 >= 0
m >= 0
-m+p_-1 >= 0
p_-50 >= 0
d >= 0
-d+r_ >= 0
r_-60 >= 0
q_-40 >= 0
n_-20 >= 0
m_-30 >= 0
-iter+iter'-1 >= 0
-iter'+ITERA-1 >= 0
-d'+r_ >= 0


--- Dep 25 from S3 to S3; satisfied: 0, sat level: -1; Type: WAR
on variable: rms
Dependence polyhedron
Set #1
[12 dims; 15 constraints]
-m+m' = 0
-iter+iter' = 0
iter >= 0
-iter+ITERA-1 >= 0
ITERA-10000 >= 0
m >= 0
-m+p_-1 >= 0
p_-50 >= 0
d >= 0
-d'+r_ >= 0
r_-60 >= 0
q_-40 >= 0
n_-20 >= 0
m_-30 >= 0
-d+d'-1 >= 0


--- Dep 26 from S4 to S3; satisfied: 0, sat level: -1; Type: WAR
on variable: rms
Dependence polyhedron
Set #1
[11 dims; 16 constraints]
-m+m' = 0
iter >= 0
-iter+ITERA-1 >= 0
ITERA-10000 >= 0
m >= 0
-m+p_-1 >= 0
p_-50 >= 0
r_-60 >= 0
n_-20 >= 0
m_-30 >= 0
q_-40 >= 0
iter' >= 0
-iter'+ITERA-1 >= 0
-d'+r_ >= 0
d' >= 0
-iter+iter'-1 >= 0


--- Dep 27 from S2 to S3; satisfied: 0, sat level: -1; Type: WAR
on variable: rms
Dependence polyhedron
Set #1
[14 dims; 22 constraints]
-m+m' = 0
iter >= 0
-iter+ITERA-1 >= 0
ITERA-10000 >= 0
i-1 >= 0
-i+n_-2 >= 0
n_-20 >= 0
j-1 >= 0
-j+m_-2 >= 0
m_-30 >= 0
k-1 >= 0
-k+q_-2 >= 0
q_-40 >= 0
m >= 0
-m+p_-1 >= 0
p_-50 >= 0
r_-60 >= 0
iter' >= 0
-iter'+ITERA-1 >= 0
-d'+r_ >= 0
d' >= 0
-iter+iter' >= 0


--- Dep 28 from S2 to S1; satisfied: 0, sat level: -1; Type: WAR
on variable: add
Dependence polyhedron
Set #1
[16 dims; 25 constraints]
iter >= 0
k'-1 >= 0
ITERA-10000 >= 0
i-1 >= 0
-i+n_-2 >= 0
n_-20 >= 0
j-1 >= 0
-j+m_-2 >= 0
m_-30 >= 0
k-1 >= 0
-k+q_-2 >= 0
q_-40 >= 0
m >= 0
-m+p_-1 >= 0
p_-50 >= 0
r_-60 >= 0
-iter+iter'-1 >= 0
-iter'+ITERA-1 >= 0
-m'+p_-1 >= 0
i'-1 >= 0
-i'+n_-2 >= 0
m' >= 0
j'-1 >= 0
-j'+m_-2 >= 0
-k'+q_-2 >= 0


--- Dep 29 from S2 to S1; satisfied: 0, sat level: -1; Type: WAR
on variable: add
Dependence polyhedron
Set #1
[16 dims; 24 constraints]
-iter+iter' = 0
iter >= 0
-iter+ITERA-1 >= 0
ITERA-10000 >= 0
i-1 >= 0
-j'+m_-2 >= 0
n_-20 >= 0
j-1 >= 0
-j+m_-2 >= 0
m_-30 >= 0
k-1 >= 0
-k+q_-2 >= 0
q_-40 >= 0
m >= 0
-m+p_-1 >= 0
p_-50 >= 0
r_-60 >= 0
-i+i'-1 >= 0
k'-1 >= 0
-m'+p_-1 >= 0
-k'+q_-2 >= 0
-i'+n_-2 >= 0
m' >= 0
j'-1 >= 0


--- Dep 30 from S2 to S1; satisfied: 0, sat level: -1; Type: WAR
on variable: add
Dependence polyhedron
Set #1
[16 dims; 23 constraints]
-i+i' = 0
-iter+iter' = 0
iter >= 0
-iter+ITERA-1 >= 0
ITERA-10000 >= 0
i-1 >= 0
-i+n_-2 >= 0
n_-20 >= 0
j-1 >= 0
m' >= 0
m_-30 >= 0
k-1 >= 0
-k+q_-2 >= 0
q_-40 >= 0
m >= 0
-m+p_-1 >= 0
p_-50 >= 0
r_-60 >= 0
-j+j'-1 >= 0
k'-1 >= 0
-m'+p_-1 >= 0
-k'+q_-2 >= 0
-j'+m_-2 >= 0


--- Dep 31 from S2 to S1; satisfied: 0, sat level: -1; Type: WAR
on variable: add
Dependence polyhedron
Set #1
[16 dims; 22 constraints]
-j+j' = 0
-i+i' = 0
-iter+iter' = 0
iter >= 0
-iter+ITERA-1 >= 0
ITERA-10000 >= 0
i-1 >= 0
-i+n_-2 >= 0
n_-20 >= 0
j-1 >= 0
-j+m_-2 >= 0
m_-30 >= 0
k-1 >= 0
-k'+q_-2 >= 0
q_-40 >= 0
m >= 0
-m+p_-1 >= 0
p_-50 >= 0
r_-60 >= 0
-k+k'-1 >= 0
m' >= 0
-m'+p_-1 >= 0


--- Dep 32 from S2 to S1; satisfied: 0, sat level: -1; Type: WAR
on variable: add
Dependence polyhedron
Set #1
[16 dims; 21 constraints]
-k+k' = 0
-j+j' = 0
-i+i' = 0
-iter+iter' = 0
iter >= 0
-iter+ITERA-1 >= 0
ITERA-10000 >= 0
i-1 >= 0
-i+n_-2 >= 0
n_-20 >= 0
j-1 >= 0
-j+m_-2 >= 0
m_-30 >= 0
k-1 >= 0
-k+q_-2 >= 0
q_-40 >= 0
m >= 0
-m'+p_-1 >= 0
p_-50 >= 0
r_-60 >= 0
-m+m'-1 >= 0


--- Dep 33 from S2 to S2; satisfied: 0, sat level: -1; Type: WAR
on variable: rms
Dependence polyhedron
Set #1
[16 dims; 24 constraints]
-m+m' = 0
iter >= 0
-j'+m_-2 >= 0
ITERA-10000 >= 0
i-1 >= 0
-i+n_-2 >= 0
n_-20 >= 0
j-1 >= 0
-j+m_-2 >= 0
m_-30 >= 0
k-1 >= 0
-k+q_-2 >= 0
q_-40 >= 0
m >= 0
-m+p_-1 >= 0
p_-50 >= 0
r_-60 >= 0
-iter+iter'-1 >= 0
-iter'+ITERA-1 >= 0
-k'+q_-2 >= 0
i'-1 >= 0
-i'+n_-2 >= 0
k'-1 >= 0
j'-1 >= 0


--- Dep 34 from S2 to S2; satisfied: 0, sat level: -1; Type: WAR
on variable: rms
Dependence polyhedron
Set #1
[16 dims; 23 constraints]
-m+m' = 0
-iter+iter' = 0
iter >= 0
-iter+ITERA-1 >= 0
ITERA-10000 >= 0
i-1 >= 0
k'-1 >= 0
n_-20 >= 0
j-1 >= 0
-j+m_-2 >= 0
m_-30 >= 0
k-1 >= 0
-k+q_-2 >= 0
q_-40 >= 0
m >= 0
-m+p_-1 >= 0
p_-50 >= 0
r_-60 >= 0
-i+i'-1 >= 0
-j'+m_-2 >= 0
-k'+q_-2 >= 0
j'-1 >= 0
-i'+n_-2 >= 0


--- Dep 35 from S2 to S2; satisfied: 0, sat level: -1; Type: WAR
on variable: rms
Dependence polyhedron
Set #1
[16 dims; 22 constraints]
-m+m' = 0
-i+i' = 0
-iter+iter' = 0
iter >= 0
-iter+ITERA-1 >= 0
ITERA-10000 >= 0
i-1 >= 0
-i+n_-2 >= 0
n_-20 >= 0
j-1 >= 0
k'-1 >= 0
m_-30 >= 0
k-1 >= 0
-k+q_-2 >= 0
q_-40 >= 0
m >= 0
-m+p_-1 >= 0
p_-50 >= 0
r_-60 >= 0
-j+j'-1 >= 0
-j'+m_-2 >= 0
-k'+q_-2 >= 0


--- Dep 36 from S2 to S2; satisfied: 0, sat level: -1; Type: WAR
on variable: rms
Dependence polyhedron
Set #1
[16 dims; 21 constraints]
-m+m' = 0
-j+j' = 0
-i+i' = 0
-iter+iter' = 0
iter >= 0
-iter+ITERA-1 >= 0
ITERA-10000 >= 0
i-1 >= 0
-i+n_-2 >= 0
n_-20 >= 0
j-1 >= 0
-j+m_-2 >= 0
m_-30 >= 0
k-1 >= 0
-k'+q_-2 >= 0
q_-40 >= 0
m >= 0
-m+p_-1 >= 0
p_-50 >= 0
r_-60 >= 0
-k+k'-1 >= 0


--- Dep 37 from S4 to S4; satisfied: 0, sat level: -1; Type: WAR
on variable: rms
Dependence polyhedron
Set #1
[10 dims; 14 constraints]
-m+m' = 0
iter >= 0
-iter+ITERA-1 >= 0
ITERA-10000 >= 0
m >= 0
-m+p_-1 >= 0
p_-50 >= 0
r_-60 >= 0
n_-20 >= 0
m_-30 >= 0
q_-40 >= 0
iter' >= 0
-iter'+ITERA-1 >= 0
-iter+iter'-1 >= 0


--- Dep 38 from S2 to S4; satisfied: 0, sat level: -1; Type: WAR
on variable: rms
Dependence polyhedron
Set #1
[13 dims; 20 constraints]
-m+m' = 0
iter >= 0
-iter+ITERA-1 >= 0
ITERA-10000 >= 0
i-1 >= 0
-i+n_-2 >= 0
n_-20 >= 0
j-1 >= 0
-j+m_-2 >= 0
m_-30 >= 0
k-1 >= 0
-k+q_-2 >= 0
q_-40 >= 0
m >= 0
-m+p_-1 >= 0
p_-50 >= 0
r_-60 >= 0
iter' >= 0
-iter'+ITERA-1 >= 0
-iter+iter' >= 0


--- Dep 39 from S3 to S4; satisfied: 0, sat level: -1; Type: WAR
on variable: rms
Dependence polyhedron
Set #1
[11 dims; 14 constraints]
-m+m' = 0
iter >= 0
-iter'+ITERA-1 >= 0
ITERA-10000 >= 0
m >= 0
-m+p_-1 >= 0
p_-50 >= 0
d >= 0
-d+r_ >= 0
r_-60 >= 0
q_-40 >= 0
n_-20 >= 0
m_-30 >= 0
-iter+iter' >= 0


--- Dep 40 from S2 to S1; satisfied: 0, sat level: -1; Type: WAR
on variable: add
Dependence polyhedron
Set #1
[16 dims; 25 constraints]
iter >= 0
k'-1 >= 0
ITERA-10000 >= 0
i-1 >= 0
-i+n_-2 >= 0
n_-20 >= 0
j-1 >= 0
-j+m_-2 >= 0
m_-30 >= 0
k-1 >= 0
-k+q_-2 >= 0
q_-40 >= 0
m >= 0
-m+p_-1 >= 0
p_-50 >= 0
r_-60 >= 0
-iter+iter'-1 >= 0
-iter'+ITERA-1 >= 0
-m'+p_-1 >= 0
i'-1 >= 0
-i'+n_-2 >= 0
m' >= 0
j'-1 >= 0
-j'+m_-2 >= 0
-k'+q_-2 >= 0


--- Dep 41 from S2 to S1; satisfied: 0, sat level: -1; Type: WAR
on variable: add
Dependence polyhedron
Set #1
[16 dims; 24 constraints]
-iter+iter' = 0
iter >= 0
-iter+ITERA-1 >= 0
ITERA-10000 >= 0
i-1 >= 0
-j'+m_-2 >= 0
n_-20 >= 0
j-1 >= 0
-j+m_-2 >= 0
m_-30 >= 0
k-1 >= 0
-k+q_-2 >= 0
q_-40 >= 0
m >= 0
-m+p_-1 >= 0
p_-50 >= 0
r_-60 >= 0
-i+i'-1 >= 0
k'-1 >= 0
-m'+p_-1 >= 0
-k'+q_-2 >= 0
-i'+n_-2 >= 0
m' >= 0
j'-1 >= 0


--- Dep 42 from S2 to S1; satisfied: 0, sat level: -1; Type: WAR
on variable: add
Dependence polyhedron
Set #1
[16 dims; 23 constraints]
-i+i' = 0
-iter+iter' = 0
iter >= 0
-iter+ITERA-1 >= 0
ITERA-10000 >= 0
i-1 >= 0
-i+n_-2 >= 0
n_-20 >= 0
j-1 >= 0
m' >= 0
m_-30 >= 0
k-1 >= 0
-k+q_-2 >= 0
q_-40 >= 0
m >= 0
-m+p_-1 >= 0
p_-50 >= 0
r_-60 >= 0
-j+j'-1 >= 0
k'-1 >= 0
-m'+p_-1 >= 0
-k'+q_-2 >= 0
-j'+m_-2 >= 0


--- Dep 43 from S2 to S1; satisfied: 0, sat level: -1; Type: WAR
on variable: add
Dependence polyhedron
Set #1
[16 dims; 22 constraints]
-j+j' = 0
-i+i' = 0
-iter+iter' = 0
iter >= 0
-iter+ITERA-1 >= 0
ITERA-10000 >= 0
i-1 >= 0
-i+n_-2 >= 0
n_-20 >= 0
j-1 >= 0
-j+m_-2 >= 0
m_-30 >= 0
k-1 >= 0
-k'+q_-2 >= 0
q_-40 >= 0
m >= 0
-m+p_-1 >= 0
p_-50 >= 0
r_-60 >= 0
-k+k'-1 >= 0
m' >= 0
-m'+p_-1 >= 0


--- Dep 44 from S2 to S1; satisfied: 0, sat level: -1; Type: WAR
on variable: add
Dependence polyhedron
Set #1
[16 dims; 21 constraints]
-k+k' = 0
-j+j' = 0
-i+i' = 0
-iter+iter' = 0
iter >= 0
-iter+ITERA-1 >= 0
ITERA-10000 >= 0
i-1 >= 0
-i+n_-2 >= 0
n_-20 >= 0
j-1 >= 0
-j+m_-2 >= 0
m_-30 >= 0
k-1 >= 0
-k+q_-2 >= 0
q_-40 >= 0
m >= 0
-m'+p_-1 >= 0
p_-50 >= 0
r_-60 >= 0
-m+m'-1 >= 0


--- Dep 45 from S3 to S2; satisfied: 0, sat level: -1; Type: WAR
on variable: rms
Dependence polyhedron
Set #1
[14 dims; 22 constraints]
-m+m' = 0
iter >= 0
-iter+ITERA-1 >= 0
ITERA-10000 >= 0
m >= 0
-m+p_-1 >= 0
p_-50 >= 0
d >= 0
-d+r_ >= 0
r_-60 >= 0
q_-40 >= 0
n_-20 >= 0
m_-30 >= 0
iter' >= 0
-iter'+ITERA-1 >= 0
-k'+q_-2 >= 0
i'-1 >= 0
-i'+n_-2 >= 0
k'-1 >= 0
j'-1 >= 0
-j'+m_-2 >= 0
-iter+iter'-1 >= 0


--- Dep 46 from S4 to S2; satisfied: 0, sat level: -1; Type: WAR
on variable: rms
Dependence polyhedron
Set #1
[13 dims; 20 constraints]
-m+m' = 0
iter >= 0
-iter+ITERA-1 >= 0
ITERA-10000 >= 0
m >= 0
-m+p_-1 >= 0
p_-50 >= 0
r_-60 >= 0
n_-20 >= 0
m_-30 >= 0
q_-40 >= 0
iter' >= 0
-iter'+ITERA-1 >= 0
-k'+q_-2 >= 0
i'-1 >= 0
-i'+n_-2 >= 0
k'-1 >= 0
j'-1 >= 0
-j'+m_-2 >= 0
-iter+iter'-1 >= 0


--- Dep 47 from S3 to S3; satisfied: 0, sat level: -1; Type: WAW
on variable: rms
Dependence polyhedron
Set #1
[12 dims; 16 constraints]
-m+m' = 0
iter >= 0
d' >= 0
ITERA-10000 >= 0
m >= 0
-m+p_-1 >= 0
p_-50 >= 0
d >= 0
-d+r_ >= 0
r_-60 >= 0
q_-40 >= 0
n_-20 >= 0
m_-30 >= 0
-iter+iter'-1 >= 0
-iter'+ITERA-1 >= 0
-d'+r_ >= 0


--- Dep 48 from S3 to S3; satisfied: 0, sat level: -1; Type: WAW
on variable: rms
Dependence polyhedron
Set #1
[12 dims; 15 constraints]
-m+m' = 0
-iter+iter' = 0
iter >= 0
-iter+ITERA-1 >= 0
ITERA-10000 >= 0
m >= 0
-m+p_-1 >= 0
p_-50 >= 0
d >= 0
-d'+r_ >= 0
r_-60 >= 0
q_-40 >= 0
n_-20 >= 0
m_-30 >= 0
-d+d'-1 >= 0


--- Dep 49 from S3 to S4; satisfied: 0, sat level: -1; Type: WAW
on variable: rms
Dependence polyhedron
Set #1
[11 dims; 14 constraints]
-m+m' = 0
iter >= 0
-iter'+ITERA-1 >= 0
ITERA-10000 >= 0
m >= 0
-m+p_-1 >= 0
p_-50 >= 0
d >= 0
-d+r_ >= 0
r_-60 >= 0
q_-40 >= 0
n_-20 >= 0
m_-30 >= 0
-iter+iter' >= 0


--- Dep 50 from S2 to S4; satisfied: 0, sat level: -1; Type: WAW
on variable: rms
Dependence polyhedron
Set #1
[13 dims; 20 constraints]
-m+m' = 0
iter >= 0
-iter+ITERA-1 >= 0
ITERA-10000 >= 0
i-1 >= 0
-i+n_-2 >= 0
n_-20 >= 0
j-1 >= 0
-j+m_-2 >= 0
m_-30 >= 0
k-1 >= 0
-k+q_-2 >= 0
q_-40 >= 0
m >= 0
-m+p_-1 >= 0
p_-50 >= 0
r_-60 >= 0
iter' >= 0
-iter'+ITERA-1 >= 0
-iter+iter' >= 0


--- Dep 51 from S3 to S2; satisfied: 0, sat level: -1; Type: WAW
on variable: rms
Dependence polyhedron
Set #1
[14 dims; 22 constraints]
-m+m' = 0
iter >= 0
-iter+ITERA-1 >= 0
ITERA-10000 >= 0
m >= 0
-m+p_-1 >= 0
p_-50 >= 0
d >= 0
-d+r_ >= 0
r_-60 >= 0
q_-40 >= 0
n_-20 >= 0
m_-30 >= 0
iter' >= 0
-iter'+ITERA-1 >= 0
-k'+q_-2 >= 0
i'-1 >= 0
-i'+n_-2 >= 0
k'-1 >= 0
j'-1 >= 0
-j'+m_-2 >= 0
-iter+iter'-1 >= 0


--- Dep 52 from S4 to S2; satisfied: 0, sat level: -1; Type: WAW
on variable: rms
Dependence polyhedron
Set #1
[13 dims; 20 constraints]
-m+m' = 0
iter >= 0
-iter+ITERA-1 >= 0
ITERA-10000 >= 0
m >= 0
-m+p_-1 >= 0
p_-50 >= 0
r_-60 >= 0
n_-20 >= 0
m_-30 >= 0
q_-40 >= 0
iter' >= 0
-iter'+ITERA-1 >= 0
-k'+q_-2 >= 0
i'-1 >= 0
-i'+n_-2 >= 0
k'-1 >= 0
j'-1 >= 0
-j'+m_-2 >= 0
-iter+iter'-1 >= 0


--- Dep 53 from S2 to S3; satisfied: 0, sat level: -1; Type: WAW
on variable: rms
Dependence polyhedron
Set #1
[14 dims; 22 constraints]
-m+m' = 0
iter >= 0
-iter+ITERA-1 >= 0
ITERA-10000 >= 0
i-1 >= 0
-i+n_-2 >= 0
n_-20 >= 0
j-1 >= 0
-j+m_-2 >= 0
m_-30 >= 0
k-1 >= 0
-k+q_-2 >= 0
q_-40 >= 0
m >= 0
-m+p_-1 >= 0
p_-50 >= 0
r_-60 >= 0
iter' >= 0
-iter'+ITERA-1 >= 0
-d'+r_ >= 0
d' >= 0
-iter+iter' >= 0


--- Dep 54 from S2 to S2; satisfied: 0, sat level: -1; Type: WAW
on variable: rms
Dependence polyhedron
Set #1
[16 dims; 24 constraints]
-m+m' = 0
iter >= 0
-j'+m_-2 >= 0
ITERA-10000 >= 0
i-1 >= 0
-i+n_-2 >= 0
n_-20 >= 0
j-1 >= 0
-j+m_-2 >= 0
m_-30 >= 0
k-1 >= 0
-k+q_-2 >= 0
q_-40 >= 0
m >= 0
-m+p_-1 >= 0
p_-50 >= 0
r_-60 >= 0
-iter+iter'-1 >= 0
-iter'+ITERA-1 >= 0
-k'+q_-2 >= 0
i'-1 >= 0
-i'+n_-2 >= 0
k'-1 >= 0
j'-1 >= 0


--- Dep 55 from S2 to S2; satisfied: 0, sat level: -1; Type: WAW
on variable: rms
Dependence polyhedron
Set #1
[16 dims; 23 constraints]
-m+m' = 0
-iter+iter' = 0
iter >= 0
-iter+ITERA-1 >= 0
ITERA-10000 >= 0
i-1 >= 0
k'-1 >= 0
n_-20 >= 0
j-1 >= 0
-j+m_-2 >= 0
m_-30 >= 0
k-1 >= 0
-k+q_-2 >= 0
q_-40 >= 0
m >= 0
-m+p_-1 >= 0
p_-50 >= 0
r_-60 >= 0
-i+i'-1 >= 0
-j'+m_-2 >= 0
-k'+q_-2 >= 0
j'-1 >= 0
-i'+n_-2 >= 0


--- Dep 56 from S2 to S2; satisfied: 0, sat level: -1; Type: WAW
on variable: rms
Dependence polyhedron
Set #1
[16 dims; 22 constraints]
-m+m' = 0
-i+i' = 0
-iter+iter' = 0
iter >= 0
-iter+ITERA-1 >= 0
ITERA-10000 >= 0
i-1 >= 0
-i+n_-2 >= 0
n_-20 >= 0
j-1 >= 0
k'-1 >= 0
m_-30 >= 0
k-1 >= 0
-k+q_-2 >= 0
q_-40 >= 0
m >= 0
-m+p_-1 >= 0
p_-50 >= 0
r_-60 >= 0
-j+j'-1 >= 0
-j'+m_-2 >= 0
-k'+q_-2 >= 0


--- Dep 57 from S2 to S2; satisfied: 0, sat level: -1; Type: WAW
on variable: rms
Dependence polyhedron
Set #1
[16 dims; 21 constraints]
-m+m' = 0
-j+j' = 0
-i+i' = 0
-iter+iter' = 0
iter >= 0
-iter+ITERA-1 >= 0
ITERA-10000 >= 0
i-1 >= 0
-i+n_-2 >= 0
n_-20 >= 0
j-1 >= 0
-j+m_-2 >= 0
m_-30 >= 0
k-1 >= 0
-k'+q_-2 >= 0
q_-40 >= 0
m >= 0
-m+p_-1 >= 0
p_-50 >= 0
r_-60 >= 0
-k+k'-1 >= 0


--- Dep 58 from S1 to S1; satisfied: 0, sat level: -1; Type: WAW
on variable: add
Dependence polyhedron
Set #1
[16 dims; 25 constraints]
iter >= 0
k'-1 >= 0
ITERA-10000 >= 0
i-1 >= 0
-i+n_-2 >= 0
n_-20 >= 0
j-1 >= 0
-j+m_-2 >= 0
m_-30 >= 0
k-1 >= 0
-k+q_-2 >= 0
q_-40 >= 0
m >= 0
-m+p_-1 >= 0
p_-50 >= 0
r_-60 >= 0
-iter+iter'-1 >= 0
-iter'+ITERA-1 >= 0
-m'+p_-1 >= 0
i'-1 >= 0
-i'+n_-2 >= 0
m' >= 0
j'-1 >= 0
-j'+m_-2 >= 0
-k'+q_-2 >= 0


--- Dep 59 from S1 to S1; satisfied: 0, sat level: -1; Type: WAW
on variable: add
Dependence polyhedron
Set #1
[16 dims; 24 constraints]
-iter+iter' = 0
iter >= 0
-iter+ITERA-1 >= 0
ITERA-10000 >= 0
i-1 >= 0
-j'+m_-2 >= 0
n_-20 >= 0
j-1 >= 0
-j+m_-2 >= 0
m_-30 >= 0
k-1 >= 0
-k+q_-2 >= 0
q_-40 >= 0
m >= 0
-m+p_-1 >= 0
p_-50 >= 0
r_-60 >= 0
-i+i'-1 >= 0
k'-1 >= 0
-m'+p_-1 >= 0
-k'+q_-2 >= 0
-i'+n_-2 >= 0
m' >= 0
j'-1 >= 0


--- Dep 60 from S1 to S1; satisfied: 0, sat level: -1; Type: WAW
on variable: add
Dependence polyhedron
Set #1
[16 dims; 23 constraints]
-i+i' = 0
-iter+iter' = 0
iter >= 0
-iter+ITERA-1 >= 0
ITERA-10000 >= 0
i-1 >= 0
-i+n_-2 >= 0
n_-20 >= 0
j-1 >= 0
m' >= 0
m_-30 >= 0
k-1 >= 0
-k+q_-2 >= 0
q_-40 >= 0
m >= 0
-m+p_-1 >= 0
p_-50 >= 0
r_-60 >= 0
-j+j'-1 >= 0
k'-1 >= 0
-m'+p_-1 >= 0
-k'+q_-2 >= 0
-j'+m_-2 >= 0


--- Dep 61 from S1 to S1; satisfied: 0, sat level: -1; Type: WAW
on variable: add
Dependence polyhedron
Set #1
[16 dims; 22 constraints]
-j+j' = 0
-i+i' = 0
-iter+iter' = 0
iter >= 0
-iter+ITERA-1 >= 0
ITERA-10000 >= 0
i-1 >= 0
-i+n_-2 >= 0
n_-20 >= 0
j-1 >= 0
-j+m_-2 >= 0
m_-30 >= 0
k-1 >= 0
-k'+q_-2 >= 0
q_-40 >= 0
m >= 0
-m+p_-1 >= 0
p_-50 >= 0
r_-60 >= 0
-k+k'-1 >= 0
m' >= 0
-m'+p_-1 >= 0


--- Dep 62 from S1 to S1; satisfied: 0, sat level: -1; Type: WAW
on variable: add
Dependence polyhedron
Set #1
[16 dims; 21 constraints]
-k+k' = 0
-j+j' = 0
-i+i' = 0
-iter+iter' = 0
iter >= 0
-iter+ITERA-1 >= 0
ITERA-10000 >= 0
i-1 >= 0
-i+n_-2 >= 0
n_-20 >= 0
j-1 >= 0
-j+m_-2 >= 0
m_-30 >= 0
k-1 >= 0
-k+q_-2 >= 0
q_-40 >= 0
m >= 0
-m'+p_-1 >= 0
p_-50 >= 0
r_-60 >= 0
-m+m'-1 >= 0


--- Dep 63 from S4 to S4; satisfied: 0, sat level: -1; Type: WAW
on variable: rms
Dependence polyhedron
Set #1
[10 dims; 14 constraints]
-m+m' = 0
iter >= 0
-iter+ITERA-1 >= 0
ITERA-10000 >= 0
m >= 0
-m+p_-1 >= 0
p_-50 >= 0
r_-60 >= 0
n_-20 >= 0
m_-30 >= 0
q_-40 >= 0
iter' >= 0
-iter'+ITERA-1 >= 0
-iter+iter'-1 >= 0


--- Dep 64 from S4 to S3; satisfied: 0, sat level: -1; Type: WAW
on variable: rms
Dependence polyhedron
Set #1
[11 dims; 16 constraints]
-m+m' = 0
iter >= 0
-iter+ITERA-1 >= 0
ITERA-10000 >= 0
m >= 0
-m+p_-1 >= 0
p_-50 >= 0
r_-60 >= 0
n_-20 >= 0
m_-30 >= 0
q_-40 >= 0
iter' >= 0
-iter'+ITERA-1 >= 0
-d'+r_ >= 0
d' >= 0
-iter+iter'-1 >= 0


[zyj-debug] After affine transformations
T(S1): (iter, 0, i, j, k, m, 2, 0, 0)
loop types (loop, scalar, loop, loop, loop, loop, scalar, scalar, scalar)

T(S2): (iter, 0, i, j, k, m, 3, 0, 0)
loop types (loop, scalar, loop, loop, loop, loop, scalar, scalar, scalar)

T(S3): (iter, 1, zT3, zT4, d, m, 0, 0, 1)
loop types (loop, scalar, loop, loop, loop, loop, scalar, scalar, scalar)

T(S4): (iter, 2, zT2, m, 0, 0, 0, 0, 0)
loop types (loop, scalar, loop, loop, scalar, scalar, scalar, scalar, scalar)

t1 --> serial   loop   (band 0)no-ujam
t2 --> fwd_dep  scalar (band 1)no-ujam
t3 --> serial   loop   (band 1)no-ujam
t4 --> serial   loop   (band 2)no-ujam
t5 --> serial   loop   (band 3)no-ujam
t6 --> serial   loop   (band 4)no-ujam
t7 --> fwd_dep  scalar (band 5)no-ujam
t8 --> parallel scalar (band 5)no-ujam
t9 --> parallel scalar (band 5)no-ujam

