param_name: ITERATIONS
param_val: 10000

param_name: iend
param_val: 20

param_name: jend
param_val: 30

param_name: nz
param_val: 40

param_name: n
param_val: 5

CONTEXT
5 9 0 0 0 7
# e/i| P1   P2   P3   P4   P5   P6   P7 |  1  
   1    1    0    0    0    0    0    0 -10000    ## P1-10000 >= 0
   1    0    0    1    0    0    0    0  -20    ## P3-20 >= 0
   1    0    0    0    0    1    0    0  -30    ## P5-30 >= 0
   1    0    0    0    0    0    1    0  -40    ## P6-40 >= 0
   1    0    0    0    0    0    0    1   -5    ## P7-5 >= 0
[zyj-debug] Before affine transformations
S1 "v[i][j][k][m] = v[i][j][k][m] - omega * (ldz[i][j][m][0] * v[i][j][k - 1][0] + ldz[i][j][m][1] * v[i][j][k - 1][1] + ldz[i][j][m][2] * v[i][j][k - 1][2] + ldz[i][j][m][3] * v[i][j][k - 1][3] + ldz[i][j][m][4] * v[i][j][k - 1][4]);"
ndims: 5; orig_depth: 5
iterators: iter, i, j, k, m
Index set
Set #1
[12 dims; 15 constraints]
iter >= 0
-iter+ITERA-1 >= 0
ITERA-1 >= 0
i-ist >= 0
-i+iend >= 0
-ist+iend >= 0
j-jst >= 0
-j+jend >= 0
-jst+jend >= 0
k-1 >= 0
-k+nz-2 >= 0
nz-3 >= 0
m >= 0
-m+n-1 >= 0
n-1 >= 0

T(S1): (0, iter, 0, i, 0, j, 0, k, 0, m, 0)
loop types (loop, loop, loop, loop, loop, loop, loop, loop, loop, loop, loop)

Read accesses
v[i][j][k][m]
omega[0]
ldz[i][j][m][0]
v[i][j][k-1][0]
ldz[i][j][m][1]
v[i][j][k-1][1]
ldz[i][j][m][2]
v[i][j][k-1][2]
ldz[i][j][m][3]
v[i][j][k-1][3]
ldz[i][j][m][4]
v[i][j][k-1][4]
Write accesses
v[i][j][k][m]
Original loop: 0 -> yes
Original loop: 1 -> yes
Original loop: 2 -> yes
Original loop: 3 -> yes
Original loop: 4 -> yes

--- Dep 1 from S1 to S1; satisfied: 0, sat level: -1; Type: RAW
on variable: v
Dependence polyhedron
Set #1
[17 dims; 20 constraints]
-k+k'-1 = 0
-j+j' = 0
-i+i' = 0
m-4 = 0
iter >= 0
-m'+n-1 >= 0
ITERA-10000 >= 0
i-ist >= 0
-i+iend >= 0
-iter+iter' >= 0
j-jst >= 0
-j+jend >= 0
-iter'+ITERA-1 >= 0
k-1 >= 0
-k+nz-3 >= 0
nz-40 >= 0
m' >= 0
n-5 >= 0
iend-20 >= 0
jend-30 >= 0


--- Dep 2 from S1 to S1; satisfied: 0, sat level: -1; Type: RAW
on variable: v
Dependence polyhedron
Set #1
[17 dims; 20 constraints]
-k+k'-1 = 0
-j+j' = 0
-i+i' = 0
m-3 = 0
iter >= 0
-m'+n-1 >= 0
ITERA-10000 >= 0
i-ist >= 0
-i+iend >= 0
-iter+iter' >= 0
j-jst >= 0
-j+jend >= 0
-iter'+ITERA-1 >= 0
k-1 >= 0
-k+nz-3 >= 0
nz-40 >= 0
m' >= 0
n-5 >= 0
iend-20 >= 0
jend-30 >= 0


--- Dep 3 from S1 to S1; satisfied: 0, sat level: -1; Type: RAW
on variable: v
Dependence polyhedron
Set #1
[17 dims; 20 constraints]
-k+k'-1 = 0
-j+j' = 0
-i+i' = 0
m-1 = 0
iter >= 0
-m'+n-1 >= 0
ITERA-10000 >= 0
i-ist >= 0
-i+iend >= 0
-iter+iter' >= 0
j-jst >= 0
-j+jend >= 0
-iter'+ITERA-1 >= 0
k-1 >= 0
-k+nz-3 >= 0
nz-40 >= 0
m' >= 0
n-5 >= 0
iend-20 >= 0
jend-30 >= 0


--- Dep 4 from S1 to S1; satisfied: 0, sat level: -1; Type: RAW
on variable: v
Dependence polyhedron
Set #1
[17 dims; 20 constraints]
-k+k'-1 = 0
-j+j' = 0
-i+i' = 0
m-2 = 0
iter >= 0
-m'+n-1 >= 0
ITERA-10000 >= 0
i-ist >= 0
-i+iend >= 0
-iter+iter' >= 0
j-jst >= 0
-j+jend >= 0
-iter'+ITERA-1 >= 0
k-1 >= 0
-k+nz-3 >= 0
nz-40 >= 0
m' >= 0
n-5 >= 0
iend-20 >= 0
jend-30 >= 0


--- Dep 5 from S1 to S1; satisfied: 0, sat level: -1; Type: RAW
on variable: v
Dependence polyhedron
Set #1
[17 dims; 20 constraints]
-k+k'-1 = 0
-j+j' = 0
-i+i' = 0
m = 0
iter >= 0
-m'+n-1 >= 0
ITERA-10000 >= 0
i-ist >= 0
-i+iend >= 0
-iter+iter' >= 0
j-jst >= 0
-j+jend >= 0
-iter'+ITERA-1 >= 0
k-1 >= 0
-k+nz-3 >= 0
nz-40 >= 0
m' >= 0
n-5 >= 0
iend-20 >= 0
jend-30 >= 0


--- Dep 6 from S1 to S1; satisfied: 0, sat level: -1; Type: RAW
on variable: v
Dependence polyhedron
Set #1
[17 dims; 24 constraints]
-m+m' = 0
-k+k' = 0
-j+j' = 0
-i+i' = 0
iter >= 0
-iter+ITERA-1 >= 0
ITERA-10000 >= 0
i-ist >= 0
-i+iend >= 0
-ist+iend >= 0
j-jst >= 0
-j+jend >= 0
-jst+jend >= 0
k-1 >= 0
-k+nz-2 >= 0
nz-40 >= 0
m >= 0
-m+n-1 >= 0
n-5 >= 0
jend-30 >= 0
iend-20 >= 0
iter' >= 0
-iter'+ITERA-1 >= 0
-iter+iter'-1 >= 0


--- Dep 7 from S1 to S1; satisfied: 0, sat level: -1; Type: WAR
on variable: v
Dependence polyhedron
Set #1
[17 dims; 24 constraints]
m'-3 = 0
-k+k'+1 = 0
-j+j' = 0
-i+i' = 0
iter >= 0
-iter+ITERA-1 >= 0
ITERA-10000 >= 0
i-ist >= 0
-i+iend >= 0
-ist+iend >= 0
j-jst >= 0
-j+jend >= 0
-jst+jend >= 0
k-2 >= 0
-k+nz-2 >= 0
nz-40 >= 0
m >= 0
-m+n-1 >= 0
n-5 >= 0
jend-30 >= 0
iend-20 >= 0
iter' >= 0
-iter'+ITERA-1 >= 0
-iter+iter'-1 >= 0


--- Dep 8 from S1 to S1; satisfied: 0, sat level: -1; Type: WAR
on variable: v
Dependence polyhedron
Set #1
[17 dims; 24 constraints]
-m+m' = 0
-k+k' = 0
-j+j' = 0
-i+i' = 0
iter >= 0
-iter+ITERA-1 >= 0
ITERA-10000 >= 0
i-ist >= 0
-i+iend >= 0
-ist+iend >= 0
j-jst >= 0
-j+jend >= 0
-jst+jend >= 0
k-1 >= 0
-k+nz-2 >= 0
nz-40 >= 0
m >= 0
-m+n-1 >= 0
n-5 >= 0
jend-30 >= 0
iend-20 >= 0
iter' >= 0
-iter'+ITERA-1 >= 0
-iter+iter'-1 >= 0


--- Dep 9 from S1 to S1; satisfied: 0, sat level: -1; Type: WAR
on variable: v
Dependence polyhedron
Set #1
[17 dims; 24 constraints]
m'-4 = 0
-k+k'+1 = 0
-j+j' = 0
-i+i' = 0
iter >= 0
-iter+ITERA-1 >= 0
ITERA-10000 >= 0
i-ist >= 0
-i+iend >= 0
-ist+iend >= 0
j-jst >= 0
-j+jend >= 0
-jst+jend >= 0
k-2 >= 0
-k+nz-2 >= 0
nz-40 >= 0
m >= 0
-m+n-1 >= 0
n-5 >= 0
jend-30 >= 0
iend-20 >= 0
iter' >= 0
-iter'+ITERA-1 >= 0
-iter+iter'-1 >= 0


--- Dep 10 from S1 to S1; satisfied: 0, sat level: -1; Type: WAR
on variable: v
Dependence polyhedron
Set #1
[17 dims; 24 constraints]
m'-2 = 0
-k+k'+1 = 0
-j+j' = 0
-i+i' = 0
iter >= 0
-iter+ITERA-1 >= 0
ITERA-10000 >= 0
i-ist >= 0
-i+iend >= 0
-ist+iend >= 0
j-jst >= 0
-j+jend >= 0
-jst+jend >= 0
k-2 >= 0
-k+nz-2 >= 0
nz-40 >= 0
m >= 0
-m+n-1 >= 0
n-5 >= 0
jend-30 >= 0
iend-20 >= 0
iter' >= 0
-iter'+ITERA-1 >= 0
-iter+iter'-1 >= 0


--- Dep 11 from S1 to S1; satisfied: 0, sat level: -1; Type: WAR
on variable: v
Dependence polyhedron
Set #1
[17 dims; 24 constraints]
m' = 0
-k+k'+1 = 0
-j+j' = 0
-i+i' = 0
iter >= 0
-iter+ITERA-1 >= 0
ITERA-10000 >= 0
i-ist >= 0
-i+iend >= 0
-ist+iend >= 0
j-jst >= 0
-j+jend >= 0
-jst+jend >= 0
k-2 >= 0
-k+nz-2 >= 0
nz-40 >= 0
m >= 0
-m+n-1 >= 0
n-5 >= 0
jend-30 >= 0
iend-20 >= 0
iter' >= 0
-iter'+ITERA-1 >= 0
-iter+iter'-1 >= 0


--- Dep 12 from S1 to S1; satisfied: 0, sat level: -1; Type: WAR
on variable: v
Dependence polyhedron
Set #1
[17 dims; 24 constraints]
m'-1 = 0
-k+k'+1 = 0
-j+j' = 0
-i+i' = 0
iter >= 0
-iter+ITERA-1 >= 0
ITERA-10000 >= 0
i-ist >= 0
-i+iend >= 0
-ist+iend >= 0
j-jst >= 0
-j+jend >= 0
-jst+jend >= 0
k-2 >= 0
-k+nz-2 >= 0
nz-40 >= 0
m >= 0
-m+n-1 >= 0
n-5 >= 0
jend-30 >= 0
iend-20 >= 0
iter' >= 0
-iter'+ITERA-1 >= 0
-iter+iter'-1 >= 0


--- Dep 13 from S1 to S1; satisfied: 0, sat level: -1; Type: WAW
on variable: v
Dependence polyhedron
Set #1
[17 dims; 24 constraints]
-m+m' = 0
-k+k' = 0
-j+j' = 0
-i+i' = 0
iter >= 0
-iter+ITERA-1 >= 0
ITERA-10000 >= 0
i-ist >= 0
-i+iend >= 0
-ist+iend >= 0
j-jst >= 0
-j+jend >= 0
-jst+jend >= 0
k-1 >= 0
-k+nz-2 >= 0
nz-40 >= 0
m >= 0
-m+n-1 >= 0
n-5 >= 0
jend-30 >= 0
iend-20 >= 0
iter' >= 0
-iter'+ITERA-1 >= 0
-iter+iter'-1 >= 0


[zyj-debug] After affine transformations
T(S1): (zT5, zT6, zT7, zT8, i, j, iter, iter+k, m)
loop types (loop, loop, loop, loop, loop, loop, loop, loop, loop)

t1 --> parallel loop   (band 0)no-ujam
t2 --> parallel loop   (band 0)no-ujam
t3 --> fwd_dep  loop   (band 0)no-ujam
t4 --> fwd_dep  loop   (band 0)no-ujam
t5 --> parallel loop   (band 0)no-ujam
t6 --> parallel loop   (band 0)no-ujam
t7 --> fwd_dep  loop   (band 0)no-ujam
t8 --> fwd_dep  loop   (band 0)no-ujam
t9 --> parallel loop   (band 1)no-ujam

