param_name: ITERATIONS
param_val: 10000

param_name: L2
param_val: 20

param_name: jend
param_val: 30

param_name: nz
param_val: 40

CONTEXT
4 8 0 0 0 6
# e/i| P1   P2   P3   P4   P5   P6 |  1  
   1    1    0    0    0    0    0 -10000    ## P1-10000 >= 0
   1    0    0    1    0    0    0  -20    ## P3-20 >= 0
   1    0    0    0    0    1    0  -30    ## P5-30 >= 0
   1    0    0    0    0    0    1  -40    ## P6-40 >= 0
[zyj-debug] Before affine transformations
S1 "flux[i][j][k][0] = rsd[i][j][k][1];"
ndims: 4; orig_depth: 4
iterators: iter, i, j, k
Index set
Set #1
[10 dims; 12 constraints]
iter >= 0
-iter+ITERA-1 >= 0
ITERA-1 >= 0
i-L1 >= 0
-i+L2 >= 0
-L1+L2 >= 0
j-jst >= 0
-j+jend >= 0
-jst+jend >= 0
k-1 >= 0
-k+nz-2 >= 0
nz-3 >= 0

T(S1): (0, iter, 0, i, 0, j, 0, k, 0)
loop types (loop, loop, loop, loop, loop, loop, loop, loop, loop)

Read accesses
rsd[i][j][k][1]
Write accesses
flux[i][j][k][0]
Original loop: 0 -> yes
Original loop: 1 -> yes
Original loop: 2 -> yes
Original loop: 3 -> yes

S2 "u21 = rsd[i][j][k][1] / rsd[i][j][k][0];"
ndims: 4; orig_depth: 4
iterators: iter, i, j, k
Index set
Set #1
[10 dims; 12 constraints]
iter >= 0
-iter+ITERA-1 >= 0
ITERA-1 >= 0
i-L1 >= 0
-i+L2 >= 0
-L1+L2 >= 0
j-jst >= 0
-j+jend >= 0
-jst+jend >= 0
k-1 >= 0
-k+nz-2 >= 0
nz-3 >= 0

T(S2): (0, iter, 0, i, 0, j, 0, k, 1)
loop types (loop, loop, loop, loop, loop, loop, loop, loop, loop)

Read accesses
rsd[i][j][k][1]
rsd[i][j][k][0]
Write accesses
u21[0]
Original loop: 0 -> yes
Original loop: 1 -> yes
Original loop: 2 -> yes
Original loop: 3 -> yes

S3 "q = 0.50 * (rsd[i][j][k][1] * rsd[i][j][k][1] + rsd[i][j][k][2] * rsd[i][j][k][2] + rsd[i][j][k][3] * rsd[i][j][k][3]) / rsd[i][j][k][0];"
ndims: 4; orig_depth: 4
iterators: iter, i, j, k
Index set
Set #1
[10 dims; 12 constraints]
iter >= 0
-iter+ITERA-1 >= 0
ITERA-1 >= 0
i-L1 >= 0
-i+L2 >= 0
-L1+L2 >= 0
j-jst >= 0
-j+jend >= 0
-jst+jend >= 0
k-1 >= 0
-k+nz-2 >= 0
nz-3 >= 0

T(S3): (0, iter, 0, i, 0, j, 0, k, 2)
loop types (loop, loop, loop, loop, loop, loop, loop, loop, loop)

Read accesses
rsd[i][j][k][1]
rsd[i][j][k][1]
rsd[i][j][k][2]
rsd[i][j][k][2]
rsd[i][j][k][3]
rsd[i][j][k][3]
rsd[i][j][k][0]
Write accesses
q[0]
Original loop: 0 -> yes
Original loop: 1 -> yes
Original loop: 2 -> yes
Original loop: 3 -> yes

S4 "flux[i][j][k][1] = rsd[i][j][k][1] * u21 + C2 * (rsd[i][j][k][4] - q);"
ndims: 4; orig_depth: 4
iterators: iter, i, j, k
Index set
Set #1
[10 dims; 12 constraints]
iter >= 0
-iter+ITERA-1 >= 0
ITERA-1 >= 0
i-L1 >= 0
-i+L2 >= 0
-L1+L2 >= 0
j-jst >= 0
-j+jend >= 0
-jst+jend >= 0
k-1 >= 0
-k+nz-2 >= 0
nz-3 >= 0

T(S4): (0, iter, 0, i, 0, j, 0, k, 3)
loop types (loop, loop, loop, loop, loop, loop, loop, loop, loop)

Read accesses
rsd[i][j][k][1]
u21[0]
C2[0]
rsd[i][j][k][4]
q[0]
Write accesses
flux[i][j][k][1]
Original loop: 0 -> yes
Original loop: 1 -> yes
Original loop: 2 -> yes
Original loop: 3 -> yes

S5 "flux[i][j][k][2] = rsd[i][j][k][2] * u21;"
ndims: 4; orig_depth: 4
iterators: iter, i, j, k
Index set
Set #1
[10 dims; 12 constraints]
iter >= 0
-iter+ITERA-1 >= 0
ITERA-1 >= 0
i-L1 >= 0
-i+L2 >= 0
-L1+L2 >= 0
j-jst >= 0
-j+jend >= 0
-jst+jend >= 0
k-1 >= 0
-k+nz-2 >= 0
nz-3 >= 0

T(S5): (0, iter, 0, i, 0, j, 0, k, 4)
loop types (loop, loop, loop, loop, loop, loop, loop, loop, loop)

Read accesses
rsd[i][j][k][2]
u21[0]
Write accesses
flux[i][j][k][2]
Original loop: 0 -> yes
Original loop: 1 -> yes
Original loop: 2 -> yes
Original loop: 3 -> yes

S6 "flux[i][j][k][3] = rsd[i][j][k][3] * u21;"
ndims: 4; orig_depth: 4
iterators: iter, i, j, k
Index set
Set #1
[10 dims; 12 constraints]
iter >= 0
-iter+ITERA-1 >= 0
ITERA-1 >= 0
i-L1 >= 0
-i+L2 >= 0
-L1+L2 >= 0
j-jst >= 0
-j+jend >= 0
-jst+jend >= 0
k-1 >= 0
-k+nz-2 >= 0
nz-3 >= 0

T(S6): (0, iter, 0, i, 0, j, 0, k, 5)
loop types (loop, loop, loop, loop, loop, loop, loop, loop, loop)

Read accesses
rsd[i][j][k][3]
u21[0]
Write accesses
flux[i][j][k][3]
Original loop: 0 -> yes
Original loop: 1 -> yes
Original loop: 2 -> yes
Original loop: 3 -> yes

S7 "flux[i][j][k][4] = (C1 * rsd[i][j][k][4] - C2 * q) * u21;"
ndims: 4; orig_depth: 4
iterators: iter, i, j, k
Index set
Set #1
[10 dims; 12 constraints]
iter >= 0
-iter+ITERA-1 >= 0
ITERA-1 >= 0
i-L1 >= 0
-i+L2 >= 0
-L1+L2 >= 0
j-jst >= 0
-j+jend >= 0
-jst+jend >= 0
k-1 >= 0
-k+nz-2 >= 0
nz-3 >= 0

T(S7): (0, iter, 0, i, 0, j, 0, k, 6)
loop types (loop, loop, loop, loop, loop, loop, loop, loop, loop)

Read accesses
C1[0]
rsd[i][j][k][4]
C2[0]
q[0]
u21[0]
Write accesses
flux[i][j][k][4]
Original loop: 0 -> yes
Original loop: 1 -> yes
Original loop: 2 -> yes
Original loop: 3 -> yes

--- Dep 1 from S2 to S6; satisfied: 0, sat level: -1; Type: RAW
on variable: u21
Dependence polyhedron
Set #1
[14 dims; 19 constraints]
iter >= 0
k'-1 >= 0
ITERA-10000 >= 0
i-L1 >= 0
-i+L2 >= 0
j'-jst >= 0
j-jst >= 0
-j+jend >= 0
-j'+jend >= 0
k-1 >= 0
-k+nz-2 >= 0
nz-40 >= 0
jend-30 >= 0
L2-20 >= 0
-iter+iter'-1 >= 0
-iter'+ITERA-1 >= 0
-k'+nz-2 >= 0
i'-L1 >= 0
-i'+L2 >= 0


--- Dep 2 from S2 to S6; satisfied: 0, sat level: -1; Type: RAW
on variable: u21
Dependence polyhedron
Set #1
[14 dims; 18 constraints]
-iter+iter' = 0
iter >= 0
-iter+ITERA-1 >= 0
ITERA-10000 >= 0
i-L1 >= 0
j'-jst >= 0
-i'+L2 >= 0
j-jst >= 0
-j+jend >= 0
k'-1 >= 0
k-1 >= 0
-k+nz-2 >= 0
nz-40 >= 0
jend-30 >= 0
L2-20 >= 0
-i+i'-1 >= 0
-j'+jend >= 0
-k'+nz-2 >= 0


--- Dep 3 from S2 to S6; satisfied: 0, sat level: -1; Type: RAW
on variable: u21
Dependence polyhedron
Set #1
[14 dims; 17 constraints]
-i+i' = 0
-iter+iter' = 0
iter >= 0
-iter+ITERA-1 >= 0
ITERA-10000 >= 0
i-L1 >= 0
-i+L2 >= 0
-j'+jend >= 0
j-jst >= 0
-k'+nz-2 >= 0
k'-1 >= 0
k-1 >= 0
-k+nz-2 >= 0
nz-40 >= 0
jend-30 >= 0
L2-20 >= 0
-j+j'-1 >= 0


--- Dep 4 from S2 to S6; satisfied: 0, sat level: -1; Type: RAW
on variable: u21
Dependence polyhedron
Set #1
[14 dims; 16 constraints]
-j+j' = 0
-i+i' = 0
-iter+iter' = 0
iter >= 0
-iter+ITERA-1 >= 0
ITERA-10000 >= 0
i-L1 >= 0
-i+L2 >= 0
L2-20 >= 0
j-jst >= 0
-j+jend >= 0
-k+k' >= 0
k-1 >= 0
-k'+nz-2 >= 0
nz-40 >= 0
jend-30 >= 0


--- Dep 5 from S2 to S4; satisfied: 0, sat level: -1; Type: RAW
on variable: u21
Dependence polyhedron
Set #1
[14 dims; 19 constraints]
iter >= 0
k'-1 >= 0
ITERA-10000 >= 0
i-L1 >= 0
-i+L2 >= 0
j'-jst >= 0
j-jst >= 0
-j+jend >= 0
-j'+jend >= 0
k-1 >= 0
-k+nz-2 >= 0
nz-40 >= 0
jend-30 >= 0
L2-20 >= 0
-iter+iter'-1 >= 0
-iter'+ITERA-1 >= 0
-k'+nz-2 >= 0
i'-L1 >= 0
-i'+L2 >= 0


--- Dep 6 from S2 to S4; satisfied: 0, sat level: -1; Type: RAW
on variable: u21
Dependence polyhedron
Set #1
[14 dims; 18 constraints]
-iter+iter' = 0
iter >= 0
-iter+ITERA-1 >= 0
ITERA-10000 >= 0
i-L1 >= 0
j'-jst >= 0
-i'+L2 >= 0
j-jst >= 0
-j+jend >= 0
k'-1 >= 0
k-1 >= 0
-k+nz-2 >= 0
nz-40 >= 0
jend-30 >= 0
L2-20 >= 0
-i+i'-1 >= 0
-j'+jend >= 0
-k'+nz-2 >= 0


--- Dep 7 from S2 to S4; satisfied: 0, sat level: -1; Type: RAW
on variable: u21
Dependence polyhedron
Set #1
[14 dims; 17 constraints]
-i+i' = 0
-iter+iter' = 0
iter >= 0
-iter+ITERA-1 >= 0
ITERA-10000 >= 0
i-L1 >= 0
-i+L2 >= 0
-j'+jend >= 0
j-jst >= 0
-k'+nz-2 >= 0
k'-1 >= 0
k-1 >= 0
-k+nz-2 >= 0
nz-40 >= 0
jend-30 >= 0
L2-20 >= 0
-j+j'-1 >= 0


--- Dep 8 from S2 to S4; satisfied: 0, sat level: -1; Type: RAW
on variable: u21
Dependence polyhedron
Set #1
[14 dims; 16 constraints]
-j+j' = 0
-i+i' = 0
-iter+iter' = 0
iter >= 0
-iter+ITERA-1 >= 0
ITERA-10000 >= 0
i-L1 >= 0
-i+L2 >= 0
L2-20 >= 0
j-jst >= 0
-j+jend >= 0
-k+k' >= 0
k-1 >= 0
-k'+nz-2 >= 0
nz-40 >= 0
jend-30 >= 0


--- Dep 9 from S2 to S5; satisfied: 0, sat level: -1; Type: RAW
on variable: u21
Dependence polyhedron
Set #1
[14 dims; 19 constraints]
iter >= 0
k'-1 >= 0
ITERA-10000 >= 0
i-L1 >= 0
-i+L2 >= 0
j'-jst >= 0
j-jst >= 0
-j+jend >= 0
-j'+jend >= 0
k-1 >= 0
-k+nz-2 >= 0
nz-40 >= 0
jend-30 >= 0
L2-20 >= 0
-iter+iter'-1 >= 0
-iter'+ITERA-1 >= 0
-k'+nz-2 >= 0
i'-L1 >= 0
-i'+L2 >= 0


--- Dep 10 from S2 to S5; satisfied: 0, sat level: -1; Type: RAW
on variable: u21
Dependence polyhedron
Set #1
[14 dims; 18 constraints]
-iter+iter' = 0
iter >= 0
-iter+ITERA-1 >= 0
ITERA-10000 >= 0
i-L1 >= 0
j'-jst >= 0
-i'+L2 >= 0
j-jst >= 0
-j+jend >= 0
k'-1 >= 0
k-1 >= 0
-k+nz-2 >= 0
nz-40 >= 0
jend-30 >= 0
L2-20 >= 0
-i+i'-1 >= 0
-j'+jend >= 0
-k'+nz-2 >= 0


--- Dep 11 from S2 to S5; satisfied: 0, sat level: -1; Type: RAW
on variable: u21
Dependence polyhedron
Set #1
[14 dims; 17 constraints]
-i+i' = 0
-iter+iter' = 0
iter >= 0
-iter+ITERA-1 >= 0
ITERA-10000 >= 0
i-L1 >= 0
-i+L2 >= 0
-j'+jend >= 0
j-jst >= 0
-k'+nz-2 >= 0
k'-1 >= 0
k-1 >= 0
-k+nz-2 >= 0
nz-40 >= 0
jend-30 >= 0
L2-20 >= 0
-j+j'-1 >= 0


--- Dep 12 from S2 to S5; satisfied: 0, sat level: -1; Type: RAW
on variable: u21
Dependence polyhedron
Set #1
[14 dims; 16 constraints]
-j+j' = 0
-i+i' = 0
-iter+iter' = 0
iter >= 0
-iter+ITERA-1 >= 0
ITERA-10000 >= 0
i-L1 >= 0
-i+L2 >= 0
L2-20 >= 0
j-jst >= 0
-j+jend >= 0
-k+k' >= 0
k-1 >= 0
-k'+nz-2 >= 0
nz-40 >= 0
jend-30 >= 0


--- Dep 13 from S2 to S7; satisfied: 0, sat level: -1; Type: RAW
on variable: u21
Dependence polyhedron
Set #1
[14 dims; 19 constraints]
iter >= 0
k'-1 >= 0
ITERA-10000 >= 0
i-L1 >= 0
-i+L2 >= 0
j'-jst >= 0
j-jst >= 0
-j+jend >= 0
-j'+jend >= 0
k-1 >= 0
-k+nz-2 >= 0
nz-40 >= 0
jend-30 >= 0
L2-20 >= 0
-iter+iter'-1 >= 0
-iter'+ITERA-1 >= 0
-k'+nz-2 >= 0
i'-L1 >= 0
-i'+L2 >= 0


--- Dep 14 from S2 to S7; satisfied: 0, sat level: -1; Type: RAW
on variable: u21
Dependence polyhedron
Set #1
[14 dims; 18 constraints]
-iter+iter' = 0
iter >= 0
-iter+ITERA-1 >= 0
ITERA-10000 >= 0
i-L1 >= 0
j'-jst >= 0
-i'+L2 >= 0
j-jst >= 0
-j+jend >= 0
k'-1 >= 0
k-1 >= 0
-k+nz-2 >= 0
nz-40 >= 0
jend-30 >= 0
L2-20 >= 0
-i+i'-1 >= 0
-j'+jend >= 0
-k'+nz-2 >= 0


--- Dep 15 from S2 to S7; satisfied: 0, sat level: -1; Type: RAW
on variable: u21
Dependence polyhedron
Set #1
[14 dims; 17 constraints]
-i+i' = 0
-iter+iter' = 0
iter >= 0
-iter+ITERA-1 >= 0
ITERA-10000 >= 0
i-L1 >= 0
-i+L2 >= 0
-j'+jend >= 0
j-jst >= 0
-k'+nz-2 >= 0
k'-1 >= 0
k-1 >= 0
-k+nz-2 >= 0
nz-40 >= 0
jend-30 >= 0
L2-20 >= 0
-j+j'-1 >= 0


--- Dep 16 from S2 to S7; satisfied: 0, sat level: -1; Type: RAW
on variable: u21
Dependence polyhedron
Set #1
[14 dims; 16 constraints]
-j+j' = 0
-i+i' = 0
-iter+iter' = 0
iter >= 0
-iter+ITERA-1 >= 0
ITERA-10000 >= 0
i-L1 >= 0
-i+L2 >= 0
L2-20 >= 0
j-jst >= 0
-j+jend >= 0
-k+k' >= 0
k-1 >= 0
-k'+nz-2 >= 0
nz-40 >= 0
jend-30 >= 0


--- Dep 17 from S3 to S4; satisfied: 0, sat level: -1; Type: RAW
on variable: q
Dependence polyhedron
Set #1
[14 dims; 19 constraints]
iter >= 0
k'-1 >= 0
ITERA-10000 >= 0
i-L1 >= 0
-i+L2 >= 0
j'-jst >= 0
j-jst >= 0
-j+jend >= 0
-j'+jend >= 0
k-1 >= 0
-k+nz-2 >= 0
nz-40 >= 0
jend-30 >= 0
L2-20 >= 0
-iter+iter'-1 >= 0
-iter'+ITERA-1 >= 0
-k'+nz-2 >= 0
i'-L1 >= 0
-i'+L2 >= 0


--- Dep 18 from S3 to S4; satisfied: 0, sat level: -1; Type: RAW
on variable: q
Dependence polyhedron
Set #1
[14 dims; 18 constraints]
-iter+iter' = 0
iter >= 0
-iter+ITERA-1 >= 0
ITERA-10000 >= 0
i-L1 >= 0
j'-jst >= 0
-i'+L2 >= 0
j-jst >= 0
-j+jend >= 0
k'-1 >= 0
k-1 >= 0
-k+nz-2 >= 0
nz-40 >= 0
jend-30 >= 0
L2-20 >= 0
-i+i'-1 >= 0
-j'+jend >= 0
-k'+nz-2 >= 0


--- Dep 19 from S3 to S4; satisfied: 0, sat level: -1; Type: RAW
on variable: q
Dependence polyhedron
Set #1
[14 dims; 17 constraints]
-i+i' = 0
-iter+iter' = 0
iter >= 0
-iter+ITERA-1 >= 0
ITERA-10000 >= 0
i-L1 >= 0
-i+L2 >= 0
-j'+jend >= 0
j-jst >= 0
-k'+nz-2 >= 0
k'-1 >= 0
k-1 >= 0
-k+nz-2 >= 0
nz-40 >= 0
jend-30 >= 0
L2-20 >= 0
-j+j'-1 >= 0


--- Dep 20 from S3 to S4; satisfied: 0, sat level: -1; Type: RAW
on variable: q
Dependence polyhedron
Set #1
[14 dims; 16 constraints]
-j+j' = 0
-i+i' = 0
-iter+iter' = 0
iter >= 0
-iter+ITERA-1 >= 0
ITERA-10000 >= 0
i-L1 >= 0
-i+L2 >= 0
L2-20 >= 0
j-jst >= 0
-j+jend >= 0
-k+k' >= 0
k-1 >= 0
-k'+nz-2 >= 0
nz-40 >= 0
jend-30 >= 0


--- Dep 21 from S3 to S7; satisfied: 0, sat level: -1; Type: RAW
on variable: q
Dependence polyhedron
Set #1
[14 dims; 19 constraints]
iter >= 0
k'-1 >= 0
ITERA-10000 >= 0
i-L1 >= 0
-i+L2 >= 0
j'-jst >= 0
j-jst >= 0
-j+jend >= 0
-j'+jend >= 0
k-1 >= 0
-k+nz-2 >= 0
nz-40 >= 0
jend-30 >= 0
L2-20 >= 0
-iter+iter'-1 >= 0
-iter'+ITERA-1 >= 0
-k'+nz-2 >= 0
i'-L1 >= 0
-i'+L2 >= 0


--- Dep 22 from S3 to S7; satisfied: 0, sat level: -1; Type: RAW
on variable: q
Dependence polyhedron
Set #1
[14 dims; 18 constraints]
-iter+iter' = 0
iter >= 0
-iter+ITERA-1 >= 0
ITERA-10000 >= 0
i-L1 >= 0
j'-jst >= 0
-i'+L2 >= 0
j-jst >= 0
-j+jend >= 0
k'-1 >= 0
k-1 >= 0
-k+nz-2 >= 0
nz-40 >= 0
jend-30 >= 0
L2-20 >= 0
-i+i'-1 >= 0
-j'+jend >= 0
-k'+nz-2 >= 0


--- Dep 23 from S3 to S7; satisfied: 0, sat level: -1; Type: RAW
on variable: q
Dependence polyhedron
Set #1
[14 dims; 17 constraints]
-i+i' = 0
-iter+iter' = 0
iter >= 0
-iter+ITERA-1 >= 0
ITERA-10000 >= 0
i-L1 >= 0
-i+L2 >= 0
-j'+jend >= 0
j-jst >= 0
-k'+nz-2 >= 0
k'-1 >= 0
k-1 >= 0
-k+nz-2 >= 0
nz-40 >= 0
jend-30 >= 0
L2-20 >= 0
-j+j'-1 >= 0


--- Dep 24 from S3 to S7; satisfied: 0, sat level: -1; Type: RAW
on variable: q
Dependence polyhedron
Set #1
[14 dims; 16 constraints]
-j+j' = 0
-i+i' = 0
-iter+iter' = 0
iter >= 0
-iter+ITERA-1 >= 0
ITERA-10000 >= 0
i-L1 >= 0
-i+L2 >= 0
L2-20 >= 0
j-jst >= 0
-j+jend >= 0
-k+k' >= 0
k-1 >= 0
-k'+nz-2 >= 0
nz-40 >= 0
jend-30 >= 0


--- Dep 25 from S5 to S2; satisfied: 0, sat level: -1; Type: WAR
on variable: u21
Dependence polyhedron
Set #1
[14 dims; 19 constraints]
iter >= 0
k'-1 >= 0
ITERA-10000 >= 0
i-L1 >= 0
-i+L2 >= 0
j'-jst >= 0
j-jst >= 0
-j+jend >= 0
-j'+jend >= 0
k-1 >= 0
-k+nz-2 >= 0
nz-40 >= 0
jend-30 >= 0
L2-20 >= 0
-iter+iter'-1 >= 0
-iter'+ITERA-1 >= 0
-k'+nz-2 >= 0
i'-L1 >= 0
-i'+L2 >= 0


--- Dep 26 from S5 to S2; satisfied: 0, sat level: -1; Type: WAR
on variable: u21
Dependence polyhedron
Set #1
[14 dims; 18 constraints]
-iter+iter' = 0
iter >= 0
-iter+ITERA-1 >= 0
ITERA-10000 >= 0
i-L1 >= 0
j'-jst >= 0
-i'+L2 >= 0
j-jst >= 0
-j+jend >= 0
k'-1 >= 0
k-1 >= 0
-k+nz-2 >= 0
nz-40 >= 0
jend-30 >= 0
L2-20 >= 0
-i+i'-1 >= 0
-j'+jend >= 0
-k'+nz-2 >= 0


--- Dep 27 from S5 to S2; satisfied: 0, sat level: -1; Type: WAR
on variable: u21
Dependence polyhedron
Set #1
[14 dims; 17 constraints]
-i+i' = 0
-iter+iter' = 0
iter >= 0
-iter+ITERA-1 >= 0
ITERA-10000 >= 0
i-L1 >= 0
-i+L2 >= 0
-j'+jend >= 0
j-jst >= 0
-k'+nz-2 >= 0
k'-1 >= 0
k-1 >= 0
-k+nz-2 >= 0
nz-40 >= 0
jend-30 >= 0
L2-20 >= 0
-j+j'-1 >= 0


--- Dep 28 from S5 to S2; satisfied: 0, sat level: -1; Type: WAR
on variable: u21
Dependence polyhedron
Set #1
[14 dims; 16 constraints]
-j+j' = 0
-i+i' = 0
-iter+iter' = 0
iter >= 0
-iter+ITERA-1 >= 0
ITERA-10000 >= 0
i-L1 >= 0
-i+L2 >= 0
L2-20 >= 0
j-jst >= 0
-j+jend >= 0
-k+k'-1 >= 0
k-1 >= 0
-k'+nz-2 >= 0
nz-40 >= 0
jend-30 >= 0


--- Dep 29 from S4 to S3; satisfied: 0, sat level: -1; Type: WAR
on variable: q
Dependence polyhedron
Set #1
[14 dims; 19 constraints]
iter >= 0
k'-1 >= 0
ITERA-10000 >= 0
i-L1 >= 0
-i+L2 >= 0
j'-jst >= 0
j-jst >= 0
-j+jend >= 0
-j'+jend >= 0
k-1 >= 0
-k+nz-2 >= 0
nz-40 >= 0
jend-30 >= 0
L2-20 >= 0
-iter+iter'-1 >= 0
-iter'+ITERA-1 >= 0
-k'+nz-2 >= 0
i'-L1 >= 0
-i'+L2 >= 0


--- Dep 30 from S4 to S3; satisfied: 0, sat level: -1; Type: WAR
on variable: q
Dependence polyhedron
Set #1
[14 dims; 18 constraints]
-iter+iter' = 0
iter >= 0
-iter+ITERA-1 >= 0
ITERA-10000 >= 0
i-L1 >= 0
j'-jst >= 0
-i'+L2 >= 0
j-jst >= 0
-j+jend >= 0
k'-1 >= 0
k-1 >= 0
-k+nz-2 >= 0
nz-40 >= 0
jend-30 >= 0
L2-20 >= 0
-i+i'-1 >= 0
-j'+jend >= 0
-k'+nz-2 >= 0


--- Dep 31 from S4 to S3; satisfied: 0, sat level: -1; Type: WAR
on variable: q
Dependence polyhedron
Set #1
[14 dims; 17 constraints]
-i+i' = 0
-iter+iter' = 0
iter >= 0
-iter+ITERA-1 >= 0
ITERA-10000 >= 0
i-L1 >= 0
-i+L2 >= 0
-j'+jend >= 0
j-jst >= 0
-k'+nz-2 >= 0
k'-1 >= 0
k-1 >= 0
-k+nz-2 >= 0
nz-40 >= 0
jend-30 >= 0
L2-20 >= 0
-j+j'-1 >= 0


--- Dep 32 from S4 to S3; satisfied: 0, sat level: -1; Type: WAR
on variable: q
Dependence polyhedron
Set #1
[14 dims; 16 constraints]
-j+j' = 0
-i+i' = 0
-iter+iter' = 0
iter >= 0
-iter+ITERA-1 >= 0
ITERA-10000 >= 0
i-L1 >= 0
-i+L2 >= 0
L2-20 >= 0
j-jst >= 0
-j+jend >= 0
-k+k'-1 >= 0
k-1 >= 0
-k'+nz-2 >= 0
nz-40 >= 0
jend-30 >= 0


--- Dep 33 from S7 to S2; satisfied: 0, sat level: -1; Type: WAR
on variable: u21
Dependence polyhedron
Set #1
[14 dims; 19 constraints]
iter >= 0
k'-1 >= 0
ITERA-10000 >= 0
i-L1 >= 0
-i+L2 >= 0
j'-jst >= 0
j-jst >= 0
-j+jend >= 0
-j'+jend >= 0
k-1 >= 0
-k+nz-2 >= 0
nz-40 >= 0
jend-30 >= 0
L2-20 >= 0
-iter+iter'-1 >= 0
-iter'+ITERA-1 >= 0
-k'+nz-2 >= 0
i'-L1 >= 0
-i'+L2 >= 0


--- Dep 34 from S7 to S2; satisfied: 0, sat level: -1; Type: WAR
on variable: u21
Dependence polyhedron
Set #1
[14 dims; 18 constraints]
-iter+iter' = 0
iter >= 0
-iter+ITERA-1 >= 0
ITERA-10000 >= 0
i-L1 >= 0
j'-jst >= 0
-i'+L2 >= 0
j-jst >= 0
-j+jend >= 0
k'-1 >= 0
k-1 >= 0
-k+nz-2 >= 0
nz-40 >= 0
jend-30 >= 0
L2-20 >= 0
-i+i'-1 >= 0
-j'+jend >= 0
-k'+nz-2 >= 0


--- Dep 35 from S7 to S2; satisfied: 0, sat level: -1; Type: WAR
on variable: u21
Dependence polyhedron
Set #1
[14 dims; 17 constraints]
-i+i' = 0
-iter+iter' = 0
iter >= 0
-iter+ITERA-1 >= 0
ITERA-10000 >= 0
i-L1 >= 0
-i+L2 >= 0
-j'+jend >= 0
j-jst >= 0
-k'+nz-2 >= 0
k'-1 >= 0
k-1 >= 0
-k+nz-2 >= 0
nz-40 >= 0
jend-30 >= 0
L2-20 >= 0
-j+j'-1 >= 0


--- Dep 36 from S7 to S2; satisfied: 0, sat level: -1; Type: WAR
on variable: u21
Dependence polyhedron
Set #1
[14 dims; 16 constraints]
-j+j' = 0
-i+i' = 0
-iter+iter' = 0
iter >= 0
-iter+ITERA-1 >= 0
ITERA-10000 >= 0
i-L1 >= 0
-i+L2 >= 0
L2-20 >= 0
j-jst >= 0
-j+jend >= 0
-k+k'-1 >= 0
k-1 >= 0
-k'+nz-2 >= 0
nz-40 >= 0
jend-30 >= 0


--- Dep 37 from S6 to S2; satisfied: 0, sat level: -1; Type: WAR
on variable: u21
Dependence polyhedron
Set #1
[14 dims; 19 constraints]
iter >= 0
k'-1 >= 0
ITERA-10000 >= 0
i-L1 >= 0
-i+L2 >= 0
j'-jst >= 0
j-jst >= 0
-j+jend >= 0
-j'+jend >= 0
k-1 >= 0
-k+nz-2 >= 0
nz-40 >= 0
jend-30 >= 0
L2-20 >= 0
-iter+iter'-1 >= 0
-iter'+ITERA-1 >= 0
-k'+nz-2 >= 0
i'-L1 >= 0
-i'+L2 >= 0


--- Dep 38 from S6 to S2; satisfied: 0, sat level: -1; Type: WAR
on variable: u21
Dependence polyhedron
Set #1
[14 dims; 18 constraints]
-iter+iter' = 0
iter >= 0
-iter+ITERA-1 >= 0
ITERA-10000 >= 0
i-L1 >= 0
j'-jst >= 0
-i'+L2 >= 0
j-jst >= 0
-j+jend >= 0
k'-1 >= 0
k-1 >= 0
-k+nz-2 >= 0
nz-40 >= 0
jend-30 >= 0
L2-20 >= 0
-i+i'-1 >= 0
-j'+jend >= 0
-k'+nz-2 >= 0


--- Dep 39 from S6 to S2; satisfied: 0, sat level: -1; Type: WAR
on variable: u21
Dependence polyhedron
Set #1
[14 dims; 17 constraints]
-i+i' = 0
-iter+iter' = 0
iter >= 0
-iter+ITERA-1 >= 0
ITERA-10000 >= 0
i-L1 >= 0
-i+L2 >= 0
-j'+jend >= 0
j-jst >= 0
-k'+nz-2 >= 0
k'-1 >= 0
k-1 >= 0
-k+nz-2 >= 0
nz-40 >= 0
jend-30 >= 0
L2-20 >= 0
-j+j'-1 >= 0


--- Dep 40 from S6 to S2; satisfied: 0, sat level: -1; Type: WAR
on variable: u21
Dependence polyhedron
Set #1
[14 dims; 16 constraints]
-j+j' = 0
-i+i' = 0
-iter+iter' = 0
iter >= 0
-iter+ITERA-1 >= 0
ITERA-10000 >= 0
i-L1 >= 0
-i+L2 >= 0
L2-20 >= 0
j-jst >= 0
-j+jend >= 0
-k+k'-1 >= 0
k-1 >= 0
-k'+nz-2 >= 0
nz-40 >= 0
jend-30 >= 0


--- Dep 41 from S4 to S2; satisfied: 0, sat level: -1; Type: WAR
on variable: u21
Dependence polyhedron
Set #1
[14 dims; 19 constraints]
iter >= 0
k'-1 >= 0
ITERA-10000 >= 0
i-L1 >= 0
-i+L2 >= 0
j'-jst >= 0
j-jst >= 0
-j+jend >= 0
-j'+jend >= 0
k-1 >= 0
-k+nz-2 >= 0
nz-40 >= 0
jend-30 >= 0
L2-20 >= 0
-iter+iter'-1 >= 0
-iter'+ITERA-1 >= 0
-k'+nz-2 >= 0
i'-L1 >= 0
-i'+L2 >= 0


--- Dep 42 from S4 to S2; satisfied: 0, sat level: -1; Type: WAR
on variable: u21
Dependence polyhedron
Set #1
[14 dims; 18 constraints]
-iter+iter' = 0
iter >= 0
-iter+ITERA-1 >= 0
ITERA-10000 >= 0
i-L1 >= 0
j'-jst >= 0
-i'+L2 >= 0
j-jst >= 0
-j+jend >= 0
k'-1 >= 0
k-1 >= 0
-k+nz-2 >= 0
nz-40 >= 0
jend-30 >= 0
L2-20 >= 0
-i+i'-1 >= 0
-j'+jend >= 0
-k'+nz-2 >= 0


--- Dep 43 from S4 to S2; satisfied: 0, sat level: -1; Type: WAR
on variable: u21
Dependence polyhedron
Set #1
[14 dims; 17 constraints]
-i+i' = 0
-iter+iter' = 0
iter >= 0
-iter+ITERA-1 >= 0
ITERA-10000 >= 0
i-L1 >= 0
-i+L2 >= 0
-j'+jend >= 0
j-jst >= 0
-k'+nz-2 >= 0
k'-1 >= 0
k-1 >= 0
-k+nz-2 >= 0
nz-40 >= 0
jend-30 >= 0
L2-20 >= 0
-j+j'-1 >= 0


--- Dep 44 from S4 to S2; satisfied: 0, sat level: -1; Type: WAR
on variable: u21
Dependence polyhedron
Set #1
[14 dims; 16 constraints]
-j+j' = 0
-i+i' = 0
-iter+iter' = 0
iter >= 0
-iter+ITERA-1 >= 0
ITERA-10000 >= 0
i-L1 >= 0
-i+L2 >= 0
L2-20 >= 0
j-jst >= 0
-j+jend >= 0
-k+k'-1 >= 0
k-1 >= 0
-k'+nz-2 >= 0
nz-40 >= 0
jend-30 >= 0


--- Dep 45 from S7 to S3; satisfied: 0, sat level: -1; Type: WAR
on variable: q
Dependence polyhedron
Set #1
[14 dims; 19 constraints]
iter >= 0
k'-1 >= 0
ITERA-10000 >= 0
i-L1 >= 0
-i+L2 >= 0
j'-jst >= 0
j-jst >= 0
-j+jend >= 0
-j'+jend >= 0
k-1 >= 0
-k+nz-2 >= 0
nz-40 >= 0
jend-30 >= 0
L2-20 >= 0
-iter+iter'-1 >= 0
-iter'+ITERA-1 >= 0
-k'+nz-2 >= 0
i'-L1 >= 0
-i'+L2 >= 0


--- Dep 46 from S7 to S3; satisfied: 0, sat level: -1; Type: WAR
on variable: q
Dependence polyhedron
Set #1
[14 dims; 18 constraints]
-iter+iter' = 0
iter >= 0
-iter+ITERA-1 >= 0
ITERA-10000 >= 0
i-L1 >= 0
j'-jst >= 0
-i'+L2 >= 0
j-jst >= 0
-j+jend >= 0
k'-1 >= 0
k-1 >= 0
-k+nz-2 >= 0
nz-40 >= 0
jend-30 >= 0
L2-20 >= 0
-i+i'-1 >= 0
-j'+jend >= 0
-k'+nz-2 >= 0


--- Dep 47 from S7 to S3; satisfied: 0, sat level: -1; Type: WAR
on variable: q
Dependence polyhedron
Set #1
[14 dims; 17 constraints]
-i+i' = 0
-iter+iter' = 0
iter >= 0
-iter+ITERA-1 >= 0
ITERA-10000 >= 0
i-L1 >= 0
-i+L2 >= 0
-j'+jend >= 0
j-jst >= 0
-k'+nz-2 >= 0
k'-1 >= 0
k-1 >= 0
-k+nz-2 >= 0
nz-40 >= 0
jend-30 >= 0
L2-20 >= 0
-j+j'-1 >= 0


--- Dep 48 from S7 to S3; satisfied: 0, sat level: -1; Type: WAR
on variable: q
Dependence polyhedron
Set #1
[14 dims; 16 constraints]
-j+j' = 0
-i+i' = 0
-iter+iter' = 0
iter >= 0
-iter+ITERA-1 >= 0
ITERA-10000 >= 0
i-L1 >= 0
-i+L2 >= 0
L2-20 >= 0
j-jst >= 0
-j+jend >= 0
-k+k'-1 >= 0
k-1 >= 0
-k'+nz-2 >= 0
nz-40 >= 0
jend-30 >= 0


--- Dep 49 from S3 to S3; satisfied: 0, sat level: -1; Type: WAW
on variable: q
Dependence polyhedron
Set #1
[14 dims; 19 constraints]
iter >= 0
k'-1 >= 0
ITERA-10000 >= 0
i-L1 >= 0
-i+L2 >= 0
j'-jst >= 0
j-jst >= 0
-j+jend >= 0
-j'+jend >= 0
k-1 >= 0
-k+nz-2 >= 0
nz-40 >= 0
jend-30 >= 0
L2-20 >= 0
-iter+iter'-1 >= 0
-iter'+ITERA-1 >= 0
-k'+nz-2 >= 0
i'-L1 >= 0
-i'+L2 >= 0


--- Dep 50 from S3 to S3; satisfied: 0, sat level: -1; Type: WAW
on variable: q
Dependence polyhedron
Set #1
[14 dims; 18 constraints]
-iter+iter' = 0
iter >= 0
-iter+ITERA-1 >= 0
ITERA-10000 >= 0
i-L1 >= 0
j'-jst >= 0
-i'+L2 >= 0
j-jst >= 0
-j+jend >= 0
k'-1 >= 0
k-1 >= 0
-k+nz-2 >= 0
nz-40 >= 0
jend-30 >= 0
L2-20 >= 0
-i+i'-1 >= 0
-j'+jend >= 0
-k'+nz-2 >= 0


--- Dep 51 from S3 to S3; satisfied: 0, sat level: -1; Type: WAW
on variable: q
Dependence polyhedron
Set #1
[14 dims; 17 constraints]
-i+i' = 0
-iter+iter' = 0
iter >= 0
-iter+ITERA-1 >= 0
ITERA-10000 >= 0
i-L1 >= 0
-i+L2 >= 0
-j'+jend >= 0
j-jst >= 0
-k'+nz-2 >= 0
k'-1 >= 0
k-1 >= 0
-k+nz-2 >= 0
nz-40 >= 0
jend-30 >= 0
L2-20 >= 0
-j+j'-1 >= 0


--- Dep 52 from S3 to S3; satisfied: 0, sat level: -1; Type: WAW
on variable: q
Dependence polyhedron
Set #1
[14 dims; 16 constraints]
-j+j' = 0
-i+i' = 0
-iter+iter' = 0
iter >= 0
-iter+ITERA-1 >= 0
ITERA-10000 >= 0
i-L1 >= 0
-i+L2 >= 0
L2-20 >= 0
j-jst >= 0
-j+jend >= 0
-k+k'-1 >= 0
k-1 >= 0
-k'+nz-2 >= 0
nz-40 >= 0
jend-30 >= 0


--- Dep 53 from S1 to S1; satisfied: 0, sat level: -1; Type: WAW
on variable: flux
Dependence polyhedron
Set #1
[14 dims; 20 constraints]
-k+k' = 0
-j+j' = 0
-i+i' = 0
iter >= 0
-iter+ITERA-1 >= 0
ITERA-10000 >= 0
i-L1 >= 0
-i+L2 >= 0
-L1+L2 >= 0
j-jst >= 0
-j+jend >= 0
-jst+jend >= 0
k-1 >= 0
-k+nz-2 >= 0
nz-40 >= 0
jend-30 >= 0
L2-20 >= 0
iter' >= 0
-iter'+ITERA-1 >= 0
-iter+iter'-1 >= 0


--- Dep 54 from S2 to S2; satisfied: 0, sat level: -1; Type: WAW
on variable: u21
Dependence polyhedron
Set #1
[14 dims; 19 constraints]
iter >= 0
k'-1 >= 0
ITERA-10000 >= 0
i-L1 >= 0
-i+L2 >= 0
j'-jst >= 0
j-jst >= 0
-j+jend >= 0
-j'+jend >= 0
k-1 >= 0
-k+nz-2 >= 0
nz-40 >= 0
jend-30 >= 0
L2-20 >= 0
-iter+iter'-1 >= 0
-iter'+ITERA-1 >= 0
-k'+nz-2 >= 0
i'-L1 >= 0
-i'+L2 >= 0


--- Dep 55 from S2 to S2; satisfied: 0, sat level: -1; Type: WAW
on variable: u21
Dependence polyhedron
Set #1
[14 dims; 18 constraints]
-iter+iter' = 0
iter >= 0
-iter+ITERA-1 >= 0
ITERA-10000 >= 0
i-L1 >= 0
j'-jst >= 0
-i'+L2 >= 0
j-jst >= 0
-j+jend >= 0
k'-1 >= 0
k-1 >= 0
-k+nz-2 >= 0
nz-40 >= 0
jend-30 >= 0
L2-20 >= 0
-i+i'-1 >= 0
-j'+jend >= 0
-k'+nz-2 >= 0


--- Dep 56 from S2 to S2; satisfied: 0, sat level: -1; Type: WAW
on variable: u21
Dependence polyhedron
Set #1
[14 dims; 17 constraints]
-i+i' = 0
-iter+iter' = 0
iter >= 0
-iter+ITERA-1 >= 0
ITERA-10000 >= 0
i-L1 >= 0
-i+L2 >= 0
-j'+jend >= 0
j-jst >= 0
-k'+nz-2 >= 0
k'-1 >= 0
k-1 >= 0
-k+nz-2 >= 0
nz-40 >= 0
jend-30 >= 0
L2-20 >= 0
-j+j'-1 >= 0


--- Dep 57 from S2 to S2; satisfied: 0, sat level: -1; Type: WAW
on variable: u21
Dependence polyhedron
Set #1
[14 dims; 16 constraints]
-j+j' = 0
-i+i' = 0
-iter+iter' = 0
iter >= 0
-iter+ITERA-1 >= 0
ITERA-10000 >= 0
i-L1 >= 0
-i+L2 >= 0
L2-20 >= 0
j-jst >= 0
-j+jend >= 0
-k+k'-1 >= 0
k-1 >= 0
-k'+nz-2 >= 0
nz-40 >= 0
jend-30 >= 0


--- Dep 58 from S4 to S4; satisfied: 0, sat level: -1; Type: WAW
on variable: flux
Dependence polyhedron
Set #1
[14 dims; 20 constraints]
-k+k' = 0
-j+j' = 0
-i+i' = 0
iter >= 0
-iter+ITERA-1 >= 0
ITERA-10000 >= 0
i-L1 >= 0
-i+L2 >= 0
-L1+L2 >= 0
j-jst >= 0
-j+jend >= 0
-jst+jend >= 0
k-1 >= 0
-k+nz-2 >= 0
nz-40 >= 0
jend-30 >= 0
L2-20 >= 0
iter' >= 0
-iter'+ITERA-1 >= 0
-iter+iter'-1 >= 0


--- Dep 59 from S6 to S6; satisfied: 0, sat level: -1; Type: WAW
on variable: flux
Dependence polyhedron
Set #1
[14 dims; 20 constraints]
-k+k' = 0
-j+j' = 0
-i+i' = 0
iter >= 0
-iter+ITERA-1 >= 0
ITERA-10000 >= 0
i-L1 >= 0
-i+L2 >= 0
-L1+L2 >= 0
j-jst >= 0
-j+jend >= 0
-jst+jend >= 0
k-1 >= 0
-k+nz-2 >= 0
nz-40 >= 0
jend-30 >= 0
L2-20 >= 0
iter' >= 0
-iter'+ITERA-1 >= 0
-iter+iter'-1 >= 0


--- Dep 60 from S5 to S5; satisfied: 0, sat level: -1; Type: WAW
on variable: flux
Dependence polyhedron
Set #1
[14 dims; 20 constraints]
-k+k' = 0
-j+j' = 0
-i+i' = 0
iter >= 0
-iter+ITERA-1 >= 0
ITERA-10000 >= 0
i-L1 >= 0
-i+L2 >= 0
-L1+L2 >= 0
j-jst >= 0
-j+jend >= 0
-jst+jend >= 0
k-1 >= 0
-k+nz-2 >= 0
nz-40 >= 0
jend-30 >= 0
L2-20 >= 0
iter' >= 0
-iter'+ITERA-1 >= 0
-iter+iter'-1 >= 0


--- Dep 61 from S7 to S7; satisfied: 0, sat level: -1; Type: WAW
on variable: flux
Dependence polyhedron
Set #1
[14 dims; 20 constraints]
-k+k' = 0
-j+j' = 0
-i+i' = 0
iter >= 0
-iter+ITERA-1 >= 0
ITERA-10000 >= 0
i-L1 >= 0
-i+L2 >= 0
-L1+L2 >= 0
j-jst >= 0
-j+jend >= 0
-jst+jend >= 0
k-1 >= 0
-k+nz-2 >= 0
nz-40 >= 0
jend-30 >= 0
L2-20 >= 0
iter' >= 0
-iter'+ITERA-1 >= 0
-iter+iter'-1 >= 0


[zyj-debug] After affine transformations
T(S1): (iter, i, j, k, 6)
loop types (loop, loop, loop, loop, scalar)

T(S2): (iter, i, j, k, 1)
loop types (loop, loop, loop, loop, scalar)

T(S3): (iter, i, j, k, 0)
loop types (loop, loop, loop, loop, scalar)

T(S4): (iter, i, j, k, 5)
loop types (loop, loop, loop, loop, scalar)

T(S5): (iter, i, j, k, 4)
loop types (loop, loop, loop, loop, scalar)

T(S6): (iter, i, j, k, 3)
loop types (loop, loop, loop, loop, scalar)

T(S7): (iter, i, j, k, 2)
loop types (loop, loop, loop, loop, scalar)

t1 --> serial   loop   (band 0)no-ujam
t2 --> serial   loop   (band 1)no-ujam
t3 --> serial   loop   (band 2)no-ujam
t4 --> serial   loop   (band 3)no-ujam
t5 --> fwd_dep  scalar (band 4)no-ujam

