param_name: ITERATIONS
param_val: 10000

param_name: n_
param_val: 20000

param_name: m_
param_val: 13

CONTEXT
2 4 0 0 0 2
# e/i| P1   P2 |  1  
   1    1    0 -10000    ## P1-10000 >= 0
   1    0    1 -20000    ## P2-20000 >= 0
[zyj-debug] Before affine transformations
S1 "dtemp[m] = ce[m][0] + xi * (ce[m][1] + xi * (ce[m][4] + xi * (ce[m][7] + xi * ce[m][10]))) + eta * (ce[m][2] + eta * (ce[m][5] + eta * (ce[m][8] + eta * ce[m][11]))) + zeta * (ce[m][3] + zeta * (ce[m][6] + zeta * (ce[m][9] + zeta * ce[m][12])));"
ndims: 2; orig_depth: 2
iterators: iter, m
Index set
Set #1
[4 dims; 6 constraints]
iter >= 0
-iter+ITERA-1 >= 0
ITERA-1 >= 0
m >= 0
-m+n_-1 >= 0
n_-1 >= 0

T(S1): (0, iter, 0, m, 0)
loop types (loop, loop, loop, loop, loop)

Read accesses
ce[m][0]
xi[0]
ce[m][1]
xi[0]
ce[m][4]
xi[0]
ce[m][7]
xi[0]
ce[m][10]
eta[0]
ce[m][2]
eta[0]
ce[m][5]
eta[0]
ce[m][8]
eta[0]
ce[m][11]
zeta[0]
ce[m][3]
zeta[0]
ce[m][6]
zeta[0]
ce[m][9]
zeta[0]
ce[m][12]
Write accesses
dtemp[m]
Original loop: 0 -> yes
Original loop: 1 -> yes

--- Dep 1 from S1 to S1; satisfied: 0, sat level: -1; Type: WAW
on variable: dtemp
Dependence polyhedron
Set #1
[6 dims; 10 constraints]
-m+m' = 0
iter >= 0
-iter+ITERA-1 >= 0
ITERA-10000 >= 0
m >= 0
-m+n_-1 >= 0
n_-20000 >= 0
iter' >= 0
-iter'+ITERA-1 >= 0
-iter+iter'-1 >= 0


[zyj-debug] After affine transformations
T(S1): (zT2, zT3, m, iter)
loop types (loop, loop, loop, loop)

t1 --> parallel loop   (band 0)no-ujam
t2 --> fwd_dep  loop   (band 0)no-ujam
t3 --> parallel loop   (band 0)no-ujam
t4 --> fwd_dep  loop   (band 0)no-ujam

